Log file open, 11/03/16 14:14:15
LogInit:Display: Running engine for game: Line
LogPlatformFile: Not using cached read wrapper
LogInit:Display: RandInit(-215448754) SRandInit(-215448754).
LogTaskGraph: Started task graph with 5 named threads and 8 total threads with 1 sets of task threads.
LogStats: Stats thread started at 0.167770
LogPluginManager: Loaded Plugin Paper2D, From D:/Unreal/Epic Games/4.13/Engine/Plugins/2D/Paper2D/Paper2D.uplugin
LogPluginManager: Loaded Plugin LightPropagationVolume, From D:/Unreal/Epic Games/4.13/Engine/Plugins/Blendables/LightPropagationVolume/LightPropagationVolume.uplugin
LogPluginManager: Loaded Plugin BlankPlugin, From D:/Unreal/Epic Games/4.13/Engine/Plugins/Developer/BlankPlugin/BlankPlugin.uplugin
LogPluginManager: Loaded Plugin CodeLiteSourceCodeAccess, From D:/Unreal/Epic Games/4.13/Engine/Plugins/Developer/CodeLiteSourceCodeAccess/CodeLiteSourceCodeAccess.uplugin
LogPluginManager: Loaded Plugin GitSourceControl, From D:/Unreal/Epic Games/4.13/Engine/Plugins/Developer/GitSourceControl/GitSourceControl.uplugin
LogPluginManager: Loaded Plugin KDevelopSourceCodeAccess, From D:/Unreal/Epic Games/4.13/Engine/Plugins/Developer/KDevelopSourceCodeAccess/KDevelopSourceCodeAccess.uplugin
LogPluginManager: Loaded Plugin NullSourceCodeAccess, From D:/Unreal/Epic Games/4.13/Engine/Plugins/Developer/NullSourceCodeAccess/NullSourceCodeAccess.uplugin
LogPluginManager: Loaded Plugin OneSkyLocalizationService, From D:/Unreal/Epic Games/4.13/Engine/Plugins/Developer/OneSkyLocalizationService/OneSkyLocalizationService.uplugin
LogPluginManager: Loaded Plugin PerforceSourceControl, From D:/Unreal/Epic Games/4.13/Engine/Plugins/Developer/PerforceSourceControl/PerforceSourceControl.uplugin
LogPluginManager: Loaded Plugin SubversionSourceControl, From D:/Unreal/Epic Games/4.13/Engine/Plugins/Developer/SubversionSourceControl/SubversionSourceControl.uplugin
LogPluginManager: Loaded Plugin UObjectPlugin, From D:/Unreal/Epic Games/4.13/Engine/Plugins/Developer/UObjectPlugin/UObjectPlugin.uplugin
LogPluginManager: Loaded Plugin VisualStudioSourceCodeAccess, From D:/Unreal/Epic Games/4.13/Engine/Plugins/Developer/VisualStudioSourceCodeAccess/VisualStudioSourceCodeAccess.uplugin
LogPluginManager: Loaded Plugin XCodeSourceCodeAccess, From D:/Unreal/Epic Games/4.13/Engine/Plugins/Developer/XCodeSourceCodeAccess/XCodeSourceCodeAccess.uplugin
LogPluginManager: Loaded Plugin EpicSurvey, From D:/Unreal/Epic Games/4.13/Engine/Plugins/Editor/EpicSurvey/EpicSurvey.uplugin
LogPluginManager: Loaded Plugin MacGraphicsSwitching, From D:/Unreal/Epic Games/4.13/Engine/Plugins/Editor/MacGraphicsSwitching/MacGraphicsSwitching.uplugin
LogPluginManager: Loaded Plugin MobileLauncherProfileWizard, From D:/Unreal/Epic Games/4.13/Engine/Plugins/Editor/MobileLauncherProfileWizard/MobileLauncherProfileWizard.uplugin
LogPluginManager: Loaded Plugin PluginBrowser, From D:/Unreal/Epic Games/4.13/Engine/Plugins/Editor/PluginBrowser/PluginBrowser.uplugin
LogPluginManager: Loaded Plugin SpeedTreeImporter, From D:/Unreal/Epic Games/4.13/Engine/Plugins/Editor/SpeedTreeImporter/SpeedTreeImporter.uplugin
LogPluginManager: Loaded Plugin SuperSearchEditor, From D:/Unreal/Epic Games/4.13/Engine/Plugins/Editor/SuperSearchEditor/SuperSearchEditor.uplugin
LogPluginManager: Loaded Plugin AlembicImporter, From D:/Unreal/Epic Games/4.13/Engine/Plugins/Experimental/AlembicImporter/AlembicImporter.uplugin
LogPluginManager: Loaded Plugin BlueprintStats, From D:/Unreal/Epic Games/4.13/Engine/Plugins/Experimental/BlueprintStats/BlueprintStats.uplugin
LogPluginManager: Loaded Plugin CharacterAI, From D:/Unreal/Epic Games/4.13/Engine/Plugins/Experimental/CharacterAI/CharacterAI.uplugin
LogPluginManager: Loaded Plugin CodeEditor, From D:/Unreal/Epic Games/4.13/Engine/Plugins/Experimental/CodeEditor/CodeEditor.uplugin
LogPluginManager: Loaded Plugin CodeView, From D:/Unreal/Epic Games/4.13/Engine/Plugins/Experimental/CodeView/CodeView.uplugin
LogPluginManager: Loaded Plugin HTML5Networking, From D:/Unreal/Epic Games/4.13/Engine/Plugins/Experimental/HTML5Networking/HTML5Networking.uplugin
LogPluginManager: Loaded Plugin LiveEditor, From D:/Unreal/Epic Games/4.13/Engine/Plugins/Experimental/LiveEditor/LiveEditor.uplugin
LogPluginManager: Loaded Plugin OSVR, From D:/Unreal/Epic Games/4.13/Engine/Plugins/Experimental/OSVR/OSVR.uplugin
LogPluginManager: Loaded Plugin Phya, From D:/Unreal/Epic Games/4.13/Engine/Plugins/Experimental/Phya/Phya.uplugin
LogPluginManager: Loaded Plugin SignificanceManager, From D:/Unreal/Epic Games/4.13/Engine/Plugins/Experimental/SignificanceManager/SignificanceManager.uplugin
LogPluginManager: Loaded Plugin SimpleHMD, From D:/Unreal/Epic Games/4.13/Engine/Plugins/Experimental/SimpleHMD/SimpleHMD.uplugin
LogPluginManager: Loaded Plugin StereoPanorama, From D:/Unreal/Epic Games/4.13/Engine/Plugins/Experimental/StereoPanorama/StereoPanorama.uplugin
LogPluginManager: Loaded Plugin StructBox, From D:/Unreal/Epic Games/4.13/Engine/Plugins/Experimental/StructBox/StructBox.uplugin
LogPluginManager: Loaded Plugin AndroidMedia, From D:/Unreal/Epic Games/4.13/Engine/Plugins/Media/AndroidMedia/AndroidMedia.uplugin
LogPluginManager: Loaded Plugin AvfMedia, From D:/Unreal/Epic Games/4.13/Engine/Plugins/Media/AvfMedia/AvfMedia.uplugin
LogPluginManager: Loaded Plugin MediaPlayerEditor, From D:/Unreal/Epic Games/4.13/Engine/Plugins/Media/MediaPlayerEditor/MediaPlayerEditor.uplugin
LogPluginManager: Loaded Plugin WmfMedia, From D:/Unreal/Epic Games/4.13/Engine/Plugins/Media/WmfMedia/WmfMedia.uplugin
LogPluginManager: Loaded Plugin MessagingDebugger, From D:/Unreal/Epic Games/4.13/Engine/Plugins/Messaging/MessagingDebugger/MessagingDebugger.uplugin
LogPluginManager: Loaded Plugin TcpMessaging, From D:/Unreal/Epic Games/4.13/Engine/Plugins/Messaging/TcpMessaging/TcpMessaging.uplugin
LogPluginManager: Loaded Plugin UdpMessaging, From D:/Unreal/Epic Games/4.13/Engine/Plugins/Messaging/UdpMessaging/UdpMessaging.uplugin
LogPluginManager: Loaded Plugin LevelSequenceEditor, From D:/Unreal/Epic Games/4.13/Engine/Plugins/MovieScene/LevelSequenceEditor/LevelSequenceEditor.uplugin
LogPluginManager: Loaded Plugin MatineeToLevelSequence, From D:/Unreal/Epic Games/4.13/Engine/Plugins/MovieScene/MatineeToLevelSequence/MatineeToLevelSequence.uplugin
LogPluginManager: Loaded Plugin NetcodeUnitTest, From D:/Unreal/Epic Games/4.13/Engine/Plugins/NetcodeUnitTest/NetcodeUnitTest/NetcodeUnitTest.uplugin
LogPluginManager: Loaded Plugin NUTUnrealEngine4, From D:/Unreal/Epic Games/4.13/Engine/Plugins/NetcodeUnitTest/NUTUnrealEngine4/NUTUnrealEngine4.uplugin
LogPluginManager: Loaded Plugin OnlineSubsystemGooglePlay, From D:/Unreal/Epic Games/4.13/Engine/Plugins/Online/Android/OnlineSubsystemGooglePlay/OnlineSubsystemGooglePlay.uplugin
LogPluginManager: Loaded Plugin OnlineSubsystemIOS, From D:/Unreal/Epic Games/4.13/Engine/Plugins/Online/IOS/OnlineSubsystemIOS/OnlineSubsystemIOS.uplugin
LogPluginManager: Loaded Plugin OnlineFramework, From D:/Unreal/Epic Games/4.13/Engine/Plugins/Online/OnlineFramework/OnlineFramework.uplugin
LogPluginManager: Loaded Plugin OnlineSubsystem, From D:/Unreal/Epic Games/4.13/Engine/Plugins/Online/OnlineSubsystem/OnlineSubsystem.uplugin
LogPluginManager: Loaded Plugin OnlineSubsystemAmazon, From D:/Unreal/Epic Games/4.13/Engine/Plugins/Online/OnlineSubsystemAmazon/OnlineSubsystemAmazon.uplugin
LogPluginManager: Loaded Plugin OnlineSubsystemFacebook, From D:/Unreal/Epic Games/4.13/Engine/Plugins/Online/OnlineSubsystemFacebook/OnlineSubsystemFacebook.uplugin
LogPluginManager: Loaded Plugin OnlineSubsystemNull, From D:/Unreal/Epic Games/4.13/Engine/Plugins/Online/OnlineSubsystemNull/OnlineSubsystemNull.uplugin
LogPluginManager: Loaded Plugin OnlineSubsystemOculus, From D:/Unreal/Epic Games/4.13/Engine/Plugins/Online/OnlineSubsystemOculus/OnlineSubsystemOculus.uplugin
LogPluginManager: Loaded Plugin OnlineSubsystemSteam, From D:/Unreal/Epic Games/4.13/Engine/Plugins/Online/OnlineSubsystemSteam/OnlineSubsystemSteam.uplugin
LogPluginManager: Loaded Plugin OnlineSubsystemUtils, From D:/Unreal/Epic Games/4.13/Engine/Plugins/Online/OnlineSubsystemUtils/OnlineSubsystemUtils.uplugin
LogPluginManager: Loaded Plugin IOSTapJoy, From D:/Unreal/Epic Games/4.13/Engine/Plugins/Runtime/Advertising/IOSTapJoy/IOSTapJoy.uplugin
LogPluginManager: Loaded Plugin AnalyticsBlueprintLibrary, From D:/Unreal/Epic Games/4.13/Engine/Plugins/Runtime/Analytics/AnalyticsBlueprintLibrary/AnalyticsBlueprintLibrary.uplugin
LogPluginManager: Loaded Plugin AnalyticsMulticast, From D:/Unreal/Epic Games/4.13/Engine/Plugins/Runtime/Analytics/AnalyticsMulticast/AnalyticsMulticast.uplugin
LogPluginManager: Loaded Plugin Apsalar, From D:/Unreal/Epic Games/4.13/Engine/Plugins/Runtime/Analytics/Apsalar/Apsalar.uplugin
LogPluginManager: Loaded Plugin FileLogging, From D:/Unreal/Epic Games/4.13/Engine/Plugins/Runtime/Analytics/FileLogging/FileLogging.uplugin
LogPluginManager: Loaded Plugin Flurry, From D:/Unreal/Epic Games/4.13/Engine/Plugins/Runtime/Analytics/Flurry/Flurry.uplugin
LogPluginManager: Loaded Plugin AndroidDeviceProfileSelector, From D:/Unreal/Epic Games/4.13/Engine/Plugins/Runtime/AndroidDeviceProfileSelector/AndroidDeviceProfileSelector.uplugin
LogPluginManager: Loaded Plugin AndroidMoviePlayer, From D:/Unreal/Epic Games/4.13/Engine/Plugins/Runtime/AndroidMoviePlayer/AndroidMoviePlayer.uplugin
LogPluginManager: Loaded Plugin AppleMoviePlayer, From D:/Unreal/Epic Games/4.13/Engine/Plugins/Runtime/AppleMoviePlayer/AppleMoviePlayer.uplugin
LogPluginManager: Loaded Plugin ArchVisCharacter, From D:/Unreal/Epic Games/4.13/Engine/Plugins/Runtime/ArchVisCharacter/ArchVisCharacter.uplugin
LogPluginManager: Loaded Plugin CableComponent, From D:/Unreal/Epic Games/4.13/Engine/Plugins/Runtime/CableComponent/CableComponent.uplugin
LogPluginManager: Loaded Plugin CustomMeshComponent, From D:/Unreal/Epic Games/4.13/Engine/Plugins/Runtime/CustomMeshComponent/CustomMeshComponent.uplugin
LogPluginManager: Loaded Plugin ExampleDeviceProfileSelector, From D:/Unreal/Epic Games/4.13/Engine/Plugins/Runtime/ExampleDeviceProfileSelector/ExampleDeviceProfileSelector.uplugin
LogPluginManager: Loaded Plugin GearVR, From D:/Unreal/Epic Games/4.13/Engine/Plugins/Runtime/GearVR/GearVR.uplugin
LogPluginManager: Loaded Plugin GoogleVRController, From D:/Unreal/Epic Games/4.13/Engine/Plugins/Runtime/GoogleVR/GoogleVRController/GoogleVRController.uplugin
LogPluginManager: Loaded Plugin GoogleVRHMD, From D:/Unreal/Epic Games/4.13/Engine/Plugins/Runtime/GoogleVR/GoogleVRHMD/GoogleVRHMD.uplugin
LogPluginManager: Loaded Plugin IOSDeviceProfileSelector, From D:/Unreal/Epic Games/4.13/Engine/Plugins/Runtime/IOSDeviceProfileSelector/IOSDeviceProfileSelector.uplugin
LogPluginManager: Loaded Plugin LeapMotion, From D:/Unreal/Epic Games/4.13/Engine/Plugins/Runtime/LeapMotion/LeapMotion.uplugin
LogPluginManager: Loaded Plugin LinuxDeviceProfileSelector, From D:/Unreal/Epic Games/4.13/Engine/Plugins/Runtime/LinuxDeviceProfileSelector/LinuxDeviceProfileSelector.uplugin
LogPluginManager: Loaded Plugin LiveEditorListenServer, From D:/Unreal/Epic Games/4.13/Engine/Plugins/Runtime/LiveEditorListenServer/LiveEditorListenServer.uplugin
LogPluginManager: Loaded Plugin OculusAudio, From D:/Unreal/Epic Games/4.13/Engine/Plugins/Runtime/OculusAudio/OculusAudio.uplugin
LogPluginManager: Loaded Plugin OculusInput, From D:/Unreal/Epic Games/4.13/Engine/Plugins/Runtime/OculusInput/OculusInput.uplugin
LogPluginManager: Loaded Plugin OculusLibrary, From D:/Unreal/Epic Games/4.13/Engine/Plugins/Runtime/OculusLibrary/OculusLibrary.uplugin
LogPluginManager: Loaded Plugin OculusRift, From D:/Unreal/Epic Games/4.13/Engine/Plugins/Runtime/OculusRift/OculusRift.uplugin
LogPluginManager: Loaded Plugin Oodle, From D:/Unreal/Epic Games/4.13/Engine/Plugins/Runtime/PacketHandlers/CompressionComponents/Oodle/Oodle.uplugin
LogPluginManager: Loaded Plugin ProceduralMeshComponent, From D:/Unreal/Epic Games/4.13/Engine/Plugins/Runtime/ProceduralMeshComponent/ProceduralMeshComponent.uplugin
LogPluginManager: Loaded Plugin SoundMod, From D:/Unreal/Epic Games/4.13/Engine/Plugins/Runtime/SoundMod/SoundMod.uplugin
LogPluginManager: Loaded Plugin SoundVisualizations, From D:/Unreal/Epic Games/4.13/Engine/Plugins/Runtime/SoundVisualizations/SoundVisualizations.uplugin
LogPluginManager: Loaded Plugin SteamController, From D:/Unreal/Epic Games/4.13/Engine/Plugins/Runtime/Steam/SteamController/SteamController.uplugin
LogPluginManager: Loaded Plugin SteamVR, From D:/Unreal/Epic Games/4.13/Engine/Plugins/Runtime/Steam/SteamVR/SteamVR.uplugin
LogPluginManager: Loaded Plugin WebBrowserWidget, From D:/Unreal/Epic Games/4.13/Engine/Plugins/Runtime/WebBrowserWidget/WebBrowserWidget.uplugin
LogPluginManager: Loaded Plugin WindowsDeviceProfileSelector, From D:/Unreal/Epic Games/4.13/Engine/Plugins/Runtime/WindowsDeviceProfileSelector/WindowsDeviceProfileSelector.uplugin
LogPluginManager: Loaded Plugin WindowsMoviePlayer, From D:/Unreal/Epic Games/4.13/Engine/Plugins/Runtime/WindowsMoviePlayer/WindowsMoviePlayer.uplugin
LogPluginManager: Loaded Plugin ScriptPlugin, From D:/Unreal/Epic Games/4.13/Engine/Plugins/ScriptPlugin/ScriptPlugin.uplugin
LogPluginManager: Loaded Plugin SlateRemote, From D:/Unreal/Epic Games/4.13/Engine/Plugins/Slate/SlateRemote/SlateRemote.uplugin
LogInit: Using libcurl 7.47.1
LogInit:  - built for x86_64-pc-win32
LogInit:  - supports SSL with WinSSL
LogInit:  - other features:
LogInit:      CURL_VERSION_SSL
LogInit:      CURL_VERSION_IPV6
LogInit:      CURL_VERSION_ASYNCHDNS
LogInit:      CURL_VERSION_LARGEFILE
LogInit:      CURL_VERSION_IDN
LogInit:  CurlRequestOptions (configurable via config and command line):
LogInit:  - bVerifyPeer = false  - Libcurl will NOT verify peer certificate
LogInit:  - bUseHttpProxy = false  - Libcurl will NOT use HTTP proxy
LogInit:  - bDontReuseConnections = false  - Libcurl will reuse connections
LogInit:  - CertBundlePath = nullptr  - Libcurl will use whatever was configured at build time.
LogModuleManager:Warning: No filename provided for module OnlineSubsystemLAN
LogModuleManager:Warning: ModuleManager: Unable to load module 'OnlineSubsystemLAN' because the file 'D:/Unreal/Epic Games/4.13/Engine/Binaries/Win64/' was not found.
LogInit: WinSock: version 1.1 (2.2), MaxSocks=32767, MaxUdp=65467
LogVoice:Warning: Failed to initialize voice interface
OCULUS: Info: [CAPI] LibOVR module is located at C:\Program Files\Oculus\Support\oculus-runtime\LibOVRRT64_1.dll
OCULUS: Debug: Connected to the server running version (prod = 1).1.9.0(build = 292703) feature version = 0. Client runs version (prod = 1).1.9.0(build = 292703) feature version = 0
OCULUS: Debug: [HMDState] Using default profile default
OCULUS: Info: IAD changed to 64.2mm
OCULUS: Debug: [SharedMemory] Creating factory
LogInit: Build: ++UE4+Release-4.13-CL-3172292
LogInit: Engine Version: 4.13.2-3172292+++UE4+Release-4.13
LogInit: Compatible Engine Version: 4.13.0-3106830+++UE4+Release-4.13
LogInit: Net CL: 3172292
LogDevObjectVersion: Number of dev versions registered: 13
LogDevObjectVersion:   Dev-Blueprints (B0D832E4-1F89-4F0D-ACCF-7EB736FD4AA2): 5
LogDevObjectVersion:   Dev-Build (E1C64328-A22C-4D53-A36C-8E866417BD8C): 0
LogDevObjectVersion:   Dev-Core (375EC13C-06E4-48FB-B500-84F0262A717E): 1
LogDevObjectVersion:   Dev-Editor (E4B068ED-F494-42E9-A231-DA0B2E46BB41): 6
LogDevObjectVersion:   Dev-Framework (CFFC743F-43B0-4480-9391-14DF171D2073): 12
LogDevObjectVersion:   Dev-Mobile (B02B49B5-BB20-44E9-A304-32B752E40360): 0
LogDevObjectVersion:   Dev-Networking (A4E4105C-59A1-49B5-A7C5-40C4547EDFEE): 0
LogDevObjectVersion:   Dev-Online (39C831C9-5AE6-47DC-9A44-9C173E1C8E7C): 0
LogDevObjectVersion:   Dev-Physics (78F01B33-EBEA-4F98-B9B4-84EACCB95AA2): 0
LogDevObjectVersion:   Dev-Platform (6631380F-2D4D-43E0-8009-CF276956A95A): 0
LogDevObjectVersion:   Dev-Rendering (12F88B9F-8875-4AFC-A67C-D90C383ABD29): 4
LogDevObjectVersion:   Dev-Sequencer (7B5AE74C-D270-4C10-A958-57980B212A5A): 0
LogDevObjectVersion:   Dev-VR (D7296918-1DD6-4BDD-9DE2-64A83CC13884): 0
LogInit: Compiled (64-bit): Oct 24 2016 14:29:06
LogInit: Compiled with Visual C++: 19.00.23026.00
LogInit: Build Configuration: Development
LogInit: Branch Name: ++UE4+Release-4.13
LogInit: Command line:  
LogInit: Base directory: D:/Unreal/Epic Games/4.13/Engine/Binaries/Win64/
LogInit: Installed Engine Build: 1
LogInit: Presizing for max 8388607 objects, including 0 objects not considered by GC, pre-allocating 0 bytes for permanent pool.
LogInit: Object subsystem initialized
[2016.11.03-13.14.15:702][  0]LogInit: Selected Device Profile: [Windows]
[2016.11.03-13.14.15:702][  0]LogInit: Applying CVar settings loaded from the selected device profile: [Windows]
[2016.11.03-13.14.15:709][  0]LogInit: Computer: ARK-DESKTOP-PC
[2016.11.03-13.14.15:709][  0]LogInit: User: ArkDesktop
[2016.11.03-13.14.15:709][  0]LogInit: CPU Page size=65536, Cores=4
[2016.11.03-13.14.15:709][  0]LogInit: High frequency timer resolution =3.225826 MHz
[2016.11.03-13.14.15:709][  0]LogMemory: Memory total: Physical=15.9GB (16GB approx)
[2016.11.03-13.14.15:709][  0]LogMemory: Platform Memory Stats for Windows
[2016.11.03-13.14.15:709][  0]LogMemory: Process Physical Memory: 270.58 MB used, 270.58 MB peak
[2016.11.03-13.14.15:709][  0]LogMemory: Process Virtual Memory: 267.92 MB used, 267.92 MB peak
[2016.11.03-13.14.15:709][  0]LogMemory: Physical Memory: 6035.68 MB used, 16278.30 MB total
[2016.11.03-13.14.15:709][  0]LogMemory: Virtual Memory: 670.73 MB used, 134217728.00 MB total
[2016.11.03-13.14.16:838][  0]LogTextLocalizationManager: No translations for ('de-DE') exist, falling back to 'en' for localization and internationalization data.
[2016.11.03-13.14.18:000][  0]LogD3D11RHI: D3D11 adapters:
[2016.11.03-13.14.18:475][  0]LogD3D11RHI:    0. 'NVIDIA GeForce GTX 970' (Feature Level 11_0)
[2016.11.03-13.14.18:475][  0]LogD3D11RHI:       4058/0/8139 MB DedicatedVideo/DedicatedSystem/SharedSystem, Outputs:2, VendorId:0x10de
[2016.11.03-13.14.18:820][  0]LogD3D11RHI:    1. 'Intel(R) HD Graphics' (Feature Level 11_0)
[2016.11.03-13.14.18:820][  0]LogD3D11RHI:       32/0/1760 MB DedicatedVideo/DedicatedSystem/SharedSystem, Outputs:0, VendorId:0x8086
[2016.11.03-13.14.18:822][  0]LogD3D11RHI:    2. 'Microsoft Basic Render Driver' (Feature Level 11_0)
[2016.11.03-13.14.18:822][  0]LogD3D11RHI:       0/0/8139 MB DedicatedVideo/DedicatedSystem/SharedSystem, Outputs:0, VendorId:0x1414
[2016.11.03-13.14.18:822][  0]LogD3D11RHI: Chosen D3D11 Adapter: 0
[2016.11.03-13.14.18:827][  0]LogD3D11RHI: Creating new Direct3DDevice
[2016.11.03-13.14.18:827][  0]LogD3D11RHI:     GPU DeviceId: 0x13c2 (for the marketing name, search the web for "GPU Device Id")
[2016.11.03-13.14.18:827][  0]LogWindows: EnumDisplayDevices:
[2016.11.03-13.14.18:827][  0]LogWindows:    0. 'NVIDIA GeForce GTX 970' (P:1 D:1)
[2016.11.03-13.14.18:827][  0]LogWindows:    1. 'NVIDIA GeForce GTX 970' (P:0 D:1)
[2016.11.03-13.14.18:828][  0]LogWindows:    2. 'NVIDIA GeForce GTX 970' (P:0 D:0)
[2016.11.03-13.14.18:828][  0]LogWindows:    3. 'NVIDIA GeForce GTX 970' (P:0 D:0)
[2016.11.03-13.14.18:828][  0]LogWindows:    4. 'Intel(R) HD Graphics' (P:0 D:0)
[2016.11.03-13.14.18:828][  0]LogWindows:    5. 'Intel(R) HD Graphics' (P:0 D:0)
[2016.11.03-13.14.18:828][  0]LogWindows:    6. 'Intel(R) HD Graphics' (P:0 D:0)
[2016.11.03-13.14.18:828][  0]LogWindows: DebugString: PrimaryIsNotTheChoosenAdapter PrimaryIsNotTheChoosenAdapter PrimaryIsNotTheChoosenAdapter FoundDriverCount:4 
[2016.11.03-13.14.18:828][  0]LogD3D11RHI:     Adapter Name: NVIDIA GeForce GTX 970
[2016.11.03-13.14.18:829][  0]LogD3D11RHI:   Driver Version: 375.57 (internal:21.21.13.7557, unified:375.57)
[2016.11.03-13.14.18:829][  0]LogD3D11RHI:      Driver Date: 10-18-2016
[2016.11.03-13.14.18:829][  0]LogRHI: Texture pool is 1361 MB (70% of 1945 MB)
[2016.11.03-13.14.19:749][  0]OCULUS: Info: [HMDState] Requested to SetForegroundWindow(8020all)
[2016.11.03-13.14.19:749][  0]OCULUS: Info: [HMDState] Requested to SetForegroundWindow(8020all)
[2016.11.03-13.14.19:749][  0]LogD3D11RHI: Async texture creation enabled
[2016.11.03-13.14.19:831][  0]LogD3D11RHI: GPU Timing Frequency: 1000.000000 (Debug: 2 1)
[2016.11.03-13.14.19:842][  0]LogShaderCompilers: Guid format shader working directory is 11 characters bigger than the processId version (../../../../../../Unreal Projects/Line/Intermediate/Shaders/WorkingDirectory/7396/).
[2016.11.03-13.14.19:843][  0]LogShaderCompilers: Cleaned the shader compiler working directory 'C:/Users/ARK-DE~1/AppData/Local/Temp/UnrealShaderWorkingDir/5CA372FA4FCF077FD125DDBA3C07EC8A/'.
[2016.11.03-13.14.19:843][  0]LogShaderCompilers:Display: Using Local Shader Compiler.
[2016.11.03-13.14.32:367][  0]LogTemp:Display: Loaded TP AllDesktopTargetPlatform
[2016.11.03-13.14.32:376][  0]LogTemp:Display: Loaded TP WindowsClientTargetPlatform
[2016.11.03-13.14.32:386][  0]LogTemp:Display: Loaded TP WindowsNoEditorTargetPlatform
[2016.11.03-13.14.32:396][  0]LogTemp:Display: Loaded TP WindowsServerTargetPlatform
[2016.11.03-13.14.32:407][  0]LogTemp:Display: Loaded TP WindowsTargetPlatform
[2016.11.03-13.14.32:416][  0]LogTemp:Display: Loaded TP AndroidTargetPlatform
[2016.11.03-13.14.32:425][  0]LogTemp:Display: Loaded TP Android_ASTCTargetPlatform
[2016.11.03-13.14.32:434][  0]LogTemp:Display: Loaded TP Android_ATCTargetPlatform
[2016.11.03-13.14.32:444][  0]LogTemp:Display: Loaded TP Android_DXTTargetPlatform
[2016.11.03-13.14.32:452][  0]LogTemp:Display: Loaded TP Android_ETC1TargetPlatform
[2016.11.03-13.14.32:462][  0]LogTemp:Display: Loaded TP Android_ETC2TargetPlatform
[2016.11.03-13.14.32:480][  0]LogTemp:Display: Loaded TP Android_MultiTargetPlatform
[2016.11.03-13.14.32:480][  0]LogTemp:Display: Loaded TP Android_PVRTCTargetPlatform
[2016.11.03-13.14.32:483][  0]LogTemp:Display: Loaded TP HTML5TargetPlatform
[2016.11.03-13.14.32:515][  0]LogTemp:Display: Loaded TP IOSTargetPlatform
[2016.11.03-13.14.32:521][  0]LogTemp:Display: Loaded TP TVOSTargetPlatform
[2016.11.03-13.14.32:529][  0]LogTemp:Display: Loaded TP LinuxClientTargetPlatform
[2016.11.03-13.14.32:537][  0]LogTemp:Display: Loaded TP LinuxNoEditorTargetPlatform
[2016.11.03-13.14.32:545][  0]LogTemp:Display: Loaded TP LinuxServerTargetPlatform
[2016.11.03-13.14.32:555][  0]LogTemp:Display: Loaded TP LinuxTargetPlatform
[2016.11.03-13.14.32:555][  0]LogTargetPlatformManager:Display: Building Assets For Windows
[2016.11.03-13.14.33:031][  0]LogDerivedDataCache:Display: Max Cache Size: 512 MB
[2016.11.03-13.14.43:722][  0]OCULUS: Info: [HMDState] Requested to SetForegroundWindow(8020all)
[2016.11.03-13.14.43:722][  0]LogDerivedDataCache: Loaded boot cache 10.69s 63MB C:/Users/Ark-Desktop/AppData/Local/UnrealEngine/4.13/DerivedDataCache/Boot.ddc.
[2016.11.03-13.14.43:722][  0]LogDerivedDataCache:Display: Loaded Boot cache: C:/Users/Ark-Desktop/AppData/Local/UnrealEngine/4.13/DerivedDataCache/Boot.ddc
[2016.11.03-13.14.43:722][  0]LogDerivedDataCache: FDerivedDataBackendGraph:  Pak pak cache file ../../../../../../Unreal Projects/Line/DerivedDataCache/DDC.ddp not found, will not use a pak cache.
[2016.11.03-13.14.43:722][  0]LogDerivedDataCache: Unable to find inner node Pak for hierarchical cache Hierarchy.
[2016.11.03-13.14.43:722][  0]LogDerivedDataCache: FDerivedDataBackendGraph:  CompressedPak pak cache file ../../../../../../Unreal Projects/Line/DerivedDataCache/Compressed.ddp not found, will not use a pak cache.
[2016.11.03-13.14.43:722][  0]LogDerivedDataCache: Unable to find inner node CompressedPak for hierarchical cache Hierarchy.
[2016.11.03-13.14.43:748][  0]LogDerivedDataCache:Display: Pak cache opened for reading ../../../Engine/DerivedDataCache/Compressed.ddp.
[2016.11.03-13.14.43:764][  0]LogDerivedDataCache: Using Local data cache path C:/Users/Ark-Desktop/AppData/Local/UnrealEngine/Common/DerivedDataCache: Writable
[2016.11.03-13.14.44:695][  0]LogInit: Selected Device Profile: [Windows]
[2016.11.03-13.14.44:896][  0]LogContentStreaming: Texture pool size is 0.00 MB
[2016.11.03-13.14.45:026][  0]LogMeshUtilities: No automatic mesh reduction module available
[2016.11.03-13.14.45:026][  0]LogMeshUtilities: No automatic mesh merging module available
[2016.11.03-13.14.45:026][  0]LogMeshUtilities: No distributed automatic mesh merging module available
[2016.11.03-13.14.45:270][  0]LogMaterial: Uniform references updated for custom material expression Custom.
[2016.11.03-13.14.48:046][  0]LogNetVersion: GetLocalNetworkVersion: CL: 3106830, ProjectName: line, ProjectVersion: , EngineNetworkVersion: 1, GameNetworkVersion: 0, NetworkChecksum: 545117513
[2016.11.03-13.14.48:107][  0]LogAssetRegistry: FAssetRegistry took 0.0256 seconds to start up
[2016.11.03-13.14.48:132][  0]LogPackageLocalizationCache: Processed 3 localized package path(s) for 1 prioritized culture(s) in 0.011794 seconds
[2016.11.03-13.14.48:140][  0]LogUObjectArray: 29778 objects as part of root set at end of initial load.
[2016.11.03-13.14.48:140][  0]LogUObjectAllocator: 6125456 out of 0 bytes used by permanent object pool.
[2016.11.03-13.14.48:140][  0]LogUObjectArray: CloseDisregardForGC: 0/0 objects in disregard for GC pool
[2016.11.03-13.14.49:041][  0]LogSlate: SlateFontCache - WITH_FREETYPE: 1, WITH_HARFBUZZ: 1
[2016.11.03-13.14.49:041][  0]LogSlate: SlateFontCache - WITH_FREETYPE: 1, WITH_HARFBUZZ: 1
[2016.11.03-13.14.50:700][  0]LogTcpMessaging: Initializing TcpMessaging bridge
[2016.11.03-13.14.50:727][  0]LogUdpMessaging: Initializing bridge on interface 0.0.0.0:0 to multicast group 230.0.0.1:6666.
[2016.11.03-13.14.51:146][  0]SourceControl: Info Source control is disabled
[2016.11.03-13.14.51:489][  0]SourceControl: Info Source control is disabled
[2016.11.03-13.14.51:516][  0]SourceControl: Info Source control is disabled
[2016.11.03-13.14.51:532][  0]SourceControl: Info Source control is disabled
[2016.11.03-13.14.52:097][  0]LogEngine: Initializing Engine...
[2016.11.03-13.14.52:101][  0]LogHMD: Oculus plugin initialized. Version: 4.13.2-3172292+++UE4+Release-4.13, LibOVR: 1.9.0, SDK: 1.6.0, built Oct 24 2016, 14:31:11
[2016.11.03-13.14.52:430][  0]OCULUS: Debug: [HMDState] Using default profile default
[2016.11.03-13.14.52:430][  0]OCULUS: Info: IAD changed to 64.2mm
[2016.11.03-13.14.52:430][  0]OCULUS: Info: [HMDState] Requested to SetForegroundWindow(8020all)
[2016.11.03-13.14.52:506][  0]LogAIModule: Creating AISystem for world Untitled
[2016.11.03-13.14.52:577][  0]LogInit: XAudio2 using 'Lautsprecher (Realtek High Definition Audio)' : 2 channels at 48 kHz using 32 bits per sample (channel mask 0x3)
[2016.11.03-13.14.52:604][  0]LogInit: FAudioDevice initialized.
[2016.11.03-13.14.52:631][  0]LogDerivedDataCache: Saved boot cache 0.03s 63MB C:/Users/Ark-Desktop/AppData/Local/UnrealEngine/4.13/DerivedDataCache/Boot.ddc.
[2016.11.03-13.14.52:636][  0]LogInit: Texture streaming: Enabled
[2016.11.03-13.14.52:686][  0]LogInit: Transaction tracking system initialized
[2016.11.03-13.14.52:767][  0]BlueprintLog: New page: Editor Load
[2016.11.03-13.14.53:034][  0]LocalizationService: Info Localization service is disabled
[2016.11.03-13.14.53:228][  0]LogConsoleResponse:Display: 
[2016.11.03-13.14.53:983][  0]LogCook:Display: Max memory allowance for cook 16384mb min free memory 0mb
[2016.11.03-13.14.53:983][  0]LogCook:Display: Mobile HDR setting 1
[2016.11.03-13.14.54:437][  0]LogFileCache: Scanning file cache for directory 'D:/Unreal Projects/Line/Content/' took 0.01s
[2016.11.03-13.14.54:437][  0]SourceControl: Info Source control is disabled
[2016.11.03-13.14.54:439][  0]Cmd: MAP LOAD FILE="../../../../../../Unreal Projects/Line/Content/UnlimitedMultiplayer/EntryPoint.umap" TEMPLATE=0 SHOWPROGRESS=1 FEATURELEVEL=3
[2016.11.03-13.14.54:441][  0]LightingResults: New page: Lighting Build
[2016.11.03-13.14.54:457][  0]MapCheck: New page: Map Check
[2016.11.03-13.14.54:457][  0]LightingResults: New page: Lighting Build
[2016.11.03-13.14.54:615][  0]LogAIModule: Creating AISystem for world EntryPoint
[2016.11.03-13.14.54:631][  0]LogEditorServer: Finished looking for orphan Actors (0.000 secs)
[2016.11.03-13.14.54:635][  0]Cmd: MAP CHECKDEP NOCLEARLOG
[2016.11.03-13.14.54:666][  0]MapCheck: Info Map check complete: 0 Error(s), 0 Warning(s), took 30.369ms to complete.
[2016.11.03-13.14.54:666][  0]LogFileHelpers: Loading map 'EntryPoint' took 0.228
[2016.11.03-13.14.54:908][  0]LogCollectionManager: Loaded 0 collections in 0.002360 seconds
[2016.11.03-13.14.54:985][  0]LogFileCache: Scanning file cache for directory 'D:/Unreal Projects/Line/Saved/Collections/' took 0.01s
[2016.11.03-13.14.54:985][  0]LogFileCache: Scanning file cache for directory 'D:/Unreal Projects/Line/Content/Developers/ArkDesktop/Collections/' took 0.01s
[2016.11.03-13.14.54:985][  0]LogFileCache: Scanning file cache for directory 'D:/Unreal Projects/Line/Content/Collections/' took 0.01s
[2016.11.03-13.14.54:985][  0]LogCollectionManager: Rebuilt the GUID cache for 0 collections in 0.000003 seconds
[2016.11.03-13.14.54:999][  0]LogContentBrowser: Native class hierarchy populated in 0.0103 seconds. Added 2141 classes and 415 folders.
[2016.11.03-13.14.55:010][  0]LogStats: UGameplayTagsManager::ConstructGameplayTagTree: Construct from data asset -  0.000 s
[2016.11.03-13.14.55:011][  0]LogStats: UGameplayTagsManager::ConstructGameplayTagTree: GameplayTagTreeChangedEvent.Broadcast -  0.000 s
[2016.11.03-13.14.55:012][  0]LogContentBrowser: Native class hierarchy updated for 'GameplayTags' in 0.0005 seconds. Added 12 classes and 0 folders.
[2016.11.03-13.14.55:022][  0]LogContentBrowser: Native class hierarchy updated for 'WidgetCarousel' in 0.0006 seconds. Added 0 classes and 0 folders.
[2016.11.03-13.14.55:129][  0]LogContentBrowser: Native class hierarchy updated for 'AddContentDialog' in 0.0004 seconds. Added 0 classes and 0 folders.
[2016.11.03-13.14.55:168][  0]LogContentBrowser: Native class hierarchy updated for 'SceneOutliner' in 0.0005 seconds. Added 1 classes and 2 folders.
[2016.11.03-13.14.55:402][  0]LogCrashTracker: Crashtracker disabled due to settings.
[2016.11.03-13.14.55:452][  0]LogUObjectGlobals:Warning: Failed to find object 'Class None.'
[2016.11.03-13.14.55:495][  0]LogContentBrowser: Native class hierarchy updated for 'HierarchicalLODOutliner' in 0.0007 seconds. Added 1 classes and 2 folders.
[2016.11.03-13.14.55:495][  0]LogLoad: (Engine Initialization) Total time: 41.00 seconds
[2016.11.03-13.14.55:495][  0]LogLoad: (Engine Initialization) Total Blueprint compile time: 0.15 seconds
[2016.11.03-13.14.55:496][  0]LogExternalProfiler: Found external profiler: VSPerf
[2016.11.03-13.14.55:496][  0]LogExternalProfiler: Using external profiler: VSPerf
[2016.11.03-13.14.55:837][  0]LogOcInput: OculusInput pre-init called
[2016.11.03-13.14.55:849][  0]LogOcInput: OculusInput is initialized. Init status 0. Runtime version: 1.9.0
[2016.11.03-13.14.55:880][  0]LogContentStreaming: Texture pool size now 1000 MB
[2016.11.03-13.14.56:171][  0]LogRenderer: Reallocating scene render targets to support 1684x1064 (Frame:2).
[2016.11.03-13.14.56:756][  2]LogAssetRegistry: Asset discovery search completed in 8.6708 seconds
[2016.11.03-13.14.56:756][  2]LogCollectionManager: Rebuilt the object cache for 0 collections in 0.000001 seconds (found 0 objects)
[2016.11.03-13.14.56:756][  2]LogCollectionManager: Fixed up redirectors for 0 collections in 0.000045 seconds (updated 0 objects)
[2016.11.03-13.14.57:078][  3]ImportText (/Script/Slate.Anchors:Minimum): Missing opening parenthesis: X=0.000 Y=0.000
[2016.11.03-13.14.57:619][  3]ImportText (/Script/Slate.Anchors:Minimum): Missing opening parenthesis: X=0.000 Y=0.000
[2016.11.03-13.14.58:916][  3]LogContentBrowser: Native class hierarchy updated for 'BlueprintGraph' in 0.0009 seconds. Added 112 classes and 0 folders.
[2016.11.03-13.15.17:380][ 55]OCULUS: Info: [HMDState] Requested to SetForegroundWindow(60756ll)
[2016.11.03-13.15.17:380][ 55]OCULUS: Info: [HMDState] Requested to SetForegroundWindow(60756ll)
[2016.11.03-13.15.17:380][ 55]OCULUS: Info: [HMDState] Requested to SetForegroundWindow(60756ll)
[2016.11.03-13.15.17:705][ 56]OCULUS: Info: [HMDState] Requested to SetForegroundWindow(60756ll)
[2016.11.03-13.15.17:705][ 56]OCULUS: Info: [HMDState] Requested to SetForegroundWindow(60756ll)
[2016.11.03-13.15.18:772][114]OCULUS: Info: [HMDState] Requested to SetForegroundWindow(60756ll)
[2016.11.03-13.15.18:903][121]OCULUS: Info: [HMDState] Requested to SetForegroundWindow(60756ll)
[2016.11.03-13.31.46:227][645]LogPlayLevel: PlayLevel: No blueprints needed recompiling
[2016.11.03-13.31.46:229][645]OCULUS: Debug: [HMDState] Using default profile default
[2016.11.03-13.31.46:229][645]OCULUS: Info: IAD changed to 64.2mm
[2016.11.03-13.31.46:229][645]LogHMD: New ovr session is created
[2016.11.03-13.31.46:230][645]LogHMD: HMD Oculus Rift CV1, res = 2160 x 1200
[2016.11.03-13.31.46:249][645]PIE: New page: PIE session: EntryPoint (Nov 3, 2016, 3:31:46 PM)
[2016.11.03-13.31.46:249][645]LogPlayLevel: Creating play world package: /Game/UnlimitedMultiplayer/UEDPIE_1_EntryPoint
[2016.11.03-13.31.46:250][645]LogPlayLevel: PIE: StaticDuplicateObject took: (0.000759s)
[2016.11.03-13.31.46:251][645]LogAIModule: Creating AISystem for world EntryPoint
[2016.11.03-13.31.46:251][645]LogPlayLevel: PIE: World Init took: (0.000762s)
[2016.11.03-13.31.46:251][645]LogPlayLevel: PIE: Created PIE world by copying editor world from /Game/UnlimitedMultiplayer/EntryPoint.EntryPoint to /Game/UnlimitedMultiplayer/UEDPIE_1_EntryPoint.EntryPoint (0.001775s)
[2016.11.03-13.31.46:303][645]LogInit: XAudio2 using 'Lautsprecher (Realtek High Definition Audio)' : 2 channels at 48 kHz using 32 bits per sample (channel mask 0x3)
[2016.11.03-13.31.46:313][645]LogInit: FAudioDevice initialized.
[2016.11.03-13.31.46:362][645]LogWorld: Game class is 'GameMode_Entry_Client_C'
[2016.11.03-13.31.46:365][645]LogWorld: Bringing World /Game/UnlimitedMultiplayer/UEDPIE_1_EntryPoint.EntryPoint up for play (max tick rate 0) at 2016.11.03-14.31.46
[2016.11.03-13.31.46:366][645]LogWorld: Bringing up level for play took: 0.001036
[2016.11.03-13.31.46:378][645]LogVoice:Warning: Failed to initialize voice interface
[2016.11.03-13.31.46:398][645]LogContentBrowser: Native class hierarchy updated for 'MovieSceneCapture' in 0.0005 seconds. Added 11 classes and 0 folders.
[2016.11.03-13.31.46:398][645]LogGameMode:Display: Match State Changed from EnteringMap to WaitingToStart
[2016.11.03-13.31.46:398][645]LogGameState: Match State Changed from EnteringMap to WaitingToStart
[2016.11.03-13.31.46:398][645]LogGameMode:Display: Match State Changed from WaitingToStart to InProgress
[2016.11.03-13.31.46:405][645]LogGameState: Match State Changed from WaitingToStart to InProgress
[2016.11.03-13.31.46:405][645]PIE: Info Play in editor start time for /Game/UnlimitedMultiplayer/UEDPIE_1_EntryPoint -0.148
[2016.11.03-13.31.46:415][645]PIE: New page: PIE session: EntryPoint (Nov 3, 2016, 3:31:46 PM)
[2016.11.03-13.31.46:415][645]LogPlayLevel: Creating play world package: /Game/UnlimitedMultiplayer/UEDPIE_2_EntryPoint
[2016.11.03-13.31.46:416][645]LogPlayLevel: PIE: StaticDuplicateObject took: (0.000679s)
[2016.11.03-13.31.46:416][645]LogAIModule: Creating AISystem for world EntryPoint
[2016.11.03-13.31.46:417][645]LogPlayLevel: PIE: World Init took: (0.000717s)
[2016.11.03-13.31.46:417][645]LogPlayLevel: PIE: Created PIE world by copying editor world from /Game/UnlimitedMultiplayer/EntryPoint.EntryPoint to /Game/UnlimitedMultiplayer/UEDPIE_2_EntryPoint.EntryPoint (0.001615s)
[2016.11.03-13.31.46:503][645]LogWorld: Game class is 'GameMode_Entry_Client_C'
[2016.11.03-13.31.46:505][645]LogWorld: Bringing World /Game/UnlimitedMultiplayer/UEDPIE_2_EntryPoint.EntryPoint up for play (max tick rate 0) at 2016.11.03-14.31.46
[2016.11.03-13.31.46:505][645]LogWorld: Bringing up level for play took: 0.001189
[2016.11.03-13.31.46:516][645]LogVoice:Warning: Failed to initialize voice interface
[2016.11.03-13.31.46:517][645]LogGameMode:Display: Match State Changed from EnteringMap to WaitingToStart
[2016.11.03-13.31.46:517][645]LogGameState: Match State Changed from EnteringMap to WaitingToStart
[2016.11.03-13.31.46:517][645]LogGameMode:Display: Match State Changed from WaitingToStart to InProgress
[2016.11.03-13.31.46:518][645]LogGameState: Match State Changed from WaitingToStart to InProgress
[2016.11.03-13.31.46:523][645]PIE: Info Play in editor start time for /Game/UnlimitedMultiplayer/UEDPIE_2_EntryPoint -0.03
[2016.11.03-13.31.46:533][645]PIE: New page: PIE session: EntryPoint (Nov 3, 2016, 3:31:46 PM)
[2016.11.03-13.31.46:533][645]LogPlayLevel: Creating play world package: /Game/UnlimitedMultiplayer/UEDPIE_3_EntryPoint
[2016.11.03-13.31.46:534][645]LogPlayLevel: PIE: StaticDuplicateObject took: (0.000657s)
[2016.11.03-13.31.46:535][645]LogAIModule: Creating AISystem for world EntryPoint
[2016.11.03-13.31.46:535][645]LogPlayLevel: PIE: World Init took: (0.000995s)
[2016.11.03-13.31.46:535][645]LogPlayLevel: PIE: Created PIE world by copying editor world from /Game/UnlimitedMultiplayer/EntryPoint.EntryPoint to /Game/UnlimitedMultiplayer/UEDPIE_3_EntryPoint.EntryPoint (0.001892s)
[2016.11.03-13.31.46:615][645]LogWorld: Game class is 'GameMode_Entry_Client_C'
[2016.11.03-13.31.46:617][645]LogWorld: Bringing World /Game/UnlimitedMultiplayer/UEDPIE_3_EntryPoint.EntryPoint up for play (max tick rate 0) at 2016.11.03-14.31.46
[2016.11.03-13.31.46:617][645]LogWorld: Bringing up level for play took: 0.001129
[2016.11.03-13.31.46:628][645]LogVoice:Warning: Failed to initialize voice interface
[2016.11.03-13.31.46:629][645]LogGameMode:Display: Match State Changed from EnteringMap to WaitingToStart
[2016.11.03-13.31.46:629][645]LogGameState: Match State Changed from EnteringMap to WaitingToStart
[2016.11.03-13.31.46:629][645]LogGameMode:Display: Match State Changed from WaitingToStart to InProgress
[2016.11.03-13.31.46:631][645]LogGameState: Match State Changed from WaitingToStart to InProgress
[2016.11.03-13.31.46:634][645]PIE: Info Play in editor start time for /Game/UnlimitedMultiplayer/UEDPIE_3_EntryPoint 0.081
[2016.11.03-13.31.48:354][800]LogNetVersion: GetLocalNetworkVersion: CL: 3106830, ProjectName: line, ProjectVersion: 1.0.0.0, EngineNetworkVersion: 1, GameNetworkVersion: 0, NetworkChecksum: 2310219306
[2016.11.03-13.31.48:355][800]LogInit: WinSock: I am Ark-Desktop-PC (192.168.178.62:0)
[2016.11.03-13.31.48:358][800]LogBlueprintUserMessages: [UnlimitedMultiplayerGameInstance_C_1] CreatedSession
[2016.11.03-13.31.48:362][800]LogGameMode:Display: Match State Changed from InProgress to LeavingMap
[2016.11.03-13.31.48:362][800]LogGameState: Match State Changed from InProgress to LeavingMap
[2016.11.03-13.31.48:362][800]LogNet: Browse: /Game/UnlimitedMultiplayer/Game?listen
[2016.11.03-13.31.48:362][800]LogLoadingSplash: Loading begins
[2016.11.03-13.31.49:021][800]LogHMD: Allocated a new swap texture set (size 16 x 16, mipcount = 5), 0x00000225DDF83D20
[2016.11.03-13.31.49:021][800]LogHMD: FOculusRiftSplash::PushBlackFrame
[2016.11.03-13.31.49:021][800]LogHMD: FOculusRiftSplash::Show
[2016.11.03-13.31.49:021][800]LogLoad: LoadMap: /Game/UnlimitedMultiplayer/Game?listen
[2016.11.03-13.31.49:043][800]Cmd: MEM
[2016.11.03-13.31.49:060][800]LogMemory: Platform Memory Stats for Windows
[2016.11.03-13.31.49:061][800]LogMemory: Process Physical Memory: 1213.10 MB used, 1213.10 MB peak
[2016.11.03-13.31.49:061][800]LogMemory: Process Virtual Memory: 2175.84 MB used, 2176.00 MB peak
[2016.11.03-13.31.49:061][800]LogMemory: Physical Memory: 7519.82 MB used, 16278.30 MB total
[2016.11.03-13.31.49:061][800]LogMemory: Virtual Memory: 2941.73 MB used, 134217728.00 MB total
[2016.11.03-13.31.49:061][800]LogMemory: 
[2016.11.03-13.31.49:061][800]Allocator Stats for TBB: (not implemented)
[2016.11.03-13.31.49:577][800]LogAIModule: Creating AISystem for world Game
[2016.11.03-13.31.49:577][800]LogWorld: Game class is 'GameMode_Game_Client_C'
[2016.11.03-13.31.49:578][800]LogInit: WinSock: Socket queue 131072 / 131072
[2016.11.03-13.31.49:579][800]PacketHandlerLog: Loaded PacketHandler component: Engine.EngineHandlerComponentFactory (StatelessConnectHandlerComponent)
[2016.11.03-13.31.49:580][800]LogNet: GameNetDriver IpNetDriver_0 IpNetDriver listening on port 7777
[2016.11.03-13.31.49:582][800]LogWorld: Bringing World /Game/UnlimitedMultiplayer/UEDPIE_2_Game.Game up for play (max tick rate 0) at 2016.11.03-14.31.49
[2016.11.03-13.31.49:582][800]LogWorld: Bringing up level for play took: 0.001491
[2016.11.03-13.31.49:584][800]LogHMD: FOculusRiftSplash::Hide
[2016.11.03-13.31.49:585][800]LogHMD: Freeing textureSet 0x00000225DDF83D20
[2016.11.03-13.31.49:586][800]LogHMD: Allocated a new swap texture set (size 16 x 16, mipcount = 5), 0x00000225DDF83FE0
[2016.11.03-13.31.49:586][800]LogHMD: FOculusRiftSplash::PushBlackFrame
[2016.11.03-13.31.49:586][800]LogGameMode:Display: Match State Changed from EnteringMap to WaitingToStart
[2016.11.03-13.31.49:587][800]LogGameState: Match State Changed from EnteringMap to WaitingToStart
[2016.11.03-13.31.49:587][800]LogGameMode:Display: Match State Changed from WaitingToStart to InProgress
[2016.11.03-13.31.49:588][800]LogOnline:Warning: NULL: Can't start an online session (Game) in state InProgress
[2016.11.03-13.31.49:589][800]LogGameState: Match State Changed from WaitingToStart to InProgress
[2016.11.03-13.31.49:589][800]LogLoadingSplash: Loading ends
[2016.11.03-13.31.49:589][800]LogLoad: Took 0.567706 seconds to LoadMap(/Game/UnlimitedMultiplayer/Game)
[2016.11.03-13.31.55:786][371]LogBlueprintUserMessages: [UnlimitedMultiplayerGameInstance_C_0] FoundSession
[2016.11.03-13.31.55:786][371]LogBlueprintUserMessages: [UnlimitedMultiplayerGameInstance_C_0] JoinedSession
[2016.11.03-13.31.55:787][371]LogGameMode:Display: Match State Changed from InProgress to LeavingMap
[2016.11.03-13.31.55:787][371]LogGameState: Match State Changed from InProgress to LeavingMap
[2016.11.03-13.31.55:787][371]LogNet: Browse: 192.168.178.62//Game/UnlimitedMultiplayer/EntryPoint
[2016.11.03-13.31.55:787][371]LogInit: WinSock: Socket queue 32768 / 32768
[2016.11.03-13.31.55:787][371]PacketHandlerLog: Loaded PacketHandler component: Engine.EngineHandlerComponentFactory (StatelessConnectHandlerComponent)
[2016.11.03-13.31.55:788][371]LogNet: Game client on port 7777, rate 10000
[2016.11.03-13.31.55:789][371]LogNet: UPendingNetGame::InitNetDriver: Sending hello. [UNetConnection] RemoteAddr: 192.168.178.62:7777, Name: IpConnection_0, Driver: PendingNetDriver IpNetDriver_1, IsServer: NO, PC: NULL, Owner: NULL
[2016.11.03-13.31.55:790][371]LogHandshake: SendConnectChallenge. Timestamp: 7.434324, Cookie: 070144239128144209142220167077239187136166118146056108076222
[2016.11.03-13.31.55:800][372]LogHandshake: SendChallengeResponse. Timestamp: 7.434324, Cookie: 070144239128144209142220167077239187136166118146056108076222
[2016.11.03-13.31.55:801][372]LogNet: Server accepting post-challenge connection from: 192.168.178.62:65207
[2016.11.03-13.31.55:801][372]PacketHandlerLog: Loaded PacketHandler component: Engine.EngineHandlerComponentFactory (StatelessConnectHandlerComponent)
[2016.11.03-13.31.55:801][372]LogNet: NotifyAcceptedConnection: Name: Game, TimeStamp: 11/03/16 14:31:55, [UNetConnection] RemoteAddr: 192.168.178.62:65207, Name: IpConnection_1, Driver: GameNetDriver IpNetDriver_0, IsServer: YES, PC: NULL, Owner: NULL
[2016.11.03-13.31.55:801][372]LogNet: AddClientConnection: Added client connection: [UNetConnection] RemoteAddr: 192.168.178.62:65207, Name: IpConnection_1, Driver: GameNetDriver IpNetDriver_0, IsServer: YES, PC: NULL, Owner: NULL
[2016.11.03-13.31.56:003][391]LogNet: NotifyAcceptingChannel Control 0 server World /Game/UnlimitedMultiplayer/UEDPIE_2_Game.Game: Accepted
[2016.11.03-13.31.56:003][391]LogNet: Remote platform little endian=1
[2016.11.03-13.31.56:003][391]LogNet: This platform little endian=1
[2016.11.03-13.31.56:015][392]LogNet: Login request: /Game/UnlimitedMultiplayer/EntryPoint?Name=Ark-Desktop-PC-40821E8C4234EA725EC46DB5D5F39E9A userId: Ark-Desktop-PC-40821E8C4234EA725EC46DB5D5F39E9A
[2016.11.03-13.31.56:026][393]LogNet: Welcomed by server (Level: /Game/UnlimitedMultiplayer/UEDPIE_2_Game, Game: /Game/UnlimitedMultiplayer/GameMode/GameMode_Game_Client.GameMode_Game_Client_C)
[2016.11.03-13.31.56:027][393]LogLoadingSplash: Loading begins
[2016.11.03-13.31.56:028][393]LogHMD: Freeing textureSet 0x00000225DDF83FE0
[2016.11.03-13.31.56:029][393]LogHMD: Allocated a new swap texture set (size 16 x 16, mipcount = 5), 0x00000225DDF836F0
[2016.11.03-13.31.56:029][393]LogHMD: FOculusRiftSplash::PushBlackFrame
[2016.11.03-13.31.56:029][393]LogHMD: FOculusRiftSplash::Show
[2016.11.03-13.31.56:029][393]LogLoad: LoadMap: 192.168.178.62//Game/UnlimitedMultiplayer/UEDPIE_2_Game?game=/Game/UnlimitedMultiplayer/GameMode/GameMode_Game_Client.GameMode_Game_Client_C
[2016.11.03-13.31.56:043][393]LogHMD: FOculusRiftSplash::Tick, DELTA > 0.5 secs, ie: 0.0059 6.6737
[2016.11.03-13.31.56:044][393]Cmd: MEM
[2016.11.03-13.31.56:059][393]LogMemory: Platform Memory Stats for Windows
[2016.11.03-13.31.56:059][393]LogMemory: Process Physical Memory: 1253.30 MB used, 1259.65 MB peak
[2016.11.03-13.31.56:059][393]LogMemory: Process Virtual Memory: 2206.50 MB used, 2225.74 MB peak
[2016.11.03-13.31.56:059][393]LogMemory: Physical Memory: 7446.69 MB used, 16278.30 MB total
[2016.11.03-13.31.56:059][393]LogMemory: Virtual Memory: 2991.79 MB used, 134217728.00 MB total
[2016.11.03-13.31.56:059][393]LogMemory: 
[2016.11.03-13.31.56:059][393]Allocator Stats for TBB: (not implemented)
[2016.11.03-13.31.56:121][393]LogAIModule: Creating AISystem for world Game
[2016.11.03-13.31.56:123][393]LogWorld: Bringing World /Game/UnlimitedMultiplayer/UEDPIE_1_Game.Game up for play (max tick rate 0) at 2016.11.03-14.31.56
[2016.11.03-13.31.56:123][393]LogWorld: Bringing up level for play took: 0.001194
[2016.11.03-13.31.56:123][393]LogHMD: FOculusRiftSplash::Hide
[2016.11.03-13.31.56:124][393]LogHMD: Freeing textureSet 0x00000225DDF836F0
[2016.11.03-13.31.56:125][393]LogHMD: Allocated a new swap texture set (size 16 x 16, mipcount = 5), 0x00000225DDF83C70
[2016.11.03-13.31.56:125][393]LogHMD: FOculusRiftSplash::PushBlackFrame
[2016.11.03-13.31.56:125][393]LogLoadingSplash: Loading ends
[2016.11.03-13.31.56:126][393]LogLoad: Took 0.096556 seconds to LoadMap(/Game/UnlimitedMultiplayer/UEDPIE_2_Game)
[2016.11.03-13.31.56:126][393]LogNet: Client netspeed is 10000
[2016.11.03-13.31.56:126][393]LogNet: Join request: /Game/UnlimitedMultiplayer/EntryPoint?Name=Ark-Desktop-PC-40821E8C4234EA725EC46DB5D5F39E9A?SplitscreenCount=1
[2016.11.03-13.31.56:129][393]LogBlueprintUserMessages: [GameMode_Game_Client_C_0] Server: Trying to spawn game.
[2016.11.03-13.31.56:130][393]LogNet: Join succeeded: Ark-Desktop-PC-40821
[2016.11.03-13.31.57:373][504]LogBlueprintUserMessages: [UnlimitedMultiplayerGameInstance_C_2] FoundSession
[2016.11.03-13.31.57:373][504]LogBlueprintUserMessages: [UnlimitedMultiplayerGameInstance_C_2] JoinedSession
[2016.11.03-13.31.57:374][504]LogGameMode:Display: Match State Changed from InProgress to LeavingMap
[2016.11.03-13.31.57:374][504]LogGameState: Match State Changed from InProgress to LeavingMap
[2016.11.03-13.31.57:374][504]LogNet: Browse: 192.168.178.62//Game/UnlimitedMultiplayer/EntryPoint
[2016.11.03-13.31.57:375][504]LogInit: WinSock: Socket queue 32768 / 32768
[2016.11.03-13.31.57:375][504]PacketHandlerLog: Loaded PacketHandler component: Engine.EngineHandlerComponentFactory (StatelessConnectHandlerComponent)
[2016.11.03-13.31.57:375][504]LogNet: Game client on port 7777, rate 10000
[2016.11.03-13.31.57:375][504]LogNet: UPendingNetGame::InitNetDriver: Sending hello. [UNetConnection] RemoteAddr: 192.168.178.62:7777, Name: IpConnection_2, Driver: PendingNetDriver IpNetDriver_2, IsServer: NO, PC: NULL, Owner: NULL
[2016.11.03-13.31.57:386][505]LogHandshake: SendConnectChallenge. Timestamp: 9.032996, Cookie: 126065089250222179153183055151157130235172155005241211084083
[2016.11.03-13.31.57:387][505]LogHandshake: SendChallengeResponse. Timestamp: 9.032996, Cookie: 126065089250222179153183055151157130235172155005241211084083
[2016.11.03-13.31.57:397][506]LogNet: Server accepting post-challenge connection from: 192.168.178.62:56585
[2016.11.03-13.31.57:397][506]PacketHandlerLog: Loaded PacketHandler component: Engine.EngineHandlerComponentFactory (StatelessConnectHandlerComponent)
[2016.11.03-13.31.57:397][506]LogNet: NotifyAcceptedConnection: Name: Game, TimeStamp: 11/03/16 14:31:57, [UNetConnection] RemoteAddr: 192.168.178.62:56585, Name: IpConnection_3, Driver: GameNetDriver IpNetDriver_0, IsServer: YES, PC: NULL, Owner: NULL
[2016.11.03-13.31.57:397][506]LogNet: AddClientConnection: Added client connection: [UNetConnection] RemoteAddr: 192.168.178.62:56585, Name: IpConnection_3, Driver: GameNetDriver IpNetDriver_0, IsServer: YES, PC: NULL, Owner: NULL
[2016.11.03-13.31.57:600][524]LogNet: NotifyAcceptingChannel Control 0 server World /Game/UnlimitedMultiplayer/UEDPIE_2_Game.Game: Accepted
[2016.11.03-13.31.57:600][524]LogNet: Remote platform little endian=1
[2016.11.03-13.31.57:600][524]LogNet: This platform little endian=1
[2016.11.03-13.31.57:611][525]LogNet: Login request: /Game/UnlimitedMultiplayer/EntryPoint?Name=Ark-Desktop-PC-4D7D60AB4F8EACC00FF524B4D6E1642D userId: Ark-Desktop-PC-4D7D60AB4F8EACC00FF524B4D6E1642D
[2016.11.03-13.31.57:612][525]LogNet: Welcomed by server (Level: /Game/UnlimitedMultiplayer/UEDPIE_2_Game, Game: /Game/UnlimitedMultiplayer/GameMode/GameMode_Game_Client.GameMode_Game_Client_C)
[2016.11.03-13.31.57:612][525]LogLoadingSplash: Loading begins
[2016.11.03-13.31.57:613][525]LogHMD: Freeing textureSet 0x00000225DDF83C70
[2016.11.03-13.31.57:614][525]LogHMD: Allocated a new swap texture set (size 16 x 16, mipcount = 5), 0x00000225DDF82BF0
[2016.11.03-13.31.57:614][525]LogHMD: FOculusRiftSplash::PushBlackFrame
[2016.11.03-13.31.57:614][525]LogHMD: FOculusRiftSplash::Show
[2016.11.03-13.31.57:614][525]LogLoad: LoadMap: 192.168.178.62//Game/UnlimitedMultiplayer/UEDPIE_2_Game?game=/Game/UnlimitedMultiplayer/GameMode/GameMode_Game_Client.GameMode_Game_Client_C
[2016.11.03-13.31.57:618][525]LogHMD: FOculusRiftSplash::Tick, DELTA > 0.5 secs, ie: 0.0071 1.5815
[2016.11.03-13.31.57:632][525]Cmd: MEM
[2016.11.03-13.31.57:646][525]LogMemory: Platform Memory Stats for Windows
[2016.11.03-13.31.57:646][525]LogMemory: Process Physical Memory: 1253.86 MB used, 1259.65 MB peak
[2016.11.03-13.31.57:646][525]LogMemory: Process Virtual Memory: 2257.25 MB used, 2259.07 MB peak
[2016.11.03-13.31.57:646][525]LogMemory: Physical Memory: 7465.75 MB used, 16278.30 MB total
[2016.11.03-13.31.57:646][525]LogMemory: Virtual Memory: 3043.79 MB used, 134217728.00 MB total
[2016.11.03-13.31.57:646][525]LogMemory: 
[2016.11.03-13.31.57:646][525]Allocator Stats for TBB: (not implemented)
[2016.11.03-13.31.57:649][525]LogAIModule: Creating AISystem for world Game
[2016.11.03-13.31.57:651][525]LogWorld: Bringing World /Game/UnlimitedMultiplayer/UEDPIE_3_Game.Game up for play (max tick rate 0) at 2016.11.03-14.31.57
[2016.11.03-13.31.57:651][525]LogWorld: Bringing up level for play took: 0.001047
[2016.11.03-13.31.57:652][525]LogHMD: FOculusRiftSplash::Hide
[2016.11.03-13.31.57:664][525]LogHMD: Freeing textureSet 0x00000225DDF82BF0
[2016.11.03-13.31.57:665][525]LogHMD: Allocated a new swap texture set (size 16 x 16, mipcount = 5), 0x00000225DDF82E00
[2016.11.03-13.31.57:665][525]LogHMD: FOculusRiftSplash::PushBlackFrame
[2016.11.03-13.31.57:665][525]LogLoadingSplash: Loading ends
[2016.11.03-13.31.57:665][525]LogLoad: Took 0.051356 seconds to LoadMap(/Game/UnlimitedMultiplayer/UEDPIE_2_Game)
[2016.11.03-13.31.57:684][526]LogNet: Client netspeed is 10000
[2016.11.03-13.31.57:684][526]LogNet: Join request: /Game/UnlimitedMultiplayer/EntryPoint?Name=Ark-Desktop-PC-4D7D60AB4F8EACC00FF524B4D6E1642D?SplitscreenCount=1
[2016.11.03-13.31.57:686][526]LogBlueprintUserMessages: [GameMode_Game_Client_C_0] Server: Trying to spawn game.
[2016.11.03-13.31.57:686][526]LogBlueprintUserMessages: [GameMode_Game_Client_C_0] Server: Spawing new game.
[2016.11.03-13.31.57:686][526]LogNet: Join succeeded: Ark-Desktop-PC-4D7D6
[2016.11.03-13.31.59:029][628]LogScriptCore:Warning: Script Msg: Attempted to access index -1 from array Path of length 0!
[2016.11.03-13.31.59:029][628]LogScriptCore:Warning: 
[2016.11.03-13.32.55:003][940]LogHMD: Destroying ovr session
[2016.11.03-13.32.55:003][940]LogHMD: Freeing textureSet 0x00000225DDF82E00
[2016.11.03-13.32.55:112][940]OCULUS: Info: [HMDState] Requested to SetForegroundWindow(60756ll)
[2016.11.03-13.32.55:136][940]LogOnline:Display: NULL: FOnlineSubsystemNull::Shutdown()
[2016.11.03-13.32.55:173][940]LogOnline:Display: NULL: FOnlineSubsystemNull::Shutdown()
[2016.11.03-13.32.55:217][940]LogOnline:Display: NULL: FOnlineSubsystemNull::Shutdown()
[2016.11.03-13.32.55:217][940]LogPlayLevel:Display: Shutting down PIE online subsystems
[2016.11.03-13.32.55:237][940]LogNet: UChannel::CleanUp: ChIndex == 0. Closing connection. [UChannel] ChIndex: 0, Closing: 0 [UNetConnection] RemoteAddr: 192.168.178.62:56585, Name: IpConnection_3, Driver: GameNetDriver IpNetDriver_0, IsServer: YES, PC: PlayerController_Game_Client_C_2, Owner: PlayerController_Game_Client_C_2
[2016.11.03-13.32.55:237][940]LogNet: UNetConnection::Close: [UNetConnection] RemoteAddr: 192.168.178.62:56585, Name: IpConnection_3, Driver: GameNetDriver IpNetDriver_0, IsServer: YES, PC: PlayerController_Game_Client_C_2, Owner: PlayerController_Game_Client_C_2, Channels: 3, Time: 2016.11.03-13.32.55
[2016.11.03-13.32.55:237][940]LogNet: UChannel::Close: Sending CloseBunch. ChIndex == 0. Name: [UChannel] ChIndex: 0, Closing: 0 [UNetConnection] RemoteAddr: 192.168.178.62:56585, Name: IpConnection_3, Driver: GameNetDriver IpNetDriver_0, IsServer: YES, PC: PlayerController_Game_Client_C_2, Owner: PlayerController_Game_Client_C_2
[2016.11.03-13.32.55:237][940]LogNet: UChannel::CleanUp: ChIndex == 0. Closing connection. [UChannel] ChIndex: 0, Closing: 0 [UNetConnection] RemoteAddr: 192.168.178.62:7777, Name: IpConnection_2, Driver: GameNetDriver IpNetDriver_2, IsServer: NO, PC: PlayerController_Game_Client_C_0, Owner: PlayerController_Game_Client_C_0
[2016.11.03-13.32.55:237][940]LogNet: UNetConnection::Close: [UNetConnection] RemoteAddr: 192.168.178.62:7777, Name: IpConnection_2, Driver: GameNetDriver IpNetDriver_2, IsServer: NO, PC: PlayerController_Game_Client_C_0, Owner: PlayerController_Game_Client_C_0, Channels: 3, Time: 2016.11.03-13.32.55
[2016.11.03-13.32.55:237][940]LogNet: UChannel::Close: Sending CloseBunch. ChIndex == 0. Name: [UChannel] ChIndex: 0, Closing: 0 [UNetConnection] RemoteAddr: 192.168.178.62:7777, Name: IpConnection_2, Driver: GameNetDriver IpNetDriver_2, IsServer: NO, PC: PlayerController_Game_Client_C_0, Owner: PlayerController_Game_Client_C_0
[2016.11.03-13.32.55:237][940]LogNet: UChannel::CleanUp: ChIndex == 0. Closing connection. [UChannel] ChIndex: 0, Closing: 0 [UNetConnection] RemoteAddr: 192.168.178.62:65207, Name: IpConnection_1, Driver: GameNetDriver IpNetDriver_0, IsServer: YES, PC: PlayerController_Game_Client_C_1, Owner: PlayerController_Game_Client_C_1
[2016.11.03-13.32.55:237][940]LogNet: UNetConnection::Close: [UNetConnection] RemoteAddr: 192.168.178.62:65207, Name: IpConnection_1, Driver: GameNetDriver IpNetDriver_0, IsServer: YES, PC: PlayerController_Game_Client_C_1, Owner: PlayerController_Game_Client_C_1, Channels: 5, Time: 2016.11.03-13.32.55
[2016.11.03-13.32.55:237][940]LogNet: UChannel::Close: Sending CloseBunch. ChIndex == 0. Name: [UChannel] ChIndex: 0, Closing: 0 [UNetConnection] RemoteAddr: 192.168.178.62:65207, Name: IpConnection_1, Driver: GameNetDriver IpNetDriver_0, IsServer: YES, PC: PlayerController_Game_Client_C_1, Owner: PlayerController_Game_Client_C_1
[2016.11.03-13.32.55:238][940]LogNet: UChannel::CleanUp: ChIndex == 0. Closing connection. [UChannel] ChIndex: 0, Closing: 0 [UNetConnection] RemoteAddr: 192.168.178.62:7777, Name: IpConnection_0, Driver: GameNetDriver IpNetDriver_1, IsServer: NO, PC: PlayerController_Game_Client_C_0, Owner: PlayerController_Game_Client_C_0
[2016.11.03-13.32.55:238][940]LogNet: UNetConnection::Close: [UNetConnection] RemoteAddr: 192.168.178.62:7777, Name: IpConnection_0, Driver: GameNetDriver IpNetDriver_1, IsServer: NO, PC: PlayerController_Game_Client_C_0, Owner: PlayerController_Game_Client_C_0, Channels: 3, Time: 2016.11.03-13.32.55
[2016.11.03-13.32.55:238][940]LogNet: UChannel::Close: Sending CloseBunch. ChIndex == 0. Name: [UChannel] ChIndex: 0, Closing: 0 [UNetConnection] RemoteAddr: 192.168.178.62:7777, Name: IpConnection_0, Driver: GameNetDriver IpNetDriver_1, IsServer: NO, PC: PlayerController_Game_Client_C_0, Owner: PlayerController_Game_Client_C_0
[2016.11.03-13.32.55:242][940]LogExit: GameNetDriver None shut down
[2016.11.03-13.32.55:242][940]LogExit: GameNetDriver None shut down
[2016.11.03-13.32.55:243][940]LogExit: GameNetDriver None shut down
[2016.11.03-13.32.55:278][941]LogPlayLevel:Display: Destroying online subsystem :Context_9
[2016.11.03-13.32.55:279][941]LogOnline:Display: NULL: FOnlineSubsystemNull::Shutdown()
[2016.11.03-13.32.55:279][941]LogPlayLevel:Display: Destroying online subsystem :Context_8
[2016.11.03-13.32.55:279][941]LogOnline:Display: NULL: FOnlineSubsystemNull::Shutdown()
[2016.11.03-13.32.55:279][941]LogPlayLevel:Display: Destroying online subsystem :Context_7
[2016.11.03-13.32.55:279][941]LogOnline:Display: NULL: FOnlineSubsystemNull::Shutdown()
[2016.11.03-16.19.33:110][751]Cmd: QUIT_EDITOR
[2016.11.03-16.19.33:907][751]LogWindowsTextInputMethodSystem:Display: IME system now deactivated.
[2016.11.03-16.19.33:931][751]LogExit: Preparing to exit.
[2016.11.03-16.19.35:112][751]LogDirectoryWatcher: A directory notification for 'D:/Unreal Projects/Line/Content/' was aborted.
[2016.11.03-16.19.35:155][751]LogExit: Editor shut down
[2016.11.03-16.19.35:156][751]LogExit: Transaction tracking system shut down
[2016.11.03-16.19.35:361][751]LogObj: Freed 0b from 0 cluster array pools.
[2016.11.03-16.19.35:361][751]LogExit: Object subsystem successfully closed.
[2016.11.03-16.19.35:383][751]LogD3D11RHI: Shutdown
[2016.11.03-16.19.35:383][751]LogD3D11RHI: CleanupD3DDevice
[2016.11.03-16.19.35:459][751]LogD3D11RHI: ~FD3D11DynamicRHI
[2016.11.03-16.19.35:478][751]LogModuleManager: Shutting down and abandoning module MovieSceneCapture (240)
[2016.11.03-16.19.35:478][751]LogModuleManager: Shutting down and abandoning module SequencerWidgets (239)
[2016.11.03-16.19.35:478][751]LogModuleManager: Shutting down and abandoning module BlueprintGraph (238)
[2016.11.03-16.19.35:478][751]LogModuleManager: Shutting down and abandoning module BlueprintProfiler (237)
[2016.11.03-16.19.35:479][751]LogModuleManager: Shutting down and abandoning module HierarchicalLODOutliner (236)
[2016.11.03-16.19.35:480][751]LogModuleManager: Shutting down and abandoning module ExternalImagePicker (235)
[2016.11.03-16.19.35:480][751]LogModuleManager: Shutting down and abandoning module CrashTracker (234)
[2016.11.03-16.19.35:480][751]LogModuleManager: Shutting down and abandoning module SceneOutliner (233)
[2016.11.03-16.19.35:480][751]LogModuleManager: Shutting down and abandoning module WidgetCarousel (232)
[2016.11.03-16.19.35:480][751]LogModuleManager: Shutting down and abandoning module AddContentDialog (231)
[2016.11.03-16.19.35:480][751]LogDirectoryWatcher: A directory notification for 'D:/Unreal/Epic Games/4.13/FeaturePacks/' was aborted.
[2016.11.03-16.19.35:481][751]LogModuleManager: Shutting down and abandoning module GameplayTags (230)
[2016.11.03-16.19.35:481][751]LogModuleManager: Shutting down and abandoning module EditorWidgets (229)
[2016.11.03-16.19.35:481][751]LogModuleManager: Shutting down and abandoning module CollectionManager (228)
[2016.11.03-16.19.35:482][751]LogDirectoryWatcher: A directory notification for 'D:/Unreal Projects/Line/Content/Collections/' was aborted.
[2016.11.03-16.19.35:482][751]LogDirectoryWatcher: A directory notification for 'D:/Unreal Projects/Line/Content/Developers/ArkDesktop/Collections/' was aborted.
[2016.11.03-16.19.35:482][751]LogDirectoryWatcher: A directory notification for 'D:/Unreal Projects/Line/Saved/Collections/' was aborted.
[2016.11.03-16.19.35:482][751]LogModuleManager: Shutting down and abandoning module StatsViewer (227)
[2016.11.03-16.19.35:483][751]LogModuleManager: Shutting down and abandoning module FoliageEdit (226)
[2016.11.03-16.19.35:483][751]LogModuleManager: Shutting down and abandoning module LandscapeEditor (225)
[2016.11.03-16.19.35:483][751]LogModuleManager: Shutting down and abandoning module SceneDepthPickerMode (224)
[2016.11.03-16.19.35:483][751]LogModuleManager: Shutting down and abandoning module ActorPickerMode (223)
[2016.11.03-16.19.35:483][751]LogModuleManager: Shutting down and abandoning module GeometryMode (222)
[2016.11.03-16.19.35:483][751]LogModuleManager: Shutting down and abandoning module TextureAlignMode (221)
[2016.11.03-16.19.35:483][751]LogModuleManager: Shutting down and abandoning module BspMode (220)
[2016.11.03-16.19.35:483][751]LogModuleManager: Shutting down and abandoning module HardwareSurvey (219)
[2016.11.03-16.19.35:483][751]LogModuleManager: Shutting down and abandoning module SequenceRecorderSections (218)
[2016.11.03-16.19.35:483][751]LogModuleManager: Shutting down and abandoning module SequenceRecorder (217)
[2016.11.03-16.19.35:483][751]LogModuleManager: Shutting down and abandoning module AutomationWorker (216)
[2016.11.03-16.19.35:483][751]LogModuleManager: Shutting down and abandoning module MatineeToLevelSequence (215)
[2016.11.03-16.19.35:483][751]LogModuleManager: Shutting down and abandoning module PlacementMode (214)
[2016.11.03-16.19.35:484][751]LogModuleManager: Shutting down and abandoning module LevelSequenceEditor (213)
[2016.11.03-16.19.35:484][751]LogModuleManager: Shutting down and abandoning module WmfMediaFactory (212)
[2016.11.03-16.19.35:484][751]LogModuleManager: Shutting down and abandoning module WmfMediaEditor (211)
[2016.11.03-16.19.35:485][751]LogModuleManager: Shutting down and abandoning module AvfMediaFactory (210)
[2016.11.03-16.19.35:485][751]LogModuleManager: Shutting down and abandoning module AvfMediaEditor (209)
[2016.11.03-16.19.35:485][751]LogModuleManager: Shutting down and abandoning module Media (208)
[2016.11.03-16.19.35:485][751]LogModuleManager: Shutting down and abandoning module AndroidMediaFactory (207)
[2016.11.03-16.19.35:485][751]LogModuleManager: Shutting down and abandoning module AndroidMediaEditor (206)
[2016.11.03-16.19.35:485][751]LogModuleManager: Shutting down and abandoning module CharacterAI (205)
[2016.11.03-16.19.35:485][751]LogModuleManager: Shutting down and abandoning module SmartSnapping (204)
[2016.11.03-16.19.35:485][751]LogModuleManager: Shutting down and abandoning module SessionServices (203)
[2016.11.03-16.19.35:485][751]LogModuleManager: Shutting down and abandoning module ViewportSnapping (202)
[2016.11.03-16.19.35:485][751]LogModuleManager: Shutting down and abandoning module ViewportInteraction (201)
[2016.11.03-16.19.35:485][751]LogModuleManager: Shutting down and abandoning module LogVisualizer (200)
[2016.11.03-16.19.35:485][751]LogModuleManager: Shutting down and abandoning module GameProjectGeneration (199)
[2016.11.03-16.19.35:486][751]LogModuleManager: Shutting down and abandoning module IntroTutorials (198)
[2016.11.03-16.19.35:486][751]LogModuleManager: Shutting down and abandoning module EditorLiveStreaming (197)
[2016.11.03-16.19.35:486][751]LogModuleManager: Shutting down and abandoning module IOSPlatformEditor (196)
[2016.11.03-16.19.35:487][751]LogModuleManager: Shutting down and abandoning module HTML5PlatformEditor (195)
[2016.11.03-16.19.35:487][751]LogModuleManager: Shutting down and abandoning module AndroidDeviceDetection (194)
[2016.11.03-16.19.35:838][751]LogModuleManager: Shutting down and abandoning module AndroidPlatformEditor (193)
[2016.11.03-16.19.35:838][751]LogModuleManager: Shutting down and abandoning module IOSRuntimeSettings (192)
[2016.11.03-16.19.35:838][751]LogModuleManager: Shutting down and abandoning module AndroidRuntimeSettings (191)
[2016.11.03-16.19.35:838][751]LogModuleManager: Shutting down and abandoning module NiagaraEditor (190)
[2016.11.03-16.19.35:843][751]LogModuleManager: Shutting down and abandoning module MergeActors (189)
[2016.11.03-16.19.35:843][751]LogModuleManager: Shutting down and abandoning module SizeMap (188)
[2016.11.03-16.19.35:843][751]LogModuleManager: Shutting down and abandoning module TreeMap (187)
[2016.11.03-16.19.35:844][751]LogModuleManager: Shutting down and abandoning module ReferenceViewer (186)
[2016.11.03-16.19.35:844][751]LogModuleManager: Shutting down and abandoning module LocalizationService (185)
[2016.11.03-16.19.35:844][751]LogModuleManager: Shutting down and abandoning module LocalizationDashboard (184)
[2016.11.03-16.19.35:844][751]LogModuleManager: Shutting down and abandoning module HardwareTargeting (183)
[2016.11.03-16.19.35:844][751]LogModuleManager: Shutting down and abandoning module DeviceProfileEditor (182)
[2016.11.03-16.19.35:845][751]LogModuleManager: Shutting down and abandoning module UndoHistory (181)
[2016.11.03-16.19.35:845][751]LogModuleManager: Shutting down and abandoning module UserFeedback (180)
[2016.11.03-16.19.35:845][751]LogModuleManager: Shutting down and abandoning module XmlParser (179)
[2016.11.03-16.19.35:845][751]LogModuleManager: Shutting down and abandoning module Blutility (178)
[2016.11.03-16.19.35:845][751]LogModuleManager: Shutting down and abandoning module ProjectTargetPlatformEditor (177)
[2016.11.03-16.19.35:845][751]LogModuleManager: Shutting down and abandoning module ProjectSettingsViewer (176)
[2016.11.03-16.19.35:845][751]LogModuleManager: Shutting down and abandoning module InputBindingEditor (175)
[2016.11.03-16.19.35:845][751]LogModuleManager: Shutting down and abandoning module EditorSettingsViewer (174)
[2016.11.03-16.19.35:845][751]LogModuleManager: Shutting down and abandoning module SettingsEditor (173)
[2016.11.03-16.19.35:846][751]LogModuleManager: Shutting down and abandoning module ProjectLauncher (172)
[2016.11.03-16.19.35:846][751]LogModuleManager: Shutting down and abandoning module SessionFrontend (171)
[2016.11.03-16.19.35:847][751]LogModuleManager: Shutting down and abandoning module ProfilerClient (170)
[2016.11.03-16.19.35:848][751]LogModuleManager: Shutting down and abandoning module TargetDeviceServices (169)
[2016.11.03-16.19.35:848][751]LogModuleManager: Shutting down and abandoning module DeviceManager (168)
[2016.11.03-16.19.35:901][751]LogModuleManager: Shutting down and abandoning module AutomationController (167)
[2016.11.03-16.19.35:902][751]LogModuleManager: Shutting down and abandoning module AutomationWindow (166)
[2016.11.03-16.19.35:903][751]LogModuleManager: Shutting down and abandoning module Layers (165)
[2016.11.03-16.19.35:905][751]LogModuleManager: Shutting down and abandoning module ComponentVisualizers (164)
[2016.11.03-16.19.35:905][751]LogModuleManager: Shutting down and abandoning module DetailCustomizations (163)
[2016.11.03-16.19.35:905][751]LogModuleManager: Shutting down and abandoning module PackagesDialog (162)
[2016.11.03-16.19.35:906][751]LogModuleManager: Shutting down and abandoning module AnimGraph (161)
[2016.11.03-16.19.35:906][751]LogModuleManager: Shutting down and abandoning module Persona (160)
[2016.11.03-16.19.35:908][751]LogModuleManager: Shutting down and abandoning module Kismet (159)
[2016.11.03-16.19.35:914][751]LogModuleManager: Shutting down and abandoning module GraphEditor (158)
[2016.11.03-16.19.35:914][751]LogModuleManager: Shutting down and abandoning module ClassViewer (157)
[2016.11.03-16.19.35:915][751]LogModuleManager: Shutting down and abandoning module Toolbox (156)
[2016.11.03-16.19.35:915][751]LogModuleManager: Shutting down and abandoning module ModuleUI (155)
[2016.11.03-16.19.35:916][751]LogModuleManager: Shutting down and abandoning module MovieSceneTools (154)
[2016.11.03-16.19.35:916][751]LogModuleManager: Shutting down and abandoning module OutputLog (153)
[2016.11.03-16.19.35:916][751]LogModuleManager: Shutting down and abandoning module GammaUI (152)
[2016.11.03-16.19.35:916][751]LogModuleManager: Shutting down and abandoning module Documentation (151)
[2016.11.03-16.19.35:916][751]LogModuleManager: Shutting down and abandoning module Niagara (150)
[2016.11.03-16.19.35:916][751]LogModuleManager: Shutting down and abandoning module StreamingPauseRendering (149)
[2016.11.03-16.19.35:916][751]LogModuleManager: Shutting down and abandoning module AnalyticsET (148)
[2016.11.03-16.19.35:916][751]LogModuleManager: Shutting down and abandoning module PortalServices (147)
[2016.11.03-16.19.35:916][751]LogModuleManager: Shutting down and abandoning module PortalRpc (146)
[2016.11.03-16.19.35:916][751]LogModuleManager: Shutting down and abandoning module MessagingRpc (145)
[2016.11.03-16.19.35:916][751]LogModuleManager: Shutting down and abandoning module GameplayDebugger (144)
[2016.11.03-16.19.35:916][751]LogModuleManager: Shutting down and abandoning module AITestSuite (143)
[2016.11.03-16.19.35:916][751]LogModuleManager: Shutting down and abandoning module AIModule (142)
[2016.11.03-16.19.35:916][751]LogModuleManager: Shutting down and abandoning module ProfilerService (141)
[2016.11.03-16.19.36:095][751]LogModuleManager: Shutting down and abandoning module TaskGraph (140)
[2016.11.03-16.19.36:095][751]LogModuleManager: Shutting down and abandoning module SlateRemote (139)
[2016.11.03-16.19.36:095][751]LogModuleManager: Shutting down and abandoning module SteamVRController (138)
[2016.11.03-16.19.36:096][751]LogModuleManager: Shutting down and abandoning module SteamVR (137)
[2016.11.03-16.19.36:096][751]LogModuleManager: Shutting down and abandoning module ProceduralMeshComponentEditor (136)
[2016.11.03-16.19.36:096][751]LogModuleManager: Shutting down and abandoning module ProceduralMeshComponent (135)
[2016.11.03-16.19.36:096][751]LogModuleManager: Shutting down and abandoning module OculusLibrary (134)
[2016.11.03-16.19.36:096][751]LogModuleManager: Shutting down and abandoning module OculusInput (133)
[2016.11.03-16.19.36:096][751]LogModuleManager: Shutting down and abandoning module CustomMeshComponent (132)
[2016.11.03-16.19.36:096][751]LogModuleManager: Shutting down and abandoning module CableComponent (131)
[2016.11.03-16.19.36:096][751]LogModuleManager: Shutting down and abandoning module ArchVisCharacter (130)
[2016.11.03-16.19.36:096][751]LogModuleManager: Shutting down and abandoning module MediaPlayerEditor (129)
[2016.11.03-16.19.36:097][751]LogModuleManager: Shutting down and abandoning module HTML5Networking (128)
[2016.11.03-16.19.36:097][751]LogModuleManager: Shutting down and abandoning module GeometryCacheEd (127)
[2016.11.03-16.19.36:097][751]LogModuleManager: Shutting down and abandoning module GeometryCache (126)
[2016.11.03-16.19.36:097][751]LogModuleManager: Shutting down and abandoning module AlembicLibrary (125)
[2016.11.03-16.19.36:097][751]LogModuleManager: Shutting down and abandoning module AlembicImporter (124)
[2016.11.03-16.19.36:097][751]LogModuleManager: Shutting down and abandoning module SuperSearch (123)
[2016.11.03-16.19.36:097][751]LogModuleManager: Shutting down and abandoning module SuperSearchEditor (122)
[2016.11.03-16.19.36:097][751]LogModuleManager: Shutting down and abandoning module SpeedTreeImporter (121)
[2016.11.03-16.19.36:097][751]LogModuleManager: Shutting down and abandoning module PluginBrowser (120)
[2016.11.03-16.19.36:097][751]LogModuleManager: Shutting down and abandoning module MobileLauncherProfileWizard (119)
[2016.11.03-16.19.36:098][751]LogModuleManager: Shutting down and abandoning module EpicSurvey (118)
[2016.11.03-16.19.36:098][751]LogModuleManager: Shutting down and abandoning module DesktopPlatform (117)
[2016.11.03-16.19.36:098][751]LogModuleManager: Shutting down and abandoning module VisualStudioSourceCodeAccess (116)
[2016.11.03-16.19.36:098][751]LogModuleManager: Shutting down and abandoning module UObjectPlugin (115)
[2016.11.03-16.19.36:098][751]LogModuleManager: Shutting down and abandoning module SubversionSourceControl (114)
[2016.11.03-16.19.36:098][751]LogModuleManager: Shutting down and abandoning module PerforceSourceControl (113)
[2016.11.03-16.19.36:098][751]LogModuleManager: Shutting down and abandoning module SourceControl (112)
[2016.11.03-16.19.36:099][751]LogModuleManager: Shutting down and abandoning module GitSourceControl (111)
[2016.11.03-16.19.36:099][751]LogModuleManager: Shutting down and abandoning module LightPropagationVolumeEditor (110)
[2016.11.03-16.19.36:099][751]LogModuleManager: Shutting down and abandoning module PaperTiledImporter (109)
[2016.11.03-16.19.36:099][751]LogModuleManager: Shutting down and abandoning module PaperSpriteSheetImporter (108)
[2016.11.03-16.19.36:099][751]LogModuleManager: Shutting down and abandoning module MeshPaint (107)
[2016.11.03-16.19.36:099][751]LogModuleManager: Shutting down and abandoning module FbxAutomationBuilderModule (106)
[2016.11.03-16.19.36:099][751]LogModuleManager: Shutting down and abandoning module PixelInspectorModule (105)
[2016.11.03-16.19.36:099][751]LogModuleManager: Shutting down and abandoning module HotReload (104)
[2016.11.03-16.19.36:099][751]LogModuleManager: Shutting down and abandoning module MainFrame (103)
[2016.11.03-16.19.36:099][751]LogModuleManager: Shutting down and abandoning module LevelEditor (102)
[2016.11.03-16.19.36:100][751]LogModuleManager: Shutting down and abandoning module ContentBrowser (101)
[2016.11.03-16.19.36:101][751]LogModuleManager: Shutting down and abandoning module Paper2DEditor (100)
[2016.11.03-16.19.36:101][751]LogModuleManager: Shutting down and abandoning module UdpMessaging (99)
[2016.11.03-16.19.36:202][751]LogModuleManager: Shutting down and abandoning module TcpMessaging (98)
[2016.11.03-16.19.36:302][751]LogModuleManager: Shutting down and abandoning module LightPropagationVolumeRuntime (97)
[2016.11.03-16.19.36:302][751]LogModuleManager: Shutting down and abandoning module Paper2D (96)
[2016.11.03-16.19.36:302][751]LogModuleManager: Shutting down and abandoning module WindowsMoviePlayer (95)
[2016.11.03-16.19.36:303][751]LogModuleManager: Shutting down and abandoning module WmfMedia (94)
[2016.11.03-16.19.36:304][751]LogModuleManager: Shutting down and abandoning module MediaAssets (93)
[2016.11.03-16.19.36:304][751]LogModuleManager: Shutting down and abandoning module GameLiveStreaming (92)
[2016.11.03-16.19.36:304][751]LogModuleManager: Shutting down and abandoning module GameplayTagsEditor (91)
[2016.11.03-16.19.36:304][751]LogModuleManager: Shutting down and abandoning module VREditor (90)
[2016.11.03-16.19.36:304][751]LogModuleManager: Shutting down and abandoning module GameplayTasksEditor (89)
[2016.11.03-16.19.36:304][751]LogModuleManager: Shutting down and abandoning module PropertyEditor (88)
[2016.11.03-16.19.36:304][751]LogModuleManager: Shutting down and abandoning module BehaviorTreeEditor (87)
[2016.11.03-16.19.36:305][751]LogModuleManager: Shutting down and abandoning module FunctionalTesting (86)
[2016.11.03-16.19.36:305][751]LogModuleManager: Shutting down and abandoning module CollisionAnalyzer (85)
[2016.11.03-16.19.36:306][751]LogModuleManager: Shutting down and abandoning module Sequencer (84)
[2016.11.03-16.19.36:306][751]LogModuleManager: Shutting down and abandoning module WorkspaceMenuStructure (83)
[2016.11.03-16.19.36:306][751]LogModuleManager: Shutting down and abandoning module MessageLog (82)
[2016.11.03-16.19.36:306][751]LogModuleManager: Shutting down and abandoning module AssetTools (81)
[2016.11.03-16.19.36:309][751]LogModuleManager: Shutting down and abandoning module UMGEditor (80)
[2016.11.03-16.19.36:309][751]LogModuleManager: Shutting down and abandoning module UMG (79)
[2016.11.03-16.19.36:309][751]LogModuleManager: Shutting down and abandoning module SlateReflector (78)
[2016.11.03-16.19.36:309][751]LogModuleManager: Shutting down and abandoning module Slate (77)
[2016.11.03-16.19.36:309][751]LogModuleManager: Shutting down and abandoning module EditorStyle (76)
[2016.11.03-16.19.36:311][751]LogModuleManager: Shutting down and abandoning module SourceCodeAccess (75)
[2016.11.03-16.19.36:311][751]LogModuleManager: Shutting down and abandoning module HeadMountedDisplay (74)
[2016.11.03-16.19.36:311][751]LogModuleManager: Shutting down and abandoning module XAudio2 (73)
[2016.11.03-16.19.36:311][751]LogModuleManager: Shutting down and abandoning module Networking (72)
[2016.11.03-16.19.36:311][751]LogModuleManager: Shutting down and abandoning module Core (71)
[2016.11.03-16.19.36:311][751]LogModuleManager: Shutting down and abandoning module DirectoryWatcher (70)
[2016.11.03-16.19.36:311][751]LogDirectoryWatcher: A directory notification for '../../../Engine/Content/' was aborted.
[2016.11.03-16.19.36:311][751]LogDirectoryWatcher: A directory notification for '../../../../../../Unreal Projects/Line/Content/' was aborted.
[2016.11.03-16.19.36:311][751]LogDirectoryWatcher: A directory notification for '../../../Engine/Plugins/2D/Paper2D/Content/' was aborted.
[2016.11.03-16.19.36:312][751]LogModuleManager: Shutting down and abandoning module AssetRegistry (69)
[2016.11.03-16.19.36:418][751]LogModuleManager: Shutting down and abandoning module KismetCompiler (68)
[2016.11.03-16.19.36:418][751]LogModuleManager: Shutting down and abandoning module PhysXFormats (67)
[2016.11.03-16.19.36:418][751]LogModuleManager: Shutting down and abandoning module MeshUtilities (66)
[2016.11.03-16.19.36:418][751]LogModuleManager: Shutting down and abandoning module DerivedDataCache (65)
[2016.11.03-16.19.36:430][751]LogDerivedDataCache: Shutdown
[2016.11.03-16.19.36:430][751]LogModuleManager: Shutting down and abandoning module VulkanShaderFormat (64)
[2016.11.03-16.19.36:430][751]LogModuleManager: Shutting down and abandoning module ShaderFormatOpenGL (63)
[2016.11.03-16.19.36:431][751]LogModuleManager: Shutting down and abandoning module ShaderFormatD3D (62)
[2016.11.03-16.19.36:431][751]LogModuleManager: Shutting down and abandoning module MetalShaderFormat (61)
[2016.11.03-16.19.36:432][751]LogModuleManager: Shutting down and abandoning module TextureFormatUncompressed (60)
[2016.11.03-16.19.36:432][751]LogModuleManager: Shutting down and abandoning module TextureFormatPVR (59)
[2016.11.03-16.19.36:432][751]LogModuleManager: Shutting down and abandoning module TextureFormatDXT (58)
[2016.11.03-16.19.36:432][751]LogModuleManager: Shutting down and abandoning module TextureFormatIntelISPCTexComp (57)
[2016.11.03-16.19.36:432][751]LogModuleManager: Shutting down and abandoning module ImageWrapper (56)
[2016.11.03-16.19.36:432][751]LogModuleManager: Shutting down and abandoning module TextureFormatASTC (55)
[2016.11.03-16.19.36:432][751]LogModuleManager: Shutting down and abandoning module TextureFormatAndroid (54)
[2016.11.03-16.19.36:432][751]LogModuleManager: Shutting down and abandoning module AudioFormatOpus (53)
[2016.11.03-16.19.36:432][751]LogModuleManager: Shutting down and abandoning module AudioFormatOgg (52)
[2016.11.03-16.19.36:432][751]LogModuleManager: Shutting down and abandoning module AudioFormatADPCM (51)
[2016.11.03-16.19.36:432][751]LogModuleManager: Shutting down and abandoning module LinuxTargetPlatform (50)
[2016.11.03-16.19.36:432][751]LogModuleManager: Shutting down and abandoning module LinuxServerTargetPlatform (49)
[2016.11.03-16.19.36:432][751]LogModuleManager: Shutting down and abandoning module LinuxNoEditorTargetPlatform (48)
[2016.11.03-16.19.36:432][751]LogModuleManager: Shutting down and abandoning module LinuxClientTargetPlatform (47)
[2016.11.03-16.19.36:432][751]LogModuleManager: Shutting down and abandoning module TVOSTargetPlatform (46)
[2016.11.03-16.19.36:432][751]LogModuleManager: Shutting down and abandoning module Messaging (45)
[2016.11.03-16.19.36:432][751]LogModuleManager: Shutting down and abandoning module IOSTargetPlatform (44)
[2016.11.03-16.19.36:432][751]LogModuleManager: Shutting down and abandoning module HTML5TargetPlatform (43)
[2016.11.03-16.19.36:432][751]LogModuleManager: Shutting down and abandoning module Android_PVRTCTargetPlatform (42)
[2016.11.03-16.19.36:432][751]LogModuleManager: Shutting down and abandoning module Android_MultiTargetPlatform (41)
[2016.11.03-16.19.36:432][751]LogModuleManager: Shutting down and abandoning module Android_ETC2TargetPlatform (40)
[2016.11.03-16.19.36:432][751]LogModuleManager: Shutting down and abandoning module Android_ETC1TargetPlatform (39)
[2016.11.03-16.19.36:432][751]LogModuleManager: Shutting down and abandoning module Android_DXTTargetPlatform (38)
[2016.11.03-16.19.36:432][751]LogModuleManager: Shutting down and abandoning module Android_ATCTargetPlatform (37)
[2016.11.03-16.19.36:432][751]LogModuleManager: Shutting down and abandoning module Android_ASTCTargetPlatform (36)
[2016.11.03-16.19.36:432][751]LogModuleManager: Shutting down and abandoning module AndroidTargetPlatform (35)
[2016.11.03-16.19.36:432][751]LogModuleManager: Shutting down and abandoning module WindowsTargetPlatform (34)
[2016.11.03-16.19.36:432][751]LogModuleManager: Shutting down and abandoning module WindowsServerTargetPlatform (33)
[2016.11.03-16.19.36:432][751]LogModuleManager: Shutting down and abandoning module WindowsNoEditorTargetPlatform (32)
[2016.11.03-16.19.36:432][751]LogModuleManager: Shutting down and abandoning module WindowsClientTargetPlatform (31)
[2016.11.03-16.19.36:432][751]LogModuleManager: Shutting down and abandoning module AllDesktopTargetPlatform (30)
[2016.11.03-16.19.36:432][751]LogModuleManager: Shutting down and abandoning module TargetPlatform (29)
[2016.11.03-16.19.36:433][751]LogModuleManager: Shutting down and abandoning module InputCore (28)
[2016.11.03-16.19.36:433][751]LogModuleManager: Shutting down and abandoning module Settings (27)
[2016.11.03-16.19.36:433][751]LogModuleManager: Shutting down and abandoning module OculusRift (26)
[2016.11.03-16.19.36:433][751]LogHMD: Oculus shutdown.
[2016.11.03-16.19.36:433][751]LogModuleManager: Shutting down and abandoning module GearVR (25)
[2016.11.03-16.19.36:433][751]LogModuleManager: Shutting down and abandoning module ExampleDeviceProfileSelector (24)
[2016.11.03-16.19.36:433][751]LogModuleManager: Shutting down and abandoning module OnlineBlueprintSupport (23)
[2016.11.03-16.19.36:433][751]LogModuleManager: Shutting down and abandoning module Voice (21)
[2016.11.03-16.19.36:433][751]LogModuleManager: Shutting down and abandoning module OnlineSubsystem (17)
[2016.11.03-16.19.36:433][751]LogOnline:Display: NULL: FOnlineSubsystemNull::Shutdown()
[2016.11.03-16.19.36:434][751]LogOnline:Display: Unloading online subsystem: NULL
[2016.11.03-16.19.36:434][751]LogModuleManager: Shutting down and abandoning module HTTP (16)
[2016.11.03-16.19.36:434][751]LogHttp:Display: Http module shutting down, but needs to wait on 1 outstanding Http requests:
[2016.11.03-16.19.36:434][751]LogHttp:Display: 	verb=[POST] url=[https://datarouter.ol.epicgames.com/datarouter/api/v1/public/data?SessionID=%7BC7C76E2E-4298-69A9-6EFD-B5B2D289DBC9%7D&AppID=UEEditor.Rocket.Release&AppVersion=4.13.2-3172292%2B%2B%2BUE4%2BRelease-4.13&UserID=eb15e5974af7e7946f861eab73c34dd9%7Cdbf7635107814d3faf27d05a6c4fa286%7C056ba74e-6cae-45fa-a20d-fb9af1faa7fd&AppEnvironment=datacollector-binary&UploadType=eteventstream] status=Processing
[2016.11.03-16.19.36:449][751]LogModuleManager: Shutting down and abandoning module XMPP (15)
[2016.11.03-16.19.36:451][751]LogModuleManager: Shutting down and abandoning module TextureCompressor (14)
[2016.11.03-16.19.36:451][751]LogModuleManager: Shutting down and abandoning module ShaderCore (13)
[2016.11.03-16.19.36:451][751]LogModuleManager: Shutting down and abandoning module Landscape (12)
[2016.11.03-16.19.36:451][751]LogModuleManager: Shutting down and abandoning module SlateRHIRenderer (11)
[2016.11.03-16.19.36:454][751]LogModuleManager: Shutting down and abandoning module OpenGLDrv (10)
[2016.11.03-16.19.36:455][751]LogModuleManager: Shutting down and abandoning module D3D11RHI (9)
[2016.11.03-16.19.36:455][751]LogModuleManager: Shutting down and abandoning module AnimGraphRuntime (8)
[2016.11.03-16.19.36:455][751]LogModuleManager: Shutting down and abandoning module Renderer (7)
[2016.11.03-16.19.36:455][751]LogModuleManager: Shutting down and abandoning module Engine (6)
[2016.11.03-16.19.36:455][751]LogModuleManager: Shutting down and abandoning module CoreUObject (5)
[2016.11.03-16.19.36:455][751]LogModuleManager: Shutting down and abandoning module NetworkFile (4)
[2016.11.03-16.19.36:456][751]LogModuleManager: Shutting down and abandoning module StreamingFile (3)
[2016.11.03-16.19.36:456][751]LogModuleManager: Shutting down and abandoning module SandboxFile (2)
[2016.11.03-16.19.36:456][751]LogModuleManager: Shutting down and abandoning module PakFile (1)
[2016.11.03-16.19.36:460][751]LogExit: Exiting.
[2016.11.03-16.19.36:463][751]Log file closed, 11/03/16 17:19:36
