Log file open, 11/06/16 13:08:31
LogInit:Display: Running engine for game: Line
LogPlatformFile: Not using cached read wrapper
LogInit:Display: RandInit(-1379988172) SRandInit(-1379988172).
LogTaskGraph: Started task graph with 5 named threads and 8 total threads with 1 sets of task threads.
LogStats: Stats thread started at 0.077159
LogPluginManager: Loaded Plugin Paper2D, From D:/Unreal/Epic Games/4.13/Engine/Plugins/2D/Paper2D/Paper2D.uplugin
LogPluginManager: Loaded Plugin LightPropagationVolume, From D:/Unreal/Epic Games/4.13/Engine/Plugins/Blendables/LightPropagationVolume/LightPropagationVolume.uplugin
LogPluginManager: Loaded Plugin BlankPlugin, From D:/Unreal/Epic Games/4.13/Engine/Plugins/Developer/BlankPlugin/BlankPlugin.uplugin
LogPluginManager: Loaded Plugin CodeLiteSourceCodeAccess, From D:/Unreal/Epic Games/4.13/Engine/Plugins/Developer/CodeLiteSourceCodeAccess/CodeLiteSourceCodeAccess.uplugin
LogPluginManager: Loaded Plugin GitSourceControl, From D:/Unreal/Epic Games/4.13/Engine/Plugins/Developer/GitSourceControl/GitSourceControl.uplugin
LogPluginManager: Loaded Plugin KDevelopSourceCodeAccess, From D:/Unreal/Epic Games/4.13/Engine/Plugins/Developer/KDevelopSourceCodeAccess/KDevelopSourceCodeAccess.uplugin
LogPluginManager: Loaded Plugin NullSourceCodeAccess, From D:/Unreal/Epic Games/4.13/Engine/Plugins/Developer/NullSourceCodeAccess/NullSourceCodeAccess.uplugin
LogPluginManager: Loaded Plugin OneSkyLocalizationService, From D:/Unreal/Epic Games/4.13/Engine/Plugins/Developer/OneSkyLocalizationService/OneSkyLocalizationService.uplugin
LogPluginManager: Loaded Plugin PerforceSourceControl, From D:/Unreal/Epic Games/4.13/Engine/Plugins/Developer/PerforceSourceControl/PerforceSourceControl.uplugin
LogPluginManager: Loaded Plugin SubversionSourceControl, From D:/Unreal/Epic Games/4.13/Engine/Plugins/Developer/SubversionSourceControl/SubversionSourceControl.uplugin
LogPluginManager: Loaded Plugin UObjectPlugin, From D:/Unreal/Epic Games/4.13/Engine/Plugins/Developer/UObjectPlugin/UObjectPlugin.uplugin
LogPluginManager: Loaded Plugin VisualStudioSourceCodeAccess, From D:/Unreal/Epic Games/4.13/Engine/Plugins/Developer/VisualStudioSourceCodeAccess/VisualStudioSourceCodeAccess.uplugin
LogPluginManager: Loaded Plugin XCodeSourceCodeAccess, From D:/Unreal/Epic Games/4.13/Engine/Plugins/Developer/XCodeSourceCodeAccess/XCodeSourceCodeAccess.uplugin
LogPluginManager: Loaded Plugin EpicSurvey, From D:/Unreal/Epic Games/4.13/Engine/Plugins/Editor/EpicSurvey/EpicSurvey.uplugin
LogPluginManager: Loaded Plugin MacGraphicsSwitching, From D:/Unreal/Epic Games/4.13/Engine/Plugins/Editor/MacGraphicsSwitching/MacGraphicsSwitching.uplugin
LogPluginManager: Loaded Plugin MobileLauncherProfileWizard, From D:/Unreal/Epic Games/4.13/Engine/Plugins/Editor/MobileLauncherProfileWizard/MobileLauncherProfileWizard.uplugin
LogPluginManager: Loaded Plugin PluginBrowser, From D:/Unreal/Epic Games/4.13/Engine/Plugins/Editor/PluginBrowser/PluginBrowser.uplugin
LogPluginManager: Loaded Plugin SpeedTreeImporter, From D:/Unreal/Epic Games/4.13/Engine/Plugins/Editor/SpeedTreeImporter/SpeedTreeImporter.uplugin
LogPluginManager: Loaded Plugin SuperSearchEditor, From D:/Unreal/Epic Games/4.13/Engine/Plugins/Editor/SuperSearchEditor/SuperSearchEditor.uplugin
LogPluginManager: Loaded Plugin AlembicImporter, From D:/Unreal/Epic Games/4.13/Engine/Plugins/Experimental/AlembicImporter/AlembicImporter.uplugin
LogPluginManager: Loaded Plugin BlueprintStats, From D:/Unreal/Epic Games/4.13/Engine/Plugins/Experimental/BlueprintStats/BlueprintStats.uplugin
LogPluginManager: Loaded Plugin CharacterAI, From D:/Unreal/Epic Games/4.13/Engine/Plugins/Experimental/CharacterAI/CharacterAI.uplugin
LogPluginManager: Loaded Plugin CodeEditor, From D:/Unreal/Epic Games/4.13/Engine/Plugins/Experimental/CodeEditor/CodeEditor.uplugin
LogPluginManager: Loaded Plugin CodeView, From D:/Unreal/Epic Games/4.13/Engine/Plugins/Experimental/CodeView/CodeView.uplugin
LogPluginManager: Loaded Plugin HTML5Networking, From D:/Unreal/Epic Games/4.13/Engine/Plugins/Experimental/HTML5Networking/HTML5Networking.uplugin
LogPluginManager: Loaded Plugin LiveEditor, From D:/Unreal/Epic Games/4.13/Engine/Plugins/Experimental/LiveEditor/LiveEditor.uplugin
LogPluginManager: Loaded Plugin OSVR, From D:/Unreal/Epic Games/4.13/Engine/Plugins/Experimental/OSVR/OSVR.uplugin
LogPluginManager: Loaded Plugin Phya, From D:/Unreal/Epic Games/4.13/Engine/Plugins/Experimental/Phya/Phya.uplugin
LogPluginManager: Loaded Plugin SignificanceManager, From D:/Unreal/Epic Games/4.13/Engine/Plugins/Experimental/SignificanceManager/SignificanceManager.uplugin
LogPluginManager: Loaded Plugin SimpleHMD, From D:/Unreal/Epic Games/4.13/Engine/Plugins/Experimental/SimpleHMD/SimpleHMD.uplugin
LogPluginManager: Loaded Plugin StereoPanorama, From D:/Unreal/Epic Games/4.13/Engine/Plugins/Experimental/StereoPanorama/StereoPanorama.uplugin
LogPluginManager: Loaded Plugin StructBox, From D:/Unreal/Epic Games/4.13/Engine/Plugins/Experimental/StructBox/StructBox.uplugin
LogPluginManager: Loaded Plugin AndroidMedia, From D:/Unreal/Epic Games/4.13/Engine/Plugins/Media/AndroidMedia/AndroidMedia.uplugin
LogPluginManager: Loaded Plugin AvfMedia, From D:/Unreal/Epic Games/4.13/Engine/Plugins/Media/AvfMedia/AvfMedia.uplugin
LogPluginManager: Loaded Plugin MediaPlayerEditor, From D:/Unreal/Epic Games/4.13/Engine/Plugins/Media/MediaPlayerEditor/MediaPlayerEditor.uplugin
LogPluginManager: Loaded Plugin WmfMedia, From D:/Unreal/Epic Games/4.13/Engine/Plugins/Media/WmfMedia/WmfMedia.uplugin
LogPluginManager: Loaded Plugin MessagingDebugger, From D:/Unreal/Epic Games/4.13/Engine/Plugins/Messaging/MessagingDebugger/MessagingDebugger.uplugin
LogPluginManager: Loaded Plugin TcpMessaging, From D:/Unreal/Epic Games/4.13/Engine/Plugins/Messaging/TcpMessaging/TcpMessaging.uplugin
LogPluginManager: Loaded Plugin UdpMessaging, From D:/Unreal/Epic Games/4.13/Engine/Plugins/Messaging/UdpMessaging/UdpMessaging.uplugin
LogPluginManager: Loaded Plugin LevelSequenceEditor, From D:/Unreal/Epic Games/4.13/Engine/Plugins/MovieScene/LevelSequenceEditor/LevelSequenceEditor.uplugin
LogPluginManager: Loaded Plugin MatineeToLevelSequence, From D:/Unreal/Epic Games/4.13/Engine/Plugins/MovieScene/MatineeToLevelSequence/MatineeToLevelSequence.uplugin
LogPluginManager: Loaded Plugin NetcodeUnitTest, From D:/Unreal/Epic Games/4.13/Engine/Plugins/NetcodeUnitTest/NetcodeUnitTest/NetcodeUnitTest.uplugin
LogPluginManager: Loaded Plugin NUTUnrealEngine4, From D:/Unreal/Epic Games/4.13/Engine/Plugins/NetcodeUnitTest/NUTUnrealEngine4/NUTUnrealEngine4.uplugin
LogPluginManager: Loaded Plugin OnlineSubsystemGooglePlay, From D:/Unreal/Epic Games/4.13/Engine/Plugins/Online/Android/OnlineSubsystemGooglePlay/OnlineSubsystemGooglePlay.uplugin
LogPluginManager: Loaded Plugin OnlineSubsystemIOS, From D:/Unreal/Epic Games/4.13/Engine/Plugins/Online/IOS/OnlineSubsystemIOS/OnlineSubsystemIOS.uplugin
LogPluginManager: Loaded Plugin OnlineFramework, From D:/Unreal/Epic Games/4.13/Engine/Plugins/Online/OnlineFramework/OnlineFramework.uplugin
LogPluginManager: Loaded Plugin OnlineSubsystem, From D:/Unreal/Epic Games/4.13/Engine/Plugins/Online/OnlineSubsystem/OnlineSubsystem.uplugin
LogPluginManager: Loaded Plugin OnlineSubsystemAmazon, From D:/Unreal/Epic Games/4.13/Engine/Plugins/Online/OnlineSubsystemAmazon/OnlineSubsystemAmazon.uplugin
LogPluginManager: Loaded Plugin OnlineSubsystemFacebook, From D:/Unreal/Epic Games/4.13/Engine/Plugins/Online/OnlineSubsystemFacebook/OnlineSubsystemFacebook.uplugin
LogPluginManager: Loaded Plugin OnlineSubsystemNull, From D:/Unreal/Epic Games/4.13/Engine/Plugins/Online/OnlineSubsystemNull/OnlineSubsystemNull.uplugin
LogPluginManager: Loaded Plugin OnlineSubsystemOculus, From D:/Unreal/Epic Games/4.13/Engine/Plugins/Online/OnlineSubsystemOculus/OnlineSubsystemOculus.uplugin
LogPluginManager: Loaded Plugin OnlineSubsystemSteam, From D:/Unreal/Epic Games/4.13/Engine/Plugins/Online/OnlineSubsystemSteam/OnlineSubsystemSteam.uplugin
LogPluginManager: Loaded Plugin OnlineSubsystemUtils, From D:/Unreal/Epic Games/4.13/Engine/Plugins/Online/OnlineSubsystemUtils/OnlineSubsystemUtils.uplugin
LogPluginManager: Loaded Plugin IOSTapJoy, From D:/Unreal/Epic Games/4.13/Engine/Plugins/Runtime/Advertising/IOSTapJoy/IOSTapJoy.uplugin
LogPluginManager: Loaded Plugin AnalyticsBlueprintLibrary, From D:/Unreal/Epic Games/4.13/Engine/Plugins/Runtime/Analytics/AnalyticsBlueprintLibrary/AnalyticsBlueprintLibrary.uplugin
LogPluginManager: Loaded Plugin AnalyticsMulticast, From D:/Unreal/Epic Games/4.13/Engine/Plugins/Runtime/Analytics/AnalyticsMulticast/AnalyticsMulticast.uplugin
LogPluginManager: Loaded Plugin Apsalar, From D:/Unreal/Epic Games/4.13/Engine/Plugins/Runtime/Analytics/Apsalar/Apsalar.uplugin
LogPluginManager: Loaded Plugin FileLogging, From D:/Unreal/Epic Games/4.13/Engine/Plugins/Runtime/Analytics/FileLogging/FileLogging.uplugin
LogPluginManager: Loaded Plugin Flurry, From D:/Unreal/Epic Games/4.13/Engine/Plugins/Runtime/Analytics/Flurry/Flurry.uplugin
LogPluginManager: Loaded Plugin AndroidDeviceProfileSelector, From D:/Unreal/Epic Games/4.13/Engine/Plugins/Runtime/AndroidDeviceProfileSelector/AndroidDeviceProfileSelector.uplugin
LogPluginManager: Loaded Plugin AndroidMoviePlayer, From D:/Unreal/Epic Games/4.13/Engine/Plugins/Runtime/AndroidMoviePlayer/AndroidMoviePlayer.uplugin
LogPluginManager: Loaded Plugin AppleMoviePlayer, From D:/Unreal/Epic Games/4.13/Engine/Plugins/Runtime/AppleMoviePlayer/AppleMoviePlayer.uplugin
LogPluginManager: Loaded Plugin ArchVisCharacter, From D:/Unreal/Epic Games/4.13/Engine/Plugins/Runtime/ArchVisCharacter/ArchVisCharacter.uplugin
LogPluginManager: Loaded Plugin CableComponent, From D:/Unreal/Epic Games/4.13/Engine/Plugins/Runtime/CableComponent/CableComponent.uplugin
LogPluginManager: Loaded Plugin CustomMeshComponent, From D:/Unreal/Epic Games/4.13/Engine/Plugins/Runtime/CustomMeshComponent/CustomMeshComponent.uplugin
LogPluginManager: Loaded Plugin ExampleDeviceProfileSelector, From D:/Unreal/Epic Games/4.13/Engine/Plugins/Runtime/ExampleDeviceProfileSelector/ExampleDeviceProfileSelector.uplugin
LogPluginManager: Loaded Plugin GearVR, From D:/Unreal/Epic Games/4.13/Engine/Plugins/Runtime/GearVR/GearVR.uplugin
LogPluginManager: Loaded Plugin GoogleVRController, From D:/Unreal/Epic Games/4.13/Engine/Plugins/Runtime/GoogleVR/GoogleVRController/GoogleVRController.uplugin
LogPluginManager: Loaded Plugin GoogleVRHMD, From D:/Unreal/Epic Games/4.13/Engine/Plugins/Runtime/GoogleVR/GoogleVRHMD/GoogleVRHMD.uplugin
LogPluginManager: Loaded Plugin IOSDeviceProfileSelector, From D:/Unreal/Epic Games/4.13/Engine/Plugins/Runtime/IOSDeviceProfileSelector/IOSDeviceProfileSelector.uplugin
LogPluginManager: Loaded Plugin LeapMotion, From D:/Unreal/Epic Games/4.13/Engine/Plugins/Runtime/LeapMotion/LeapMotion.uplugin
LogPluginManager: Loaded Plugin LinuxDeviceProfileSelector, From D:/Unreal/Epic Games/4.13/Engine/Plugins/Runtime/LinuxDeviceProfileSelector/LinuxDeviceProfileSelector.uplugin
LogPluginManager: Loaded Plugin LiveEditorListenServer, From D:/Unreal/Epic Games/4.13/Engine/Plugins/Runtime/LiveEditorListenServer/LiveEditorListenServer.uplugin
LogPluginManager: Loaded Plugin OculusAudio, From D:/Unreal/Epic Games/4.13/Engine/Plugins/Runtime/OculusAudio/OculusAudio.uplugin
LogPluginManager: Loaded Plugin OculusInput, From D:/Unreal/Epic Games/4.13/Engine/Plugins/Runtime/OculusInput/OculusInput.uplugin
LogPluginManager: Loaded Plugin OculusLibrary, From D:/Unreal/Epic Games/4.13/Engine/Plugins/Runtime/OculusLibrary/OculusLibrary.uplugin
LogPluginManager: Loaded Plugin OculusRift, From D:/Unreal/Epic Games/4.13/Engine/Plugins/Runtime/OculusRift/OculusRift.uplugin
LogPluginManager: Loaded Plugin Oodle, From D:/Unreal/Epic Games/4.13/Engine/Plugins/Runtime/PacketHandlers/CompressionComponents/Oodle/Oodle.uplugin
LogPluginManager: Loaded Plugin ProceduralMeshComponent, From D:/Unreal/Epic Games/4.13/Engine/Plugins/Runtime/ProceduralMeshComponent/ProceduralMeshComponent.uplugin
LogPluginManager: Loaded Plugin SoundMod, From D:/Unreal/Epic Games/4.13/Engine/Plugins/Runtime/SoundMod/SoundMod.uplugin
LogPluginManager: Loaded Plugin SoundVisualizations, From D:/Unreal/Epic Games/4.13/Engine/Plugins/Runtime/SoundVisualizations/SoundVisualizations.uplugin
LogPluginManager: Loaded Plugin SteamController, From D:/Unreal/Epic Games/4.13/Engine/Plugins/Runtime/Steam/SteamController/SteamController.uplugin
LogPluginManager: Loaded Plugin SteamVR, From D:/Unreal/Epic Games/4.13/Engine/Plugins/Runtime/Steam/SteamVR/SteamVR.uplugin
LogPluginManager: Loaded Plugin WebBrowserWidget, From D:/Unreal/Epic Games/4.13/Engine/Plugins/Runtime/WebBrowserWidget/WebBrowserWidget.uplugin
LogPluginManager: Loaded Plugin WindowsDeviceProfileSelector, From D:/Unreal/Epic Games/4.13/Engine/Plugins/Runtime/WindowsDeviceProfileSelector/WindowsDeviceProfileSelector.uplugin
LogPluginManager: Loaded Plugin WindowsMoviePlayer, From D:/Unreal/Epic Games/4.13/Engine/Plugins/Runtime/WindowsMoviePlayer/WindowsMoviePlayer.uplugin
LogPluginManager: Loaded Plugin ScriptPlugin, From D:/Unreal/Epic Games/4.13/Engine/Plugins/ScriptPlugin/ScriptPlugin.uplugin
LogPluginManager: Loaded Plugin SlateRemote, From D:/Unreal/Epic Games/4.13/Engine/Plugins/Slate/SlateRemote/SlateRemote.uplugin
LogInit: Using libcurl 7.47.1
LogInit:  - built for x86_64-pc-win32
LogInit:  - supports SSL with WinSSL
LogInit:  - other features:
LogInit:      CURL_VERSION_SSL
LogInit:      CURL_VERSION_IPV6
LogInit:      CURL_VERSION_ASYNCHDNS
LogInit:      CURL_VERSION_LARGEFILE
LogInit:      CURL_VERSION_IDN
LogInit:  CurlRequestOptions (configurable via config and command line):
LogInit:  - bVerifyPeer = false  - Libcurl will NOT verify peer certificate
LogInit:  - bUseHttpProxy = false  - Libcurl will NOT use HTTP proxy
LogInit:  - bDontReuseConnections = false  - Libcurl will reuse connections
LogInit:  - CertBundlePath = nullptr  - Libcurl will use whatever was configured at build time.
LogModuleManager:Warning: No filename provided for module OnlineSubsystemLAN
LogModuleManager:Warning: ModuleManager: Unable to load module 'OnlineSubsystemLAN' because the file 'D:/Unreal/Epic Games/4.13/Engine/Binaries/Win64/' was not found.
LogInit: WinSock: version 1.1 (2.2), MaxSocks=32767, MaxUdp=65467
LogVoice:Warning: Failed to initialize voice interface
OCULUS: Info: [CAPI] LibOVR module is located at C:\Program Files\Oculus\Support\oculus-runtime\LibOVRRT64_1.dll
OCULUS: Debug: Connected to the server running version (prod = 1).1.9.0(build = 292703) feature version = 0. Client runs version (prod = 1).1.9.0(build = 292703) feature version = 0
LogInit: Build: ++UE4+Release-4.13-CL-3172292
LogInit: Engine Version: 4.13.2-3172292+++UE4+Release-4.13
LogInit: Compatible Engine Version: 4.13.0-3106830+++UE4+Release-4.13
LogInit: Net CL: 3172292
LogDevObjectVersion: Number of dev versions registered: 13
LogDevObjectVersion:   Dev-Blueprints (B0D832E4-1F89-4F0D-ACCF-7EB736FD4AA2): 5
LogDevObjectVersion:   Dev-Build (E1C64328-A22C-4D53-A36C-8E866417BD8C): 0
LogDevObjectVersion:   Dev-Core (375EC13C-06E4-48FB-B500-84F0262A717E): 1
LogDevObjectVersion:   Dev-Editor (E4B068ED-F494-42E9-A231-DA0B2E46BB41): 6
LogDevObjectVersion:   Dev-Framework (CFFC743F-43B0-4480-9391-14DF171D2073): 12
LogDevObjectVersion:   Dev-Mobile (B02B49B5-BB20-44E9-A304-32B752E40360): 0
LogDevObjectVersion:   Dev-Networking (A4E4105C-59A1-49B5-A7C5-40C4547EDFEE): 0
LogDevObjectVersion:   Dev-Online (39C831C9-5AE6-47DC-9A44-9C173E1C8E7C): 0
LogDevObjectVersion:   Dev-Physics (78F01B33-EBEA-4F98-B9B4-84EACCB95AA2): 0
LogDevObjectVersion:   Dev-Platform (6631380F-2D4D-43E0-8009-CF276956A95A): 0
LogDevObjectVersion:   Dev-Rendering (12F88B9F-8875-4AFC-A67C-D90C383ABD29): 4
LogDevObjectVersion:   Dev-Sequencer (7B5AE74C-D270-4C10-A958-57980B212A5A): 0
LogDevObjectVersion:   Dev-VR (D7296918-1DD6-4BDD-9DE2-64A83CC13884): 0
LogInit: Compiled (64-bit): Oct 24 2016 14:29:06
LogInit: Compiled with Visual C++: 19.00.23026.00
LogInit: Build Configuration: Development
LogInit: Branch Name: ++UE4+Release-4.13
LogInit: Command line:  
LogInit: Base directory: D:/Unreal/Epic Games/4.13/Engine/Binaries/Win64/
LogInit: Installed Engine Build: 1
LogInit: Presizing for max 8388607 objects, including 0 objects not considered by GC, pre-allocating 0 bytes for permanent pool.
LogInit: Object subsystem initialized
[2016.11.06-12.08.31:488][  0]LogInit: Selected Device Profile: [Windows]
[2016.11.06-12.08.31:488][  0]LogInit: Applying CVar settings loaded from the selected device profile: [Windows]
[2016.11.06-12.08.31:494][  0]LogInit: Computer: ARK-DESKTOP-PC
[2016.11.06-12.08.31:494][  0]LogInit: User: ArkDesktop
[2016.11.06-12.08.31:494][  0]LogInit: CPU Page size=65536, Cores=4
[2016.11.06-12.08.31:494][  0]LogInit: High frequency timer resolution =3.225826 MHz
[2016.11.06-12.08.31:495][  0]LogMemory: Memory total: Physical=15.9GB (16GB approx)
[2016.11.06-12.08.31:495][  0]LogMemory: Platform Memory Stats for Windows
[2016.11.06-12.08.31:495][  0]LogMemory: Process Physical Memory: 270.11 MB used, 270.11 MB peak
[2016.11.06-12.08.31:495][  0]LogMemory: Process Virtual Memory: 268.01 MB used, 268.01 MB peak
[2016.11.06-12.08.31:495][  0]LogMemory: Physical Memory: 5994.16 MB used, 16278.30 MB total
[2016.11.06-12.08.31:495][  0]LogMemory: Virtual Memory: 670.68 MB used, 134217728.00 MB total
[2016.11.06-12.08.31:536][  0]LogTextLocalizationManager: No translations for ('de-DE') exist, falling back to 'en' for localization and internationalization data.
[2016.11.06-12.08.32:797][  0]OCULUS: Debug: [HMDState] Using default profile default
[2016.11.06-12.08.32:797][  0]OCULUS: Info: IAD changed to 64.2mm
[2016.11.06-12.08.32:797][  0]OCULUS: Debug: [SharedMemory] Creating factory
[2016.11.06-12.08.32:797][  0]LogD3D11RHI: D3D11 adapters:
[2016.11.06-12.08.33:346][  0]LogD3D11RHI:    0. 'NVIDIA GeForce GTX 970' (Feature Level 11_0)
[2016.11.06-12.08.33:346][  0]LogD3D11RHI:       4058/0/8139 MB DedicatedVideo/DedicatedSystem/SharedSystem, Outputs:2, VendorId:0x10de
[2016.11.06-12.08.33:349][  0]LogD3D11RHI:    1. 'Intel(R) HD Graphics' (Feature Level 11_0)
[2016.11.06-12.08.33:349][  0]LogD3D11RHI:       32/0/1760 MB DedicatedVideo/DedicatedSystem/SharedSystem, Outputs:0, VendorId:0x8086
[2016.11.06-12.08.33:351][  0]LogD3D11RHI:    2. 'Microsoft Basic Render Driver' (Feature Level 11_0)
[2016.11.06-12.08.33:351][  0]LogD3D11RHI:       0/0/8139 MB DedicatedVideo/DedicatedSystem/SharedSystem, Outputs:0, VendorId:0x1414
[2016.11.06-12.08.33:351][  0]LogD3D11RHI: Chosen D3D11 Adapter: 0
[2016.11.06-12.08.33:355][  0]LogD3D11RHI: Creating new Direct3DDevice
[2016.11.06-12.08.33:355][  0]LogD3D11RHI:     GPU DeviceId: 0x13c2 (for the marketing name, search the web for "GPU Device Id")
[2016.11.06-12.08.33:355][  0]LogWindows: EnumDisplayDevices:
[2016.11.06-12.08.33:355][  0]LogWindows:    0. 'NVIDIA GeForce GTX 970' (P:1 D:1)
[2016.11.06-12.08.33:355][  0]LogWindows:    1. 'NVIDIA GeForce GTX 970' (P:0 D:1)
[2016.11.06-12.08.33:355][  0]LogWindows:    2. 'NVIDIA GeForce GTX 970' (P:0 D:0)
[2016.11.06-12.08.33:355][  0]LogWindows:    3. 'NVIDIA GeForce GTX 970' (P:0 D:0)
[2016.11.06-12.08.33:355][  0]LogWindows:    4. 'Intel(R) HD Graphics' (P:0 D:0)
[2016.11.06-12.08.33:356][  0]LogWindows:    5. 'Intel(R) HD Graphics' (P:0 D:0)
[2016.11.06-12.08.33:356][  0]LogWindows:    6. 'Intel(R) HD Graphics' (P:0 D:0)
[2016.11.06-12.08.33:356][  0]LogWindows: DebugString: PrimaryIsNotTheChoosenAdapter PrimaryIsNotTheChoosenAdapter PrimaryIsNotTheChoosenAdapter FoundDriverCount:4 
[2016.11.06-12.08.33:356][  0]LogD3D11RHI:     Adapter Name: NVIDIA GeForce GTX 970
[2016.11.06-12.08.33:356][  0]LogD3D11RHI:   Driver Version: 375.57 (internal:21.21.13.7557, unified:375.57)
[2016.11.06-12.08.33:356][  0]LogD3D11RHI:      Driver Date: 10-18-2016
[2016.11.06-12.08.33:356][  0]LogRHI: Texture pool is 1361 MB (70% of 1945 MB)
[2016.11.06-12.08.33:819][  0]LogD3D11RHI: Async texture creation enabled
[2016.11.06-12.08.33:905][  0]LogD3D11RHI: GPU Timing Frequency: 1000.000000 (Debug: 2 1)
[2016.11.06-12.08.33:906][  0]LogShaderCompilers: Guid format shader working directory is 11 characters bigger than the processId version (../../../../../../Unreal Projects/Line/Intermediate/Shaders/WorkingDirectory/1568/).
[2016.11.06-12.08.33:906][  0]LogShaderCompilers: Cleaned the shader compiler working directory 'C:/Users/ARK-DE~1/AppData/Local/Temp/UnrealShaderWorkingDir/1AFD2C954FB246223CFA58A83F816D33/'.
[2016.11.06-12.08.33:906][  0]LogShaderCompilers:Display: Using Local Shader Compiler.
[2016.11.06-12.08.34:883][  0]OCULUS: Info: [HMDState] Requested to SetForegroundWindow(206dall)
[2016.11.06-12.08.34:883][  0]LogTemp:Display: Loaded TP AllDesktopTargetPlatform
[2016.11.06-12.08.34:892][  0]LogTemp:Display: Loaded TP WindowsClientTargetPlatform
[2016.11.06-12.08.34:901][  0]LogTemp:Display: Loaded TP WindowsNoEditorTargetPlatform
[2016.11.06-12.08.34:910][  0]LogTemp:Display: Loaded TP WindowsServerTargetPlatform
[2016.11.06-12.08.34:919][  0]LogTemp:Display: Loaded TP WindowsTargetPlatform
[2016.11.06-12.08.34:925][  0]LogTemp:Display: Loaded TP AndroidTargetPlatform
[2016.11.06-12.08.34:934][  0]LogTemp:Display: Loaded TP Android_ASTCTargetPlatform
[2016.11.06-12.08.34:941][  0]LogTemp:Display: Loaded TP Android_ATCTargetPlatform
[2016.11.06-12.08.34:947][  0]LogTemp:Display: Loaded TP Android_DXTTargetPlatform
[2016.11.06-12.08.34:955][  0]LogTemp:Display: Loaded TP Android_ETC1TargetPlatform
[2016.11.06-12.08.34:962][  0]LogTemp:Display: Loaded TP Android_ETC2TargetPlatform
[2016.11.06-12.08.34:976][  0]LogTemp:Display: Loaded TP Android_MultiTargetPlatform
[2016.11.06-12.08.34:976][  0]LogTemp:Display: Loaded TP Android_PVRTCTargetPlatform
[2016.11.06-12.08.34:977][  0]LogTemp:Display: Loaded TP HTML5TargetPlatform
[2016.11.06-12.08.35:000][  0]LogTemp:Display: Loaded TP IOSTargetPlatform
[2016.11.06-12.08.35:007][  0]LogTemp:Display: Loaded TP TVOSTargetPlatform
[2016.11.06-12.08.35:014][  0]LogTemp:Display: Loaded TP LinuxClientTargetPlatform
[2016.11.06-12.08.35:021][  0]LogTemp:Display: Loaded TP LinuxNoEditorTargetPlatform
[2016.11.06-12.08.35:028][  0]LogTemp:Display: Loaded TP LinuxServerTargetPlatform
[2016.11.06-12.08.35:035][  0]LogTemp:Display: Loaded TP LinuxTargetPlatform
[2016.11.06-12.08.35:035][  0]LogTargetPlatformManager:Display: Building Assets For Windows
[2016.11.06-12.08.35:134][  0]LogDerivedDataCache:Display: Max Cache Size: 512 MB
[2016.11.06-12.08.35:213][  0]LogDerivedDataCache: Loaded boot cache 0.08s 63MB C:/Users/Ark-Desktop/AppData/Local/UnrealEngine/4.13/DerivedDataCache/Boot.ddc.
[2016.11.06-12.08.35:213][  0]LogDerivedDataCache:Display: Loaded Boot cache: C:/Users/Ark-Desktop/AppData/Local/UnrealEngine/4.13/DerivedDataCache/Boot.ddc
[2016.11.06-12.08.35:213][  0]LogDerivedDataCache: FDerivedDataBackendGraph:  Pak pak cache file ../../../../../../Unreal Projects/Line/DerivedDataCache/DDC.ddp not found, will not use a pak cache.
[2016.11.06-12.08.35:213][  0]LogDerivedDataCache: Unable to find inner node Pak for hierarchical cache Hierarchy.
[2016.11.06-12.08.35:213][  0]LogDerivedDataCache: FDerivedDataBackendGraph:  CompressedPak pak cache file ../../../../../../Unreal Projects/Line/DerivedDataCache/Compressed.ddp not found, will not use a pak cache.
[2016.11.06-12.08.35:213][  0]LogDerivedDataCache: Unable to find inner node CompressedPak for hierarchical cache Hierarchy.
[2016.11.06-12.08.35:230][  0]LogDerivedDataCache:Display: Pak cache opened for reading ../../../Engine/DerivedDataCache/Compressed.ddp.
[2016.11.06-12.08.35:242][  0]LogDerivedDataCache: Using Local data cache path C:/Users/Ark-Desktop/AppData/Local/UnrealEngine/Common/DerivedDataCache: Writable
[2016.11.06-12.08.35:450][  0]LogInit: Selected Device Profile: [Windows]
[2016.11.06-12.08.35:453][  0]LogContentStreaming: Texture pool size is 0.00 MB
[2016.11.06-12.08.35:548][  0]LogMeshUtilities: No automatic mesh reduction module available
[2016.11.06-12.08.35:548][  0]LogMeshUtilities: No automatic mesh merging module available
[2016.11.06-12.08.35:548][  0]LogMeshUtilities: No distributed automatic mesh merging module available
[2016.11.06-12.08.35:612][  0]LogMaterial: Uniform references updated for custom material expression Custom.
[2016.11.06-12.08.35:917][  0]LogNetVersion: GetLocalNetworkVersion: CL: 3106830, ProjectName: line, ProjectVersion: , EngineNetworkVersion: 1, GameNetworkVersion: 0, NetworkChecksum: 545117513
[2016.11.06-12.08.35:958][  0]LogAssetRegistry: FAssetRegistry took 0.0213 seconds to start up
[2016.11.06-12.08.35:971][  0]LogPackageLocalizationCache: Processed 3 localized package path(s) for 1 prioritized culture(s) in 0.007441 seconds
[2016.11.06-12.08.35:976][  0]LogUObjectArray: 29778 objects as part of root set at end of initial load.
[2016.11.06-12.08.35:976][  0]LogUObjectAllocator: 6125456 out of 0 bytes used by permanent object pool.
[2016.11.06-12.08.35:976][  0]LogUObjectArray: CloseDisregardForGC: 0/0 objects in disregard for GC pool
[2016.11.06-12.08.36:239][  0]LogSlate: SlateFontCache - WITH_FREETYPE: 1, WITH_HARFBUZZ: 1
[2016.11.06-12.08.36:239][  0]LogSlate: SlateFontCache - WITH_FREETYPE: 1, WITH_HARFBUZZ: 1
[2016.11.06-12.08.36:862][  0]LogTcpMessaging: Initializing TcpMessaging bridge
[2016.11.06-12.08.36:883][  0]LogUdpMessaging: Initializing bridge on interface 0.0.0.0:0 to multicast group 230.0.0.1:6666.
[2016.11.06-12.08.37:097][  0]SourceControl: Info Source control is disabled
[2016.11.06-12.08.37:135][  0]SourceControl: Info Source control is disabled
[2016.11.06-12.08.37:144][  0]SourceControl: Info Source control is disabled
[2016.11.06-12.08.37:153][  0]SourceControl: Info Source control is disabled
[2016.11.06-12.08.37:426][  0]LogEngine: Initializing Engine...
[2016.11.06-12.08.37:426][  0]LogHMD: Oculus plugin initialized. Version: 4.13.2-3172292+++UE4+Release-4.13, LibOVR: 1.9.0, SDK: 1.6.0, built Oct 24 2016, 14:31:11
[2016.11.06-12.08.37:547][  0]OCULUS: Debug: [HMDState] Using default profile default
[2016.11.06-12.08.37:547][  0]OCULUS: Info: IAD changed to 64.2mm
[2016.11.06-12.08.37:547][  0]OCULUS: Info: [HMDState] Requested to SetForegroundWindow(206dall)
[2016.11.06-12.08.37:558][  0]LogAIModule: Creating AISystem for world Untitled
[2016.11.06-12.08.37:572][  0]LogInit: XAudio2 using 'Lautsprecher (Realtek High Definition Audio)' : 2 channels at 48 kHz using 32 bits per sample (channel mask 0x3)
[2016.11.06-12.08.37:590][  0]LogInit: FAudioDevice initialized.
[2016.11.06-12.08.37:619][  0]LogDerivedDataCache: Saved boot cache 0.03s 63MB C:/Users/Ark-Desktop/AppData/Local/UnrealEngine/4.13/DerivedDataCache/Boot.ddc.
[2016.11.06-12.08.37:624][  0]LogInit: Texture streaming: Enabled
[2016.11.06-12.08.37:665][  0]LogInit: Transaction tracking system initialized
[2016.11.06-12.08.37:714][  0]BlueprintLog: New page: Editor Load
[2016.11.06-12.08.37:810][  0]LocalizationService: Info Localization service is disabled
[2016.11.06-12.08.37:902][  0]LogConsoleResponse:Display: 
[2016.11.06-12.08.37:998][  0]LogCook:Display: Max memory allowance for cook 16384mb min free memory 0mb
[2016.11.06-12.08.37:998][  0]LogCook:Display: Mobile HDR setting 1
[2016.11.06-12.08.38:153][  0]LogFileCache: Scanning file cache for directory 'D:/Unreal Projects/Line/Content/' took 0.01s
[2016.11.06-12.08.38:153][  0]SourceControl: Info Source control is disabled
[2016.11.06-12.08.38:153][  0]Cmd: MAP LOAD FILE="../../../../../../Unreal Projects/Line/Content/UnlimitedMultiplayer/EntryPoint.umap" TEMPLATE=0 SHOWPROGRESS=1 FEATURELEVEL=3
[2016.11.06-12.08.38:154][  0]LightingResults: New page: Lighting Build
[2016.11.06-12.08.38:157][  0]MapCheck: New page: Map Check
[2016.11.06-12.08.38:157][  0]LightingResults: New page: Lighting Build
[2016.11.06-12.08.38:242][  0]LogAIModule: Creating AISystem for world EntryPoint
[2016.11.06-12.08.38:244][  0]LogEditorServer: Finished looking for orphan Actors (0.000 secs)
[2016.11.06-12.08.38:244][  0]Cmd: MAP CHECKDEP NOCLEARLOG
[2016.11.06-12.08.38:272][  0]MapCheck: Info Map check complete: 0 Error(s), 0 Warning(s), took 28.216ms to complete.
[2016.11.06-12.08.38:272][  0]LogFileHelpers: Loading map 'EntryPoint' took 0.119
[2016.11.06-12.08.38:396][  0]LogCollectionManager: Loaded 0 collections in 0.001842 seconds
[2016.11.06-12.08.38:441][  0]LogFileCache: Scanning file cache for directory 'D:/Unreal Projects/Line/Saved/Collections/' took 0.01s
[2016.11.06-12.08.38:441][  0]LogFileCache: Scanning file cache for directory 'D:/Unreal Projects/Line/Content/Developers/ArkDesktop/Collections/' took 0.01s
[2016.11.06-12.08.38:441][  0]LogFileCache: Scanning file cache for directory 'D:/Unreal Projects/Line/Content/Collections/' took 0.01s
[2016.11.06-12.08.38:441][  0]LogCollectionManager: Rebuilt the GUID cache for 0 collections in 0.000002 seconds
[2016.11.06-12.08.38:450][  0]LogContentBrowser: Native class hierarchy populated in 0.0086 seconds. Added 2141 classes and 415 folders.
[2016.11.06-12.08.38:453][  0]LogStats: UGameplayTagsManager::ConstructGameplayTagTree: Construct from data asset -  0.000 s
[2016.11.06-12.08.38:453][  0]LogStats: UGameplayTagsManager::ConstructGameplayTagTree: GameplayTagTreeChangedEvent.Broadcast -  0.000 s
[2016.11.06-12.08.38:454][  0]LogContentBrowser: Native class hierarchy updated for 'GameplayTags' in 0.0004 seconds. Added 12 classes and 0 folders.
[2016.11.06-12.08.38:459][  0]LogContentBrowser: Native class hierarchy updated for 'WidgetCarousel' in 0.0006 seconds. Added 0 classes and 0 folders.
[2016.11.06-12.08.38:501][  0]LogContentBrowser: Native class hierarchy updated for 'AddContentDialog' in 0.0004 seconds. Added 0 classes and 0 folders.
[2016.11.06-12.08.38:512][  0]LogContentBrowser: Native class hierarchy updated for 'SceneOutliner' in 0.0005 seconds. Added 1 classes and 2 folders.
[2016.11.06-12.08.38:557][  0]LogCrashTracker: Crashtracker disabled due to settings.
[2016.11.06-12.08.38:577][  0]LogUObjectGlobals:Warning: Failed to find object 'Class None.'
[2016.11.06-12.08.38:604][  0]LogContentBrowser: Native class hierarchy updated for 'HierarchicalLODOutliner' in 0.0004 seconds. Added 1 classes and 2 folders.
[2016.11.06-12.08.38:604][  0]LogLoad: (Engine Initialization) Total time: 8.42 seconds
[2016.11.06-12.08.38:604][  0]LogLoad: (Engine Initialization) Total Blueprint compile time: 0.05 seconds
[2016.11.06-12.08.38:604][  0]LogExternalProfiler: Found external profiler: VSPerf
[2016.11.06-12.08.38:604][  0]LogExternalProfiler: Using external profiler: VSPerf
[2016.11.06-12.08.38:613][  0]LogWindowsTextInputMethodSystem:Display: IME system now deactivated.
[2016.11.06-12.08.38:613][  0]LogOcInput: OculusInput pre-init called
[2016.11.06-12.08.38:625][  0]LogOcInput: OculusInput is initialized. Init status 0. Runtime version: 1.9.0
[2016.11.06-12.08.38:646][  0]LogContentStreaming: Texture pool size now 1000 MB
[2016.11.06-12.08.38:792][  0]LogRenderer: Reallocating scene render targets to support 1684x1064 (Frame:2).
[2016.11.06-12.08.38:849][  1]LogAssetRegistry: Asset discovery search completed in 2.9129 seconds
[2016.11.06-12.08.38:849][  1]LogCollectionManager: Rebuilt the object cache for 0 collections in 0.000001 seconds (found 0 objects)
[2016.11.06-12.08.38:849][  1]LogCollectionManager: Fixed up redirectors for 0 collections in 0.000034 seconds (updated 0 objects)
[2016.11.06-12.08.39:897][ 86]ImportText (/Script/Slate.Anchors:Minimum): Missing opening parenthesis: X=0.000 Y=0.000
[2016.11.06-12.08.40:420][ 86]ImportText (/Script/Slate.Anchors:Minimum): Missing opening parenthesis: X=0.000 Y=0.000
[2016.11.06-12.08.41:248][ 86]LogContentBrowser: Native class hierarchy updated for 'BlueprintGraph' in 0.0010 seconds. Added 112 classes and 0 folders.
[2016.11.06-12.09.27:307][693]LogPlayLevel: PlayLevel: No blueprints needed recompiling
[2016.11.06-12.09.27:309][693]OCULUS: Debug: [HMDState] Using default profile default
[2016.11.06-12.09.27:309][693]OCULUS: Info: IAD changed to 64.2mm
[2016.11.06-12.09.27:309][693]LogHMD: New ovr session is created
[2016.11.06-12.09.27:309][693]LogHMD: HMD Oculus Rift CV1, res = 2160 x 1200
[2016.11.06-12.09.27:325][693]PIE: New page: PIE session: EntryPoint (Nov 6, 2016, 2:09:27 PM)
[2016.11.06-12.09.27:325][693]LogPlayLevel: Creating play world package: /Game/UnlimitedMultiplayer/UEDPIE_1_EntryPoint
[2016.11.06-12.09.27:326][693]LogPlayLevel: PIE: StaticDuplicateObject took: (0.000655s)
[2016.11.06-12.09.27:327][693]LogAIModule: Creating AISystem for world EntryPoint
[2016.11.06-12.09.27:327][693]LogPlayLevel: PIE: World Init took: (0.000706s)
[2016.11.06-12.09.27:327][693]LogPlayLevel: PIE: Created PIE world by copying editor world from /Game/UnlimitedMultiplayer/EntryPoint.EntryPoint to /Game/UnlimitedMultiplayer/UEDPIE_1_EntryPoint.EntryPoint (0.001590s)
[2016.11.06-12.09.27:373][693]LogInit: XAudio2 using 'Lautsprecher (Realtek High Definition Audio)' : 2 channels at 48 kHz using 32 bits per sample (channel mask 0x3)
[2016.11.06-12.09.27:382][693]LogInit: FAudioDevice initialized.
[2016.11.06-12.09.27:426][693]LogWorld: Game class is 'GameMode_Entry_Client_C'
[2016.11.06-12.09.27:428][693]LogWorld: Bringing World /Game/UnlimitedMultiplayer/UEDPIE_1_EntryPoint.EntryPoint up for play (max tick rate 0) at 2016.11.06-13.09.27
[2016.11.06-12.09.27:429][693]LogWorld: Bringing up level for play took: 0.001080
[2016.11.06-12.09.27:441][693]LogVoice:Warning: Failed to initialize voice interface
[2016.11.06-12.09.27:454][693]LogContentBrowser: Native class hierarchy updated for 'MovieSceneCapture' in 0.0005 seconds. Added 11 classes and 0 folders.
[2016.11.06-12.09.27:455][693]LogGameMode:Display: Match State Changed from EnteringMap to WaitingToStart
[2016.11.06-12.09.27:455][693]LogGameState: Match State Changed from EnteringMap to WaitingToStart
[2016.11.06-12.09.27:455][693]LogGameMode:Display: Match State Changed from WaitingToStart to InProgress
[2016.11.06-12.09.27:459][693]LogGameState: Match State Changed from WaitingToStart to InProgress
[2016.11.06-12.09.27:459][693]PIE: Info Play in editor start time for /Game/UnlimitedMultiplayer/UEDPIE_1_EntryPoint -0.786
[2016.11.06-12.09.27:467][693]PIE: New page: PIE session: EntryPoint (Nov 6, 2016, 2:09:27 PM)
[2016.11.06-12.09.27:468][693]LogPlayLevel: Creating play world package: /Game/UnlimitedMultiplayer/UEDPIE_2_EntryPoint
[2016.11.06-12.09.27:468][693]LogPlayLevel: PIE: StaticDuplicateObject took: (0.000623s)
[2016.11.06-12.09.27:469][693]LogAIModule: Creating AISystem for world EntryPoint
[2016.11.06-12.09.27:469][693]LogPlayLevel: PIE: World Init took: (0.000609s)
[2016.11.06-12.09.27:469][693]LogPlayLevel: PIE: Created PIE world by copying editor world from /Game/UnlimitedMultiplayer/EntryPoint.EntryPoint to /Game/UnlimitedMultiplayer/UEDPIE_2_EntryPoint.EntryPoint (0.001447s)
[2016.11.06-12.09.27:550][693]LogWorld: Game class is 'GameMode_Entry_Client_C'
[2016.11.06-12.09.27:551][693]LogWorld: Bringing World /Game/UnlimitedMultiplayer/UEDPIE_2_EntryPoint.EntryPoint up for play (max tick rate 0) at 2016.11.06-13.09.27
[2016.11.06-12.09.27:552][693]LogWorld: Bringing up level for play took: 0.001002
[2016.11.06-12.09.27:563][693]LogVoice:Warning: Failed to initialize voice interface
[2016.11.06-12.09.27:564][693]LogGameMode:Display: Match State Changed from EnteringMap to WaitingToStart
[2016.11.06-12.09.27:564][693]LogGameState: Match State Changed from EnteringMap to WaitingToStart
[2016.11.06-12.09.27:564][693]LogGameMode:Display: Match State Changed from WaitingToStart to InProgress
[2016.11.06-12.09.27:565][693]LogGameState: Match State Changed from WaitingToStart to InProgress
[2016.11.06-12.09.27:569][693]PIE: Info Play in editor start time for /Game/UnlimitedMultiplayer/UEDPIE_2_EntryPoint -0.676
[2016.11.06-12.09.27:577][693]PIE: New page: PIE session: EntryPoint (Nov 6, 2016, 2:09:27 PM)
[2016.11.06-12.09.27:577][693]LogPlayLevel: Creating play world package: /Game/UnlimitedMultiplayer/UEDPIE_3_EntryPoint
[2016.11.06-12.09.27:578][693]LogPlayLevel: PIE: StaticDuplicateObject took: (0.000808s)
[2016.11.06-12.09.27:579][693]LogAIModule: Creating AISystem for world EntryPoint
[2016.11.06-12.09.27:579][693]LogPlayLevel: PIE: World Init took: (0.000664s)
[2016.11.06-12.09.27:579][693]LogPlayLevel: PIE: Created PIE world by copying editor world from /Game/UnlimitedMultiplayer/EntryPoint.EntryPoint to /Game/UnlimitedMultiplayer/UEDPIE_3_EntryPoint.EntryPoint (0.001708s)
[2016.11.06-12.09.27:655][693]LogWorld: Game class is 'GameMode_Entry_Client_C'
[2016.11.06-12.09.27:657][693]LogWorld: Bringing World /Game/UnlimitedMultiplayer/UEDPIE_3_EntryPoint.EntryPoint up for play (max tick rate 0) at 2016.11.06-13.09.27
[2016.11.06-12.09.27:657][693]LogWorld: Bringing up level for play took: 0.000902
[2016.11.06-12.09.27:669][693]LogVoice:Warning: Failed to initialize voice interface
[2016.11.06-12.09.27:670][693]LogGameMode:Display: Match State Changed from EnteringMap to WaitingToStart
[2016.11.06-12.09.27:670][693]LogGameState: Match State Changed from EnteringMap to WaitingToStart
[2016.11.06-12.09.27:670][693]LogGameMode:Display: Match State Changed from WaitingToStart to InProgress
[2016.11.06-12.09.27:671][693]LogGameState: Match State Changed from WaitingToStart to InProgress
[2016.11.06-12.09.27:674][693]PIE: Info Play in editor start time for /Game/UnlimitedMultiplayer/UEDPIE_3_EntryPoint -0.571
[2016.11.06-12.09.29:742][884]LogNetVersion: GetLocalNetworkVersion: CL: 3106830, ProjectName: line, ProjectVersion: 1.0.0.0, EngineNetworkVersion: 1, GameNetworkVersion: 0, NetworkChecksum: 2310219306
[2016.11.06-12.09.29:742][884]LogInit: WinSock: I am Ark-Desktop-PC (192.168.178.62:0)
[2016.11.06-12.09.29:744][884]LogBlueprintUserMessages: [UnlimitedMultiplayerGameInstance_C_1] CreatedSession
[2016.11.06-12.09.29:747][884]LogGameMode:Display: Match State Changed from InProgress to LeavingMap
[2016.11.06-12.09.29:747][884]LogGameState: Match State Changed from InProgress to LeavingMap
[2016.11.06-12.09.29:747][884]LogNet: Browse: /Game/UnlimitedMultiplayer/Game?listen
[2016.11.06-12.09.29:747][884]LogLoadingSplash: Loading begins
[2016.11.06-12.09.29:749][884]LogHMD: Allocated a new swap texture set (size 16 x 16, mipcount = 5), 0x000002174E2C2200
[2016.11.06-12.09.29:749][884]LogHMD: FOculusRiftSplash::PushBlackFrame
[2016.11.06-12.09.29:749][884]LogHMD: FOculusRiftSplash::Show
[2016.11.06-12.09.29:750][884]LogLoad: LoadMap: /Game/UnlimitedMultiplayer/Game?listen
[2016.11.06-12.09.29:765][884]Cmd: MEM
[2016.11.06-12.09.29:781][884]LogMemory: Platform Memory Stats for Windows
[2016.11.06-12.09.29:781][884]LogMemory: Process Physical Memory: 1333.34 MB used, 1333.34 MB peak
[2016.11.06-12.09.29:781][884]LogMemory: Process Virtual Memory: 2303.08 MB used, 2303.09 MB peak
[2016.11.06-12.09.29:781][884]LogMemory: Physical Memory: 7064.46 MB used, 16278.30 MB total
[2016.11.06-12.09.29:781][884]LogMemory: Virtual Memory: 3098.17 MB used, 134217728.00 MB total
[2016.11.06-12.09.29:781][884]LogMemory: 
[2016.11.06-12.09.29:781][884]Allocator Stats for TBB: (not implemented)
[2016.11.06-12.09.30:314][884]LogAIModule: Creating AISystem for world Game
[2016.11.06-12.09.30:315][884]LogWorld: Game class is 'GameMode_Game_Client_C'
[2016.11.06-12.09.30:315][884]LogInit: WinSock: Socket queue 131072 / 131072
[2016.11.06-12.09.30:316][884]PacketHandlerLog: Loaded PacketHandler component: Engine.EngineHandlerComponentFactory (StatelessConnectHandlerComponent)
[2016.11.06-12.09.30:317][884]LogNet: GameNetDriver IpNetDriver_0 IpNetDriver listening on port 7777
[2016.11.06-12.09.30:319][884]LogWorld: Bringing World /Game/UnlimitedMultiplayer/UEDPIE_2_Game.Game up for play (max tick rate 0) at 2016.11.06-13.09.30
[2016.11.06-12.09.30:319][884]LogWorld: Bringing up level for play took: 0.001333
[2016.11.06-12.09.30:320][884]LogHMD: FOculusRiftSplash::Hide
[2016.11.06-12.09.30:321][884]LogHMD: Freeing textureSet 0x000002174E2C2200
[2016.11.06-12.09.30:323][884]LogHMD: Allocated a new swap texture set (size 16 x 16, mipcount = 5), 0x000002174E2C1C80
[2016.11.06-12.09.30:323][884]LogHMD: FOculusRiftSplash::PushBlackFrame
[2016.11.06-12.09.30:323][884]LogGameMode:Display: Match State Changed from EnteringMap to WaitingToStart
[2016.11.06-12.09.30:323][884]LogGameState: Match State Changed from EnteringMap to WaitingToStart
[2016.11.06-12.09.30:323][884]LogGameMode:Display: Match State Changed from WaitingToStart to InProgress
[2016.11.06-12.09.30:324][884]LogOnline:Warning: NULL: Can't start an online session (Game) in state InProgress
[2016.11.06-12.09.30:325][884]LogGameState: Match State Changed from WaitingToStart to InProgress
[2016.11.06-12.09.30:325][884]LogLoadingSplash: Loading ends
[2016.11.06-12.09.30:325][884]LogLoad: Took 0.575175 seconds to LoadMap(/Game/UnlimitedMultiplayer/Game)
[2016.11.06-12.09.30:694][911]OCULUS: Info: [HMDState] Requested to SetForegroundWindow(32051cll)
[2016.11.06-12.09.30:694][911]OCULUS: Info: [HMDState] Requested to SetForegroundWindow(32051cll)
[2016.11.06-12.09.30:705][912]OCULUS: Info: [HMDState] Requested to SetForegroundWindow(32051cll)
[2016.11.06-12.09.33:445][143]OCULUS: Info: [HMDState] Requested to SetForegroundWindow(506dell)
[2016.11.06-12.09.36:050][364]LogBlueprintUserMessages: [UnlimitedMultiplayerGameInstance_C_0] FoundSession
[2016.11.06-12.09.36:050][364]LogBlueprintUserMessages: [UnlimitedMultiplayerGameInstance_C_0] JoinedSession
[2016.11.06-12.09.36:050][364]LogGameMode:Display: Match State Changed from InProgress to LeavingMap
[2016.11.06-12.09.36:050][364]LogGameState: Match State Changed from InProgress to LeavingMap
[2016.11.06-12.09.36:050][364]LogNet: Browse: 192.168.178.62//Game/UnlimitedMultiplayer/EntryPoint
[2016.11.06-12.09.36:051][364]LogInit: WinSock: Socket queue 32768 / 32768
[2016.11.06-12.09.36:051][364]PacketHandlerLog: Loaded PacketHandler component: Engine.EngineHandlerComponentFactory (StatelessConnectHandlerComponent)
[2016.11.06-12.09.36:052][364]LogNet: Game client on port 7777, rate 10000
[2016.11.06-12.09.36:052][364]LogNet: UPendingNetGame::InitNetDriver: Sending hello. [UNetConnection] RemoteAddr: 192.168.178.62:7777, Name: IpConnection_0, Driver: PendingNetDriver IpNetDriver_1, IsServer: NO, PC: NULL, Owner: NULL
[2016.11.06-12.09.36:053][364]LogHandshake: SendConnectChallenge. Timestamp: 6.309424, Cookie: 059186019051215156001029196044038079206138159046226191212218
[2016.11.06-12.09.36:064][365]LogHandshake: SendChallengeResponse. Timestamp: 6.309424, Cookie: 059186019051215156001029196044038079206138159046226191212218
[2016.11.06-12.09.36:065][365]LogNet: Server accepting post-challenge connection from: 192.168.178.62:50712
[2016.11.06-12.09.36:065][365]PacketHandlerLog: Loaded PacketHandler component: Engine.EngineHandlerComponentFactory (StatelessConnectHandlerComponent)
[2016.11.06-12.09.36:065][365]LogNet: NotifyAcceptedConnection: Name: Game, TimeStamp: 11/06/16 13:09:36, [UNetConnection] RemoteAddr: 192.168.178.62:50712, Name: IpConnection_1, Driver: GameNetDriver IpNetDriver_0, IsServer: YES, PC: NULL, Owner: NULL
[2016.11.06-12.09.36:065][365]LogNet: AddClientConnection: Added client connection: [UNetConnection] RemoteAddr: 192.168.178.62:50712, Name: IpConnection_1, Driver: GameNetDriver IpNetDriver_0, IsServer: YES, PC: NULL, Owner: NULL
[2016.11.06-12.09.36:269][384]LogNet: NotifyAcceptingChannel Control 0 server World /Game/UnlimitedMultiplayer/UEDPIE_2_Game.Game: Accepted
[2016.11.06-12.09.36:269][384]LogNet: Remote platform little endian=1
[2016.11.06-12.09.36:270][384]LogNet: This platform little endian=1
[2016.11.06-12.09.36:281][385]LogNet: Login request: /Game/UnlimitedMultiplayer/EntryPoint?Name=Ark-Desktop-PC-3DFFDE59430760AD2913D9A8F3FB4DB6 userId: Ark-Desktop-PC-3DFFDE59430760AD2913D9A8F3FB4DB6
[2016.11.06-12.09.36:292][386]LogNet: Welcomed by server (Level: /Game/UnlimitedMultiplayer/UEDPIE_2_Game, Game: /Game/UnlimitedMultiplayer/GameMode/GameMode_Game_Client.GameMode_Game_Client_C)
[2016.11.06-12.09.36:292][386]LogLoadingSplash: Loading begins
[2016.11.06-12.09.36:293][386]LogHMD: Freeing textureSet 0x000002174E2C1C80
[2016.11.06-12.09.36:294][386]LogHMD: Allocated a new swap texture set (size 16 x 16, mipcount = 5), 0x000002174E2C3070
[2016.11.06-12.09.36:294][386]LogHMD: FOculusRiftSplash::PushBlackFrame
[2016.11.06-12.09.36:294][386]LogHMD: FOculusRiftSplash::Show
[2016.11.06-12.09.36:294][386]LogLoad: LoadMap: 192.168.178.62//Game/UnlimitedMultiplayer/UEDPIE_2_Game?game=/Game/UnlimitedMultiplayer/GameMode/GameMode_Game_Client.GameMode_Game_Client_C
[2016.11.06-12.09.36:309][386]LogHMD: FOculusRiftSplash::Tick, DELTA > 0.5 secs, ie: 0.0055 6.2087
[2016.11.06-12.09.36:310][386]Cmd: MEM
[2016.11.06-12.09.36:324][386]LogMemory: Platform Memory Stats for Windows
[2016.11.06-12.09.36:324][386]LogMemory: Process Physical Memory: 1366.41 MB used, 1375.82 MB peak
[2016.11.06-12.09.36:324][386]LogMemory: Process Virtual Memory: 2265.59 MB used, 2336.69 MB peak
[2016.11.06-12.09.36:324][386]LogMemory: Physical Memory: 7731.33 MB used, 16278.30 MB total
[2016.11.06-12.09.36:324][386]LogMemory: Virtual Memory: 3059.55 MB used, 134217728.00 MB total
[2016.11.06-12.09.36:324][386]LogMemory: 
[2016.11.06-12.09.36:324][386]Allocator Stats for TBB: (not implemented)
[2016.11.06-12.09.36:385][386]LogAIModule: Creating AISystem for world Game
[2016.11.06-12.09.36:386][386]LogWorld: Bringing World /Game/UnlimitedMultiplayer/UEDPIE_1_Game.Game up for play (max tick rate 0) at 2016.11.06-13.09.36
[2016.11.06-12.09.36:386][386]LogWorld: Bringing up level for play took: 0.000751
[2016.11.06-12.09.36:387][386]LogHMD: FOculusRiftSplash::Hide
[2016.11.06-12.09.36:388][386]LogHMD: Freeing textureSet 0x000002174E2C3070
[2016.11.06-12.09.36:389][386]LogHMD: Allocated a new swap texture set (size 16 x 16, mipcount = 5), 0x000002174E2C20A0
[2016.11.06-12.09.36:389][386]LogHMD: FOculusRiftSplash::PushBlackFrame
[2016.11.06-12.09.36:389][386]LogLoadingSplash: Loading ends
[2016.11.06-12.09.36:389][386]LogLoad: Took 0.095024 seconds to LoadMap(/Game/UnlimitedMultiplayer/UEDPIE_2_Game)
[2016.11.06-12.09.36:389][386]LogNet: Client netspeed is 10000
[2016.11.06-12.09.36:389][386]LogNet: Join request: /Game/UnlimitedMultiplayer/EntryPoint?Name=Ark-Desktop-PC-3DFFDE59430760AD2913D9A8F3FB4DB6?SplitscreenCount=1
[2016.11.06-12.09.36:392][386]LogBlueprintUserMessages: [GameMode_Game_Client_C_0] Server: Trying to spawn game.
[2016.11.06-12.09.36:393][386]LogNet: Join succeeded: Ark-Desktop-PC-3DFFD
[2016.11.06-12.09.37:980][530]LogBlueprintUserMessages: [UnlimitedMultiplayerGameInstance_C_2] FoundSession
[2016.11.06-12.09.37:980][530]LogBlueprintUserMessages: [UnlimitedMultiplayerGameInstance_C_2] JoinedSession
[2016.11.06-12.09.37:982][530]LogGameMode:Display: Match State Changed from InProgress to LeavingMap
[2016.11.06-12.09.37:982][530]LogGameState: Match State Changed from InProgress to LeavingMap
[2016.11.06-12.09.37:982][530]LogNet: Browse: 192.168.178.62//Game/UnlimitedMultiplayer/EntryPoint
[2016.11.06-12.09.37:982][530]LogInit: WinSock: Socket queue 32768 / 32768
[2016.11.06-12.09.37:982][530]PacketHandlerLog: Loaded PacketHandler component: Engine.EngineHandlerComponentFactory (StatelessConnectHandlerComponent)
[2016.11.06-12.09.37:982][530]LogNet: Game client on port 7777, rate 10000
[2016.11.06-12.09.37:983][530]LogNet: UPendingNetGame::InitNetDriver: Sending hello. [UNetConnection] RemoteAddr: 192.168.178.62:7777, Name: IpConnection_2, Driver: PendingNetDriver IpNetDriver_2, IsServer: NO, PC: NULL, Owner: NULL
[2016.11.06-12.09.37:993][531]LogHandshake: SendConnectChallenge. Timestamp: 8.251422, Cookie: 038026024088039250038105190047059172139009192232247216089147
[2016.11.06-12.09.37:993][531]LogHandshake: SendChallengeResponse. Timestamp: 8.251422, Cookie: 038026024088039250038105190047059172139009192232247216089147
[2016.11.06-12.09.38:004][532]LogNet: Server accepting post-challenge connection from: 192.168.178.62:50713
[2016.11.06-12.09.38:005][532]PacketHandlerLog: Loaded PacketHandler component: Engine.EngineHandlerComponentFactory (StatelessConnectHandlerComponent)
[2016.11.06-12.09.38:005][532]LogNet: NotifyAcceptedConnection: Name: Game, TimeStamp: 11/06/16 13:09:38, [UNetConnection] RemoteAddr: 192.168.178.62:50713, Name: IpConnection_3, Driver: GameNetDriver IpNetDriver_0, IsServer: YES, PC: NULL, Owner: NULL
[2016.11.06-12.09.38:005][532]LogNet: AddClientConnection: Added client connection: [UNetConnection] RemoteAddr: 192.168.178.62:50713, Name: IpConnection_3, Driver: GameNetDriver IpNetDriver_0, IsServer: YES, PC: NULL, Owner: NULL
[2016.11.06-12.09.38:212][551]LogNet: NotifyAcceptingChannel Control 0 server World /Game/UnlimitedMultiplayer/UEDPIE_2_Game.Game: Accepted
[2016.11.06-12.09.38:212][551]LogNet: Remote platform little endian=1
[2016.11.06-12.09.38:212][551]LogNet: This platform little endian=1
[2016.11.06-12.09.38:223][552]LogNet: Login request: /Game/UnlimitedMultiplayer/EntryPoint?Name=Ark-Desktop-PC-C039C7DF448A572BC09CBF80A54344F3 userId: Ark-Desktop-PC-C039C7DF448A572BC09CBF80A54344F3
[2016.11.06-12.09.38:223][552]LogNet: Welcomed by server (Level: /Game/UnlimitedMultiplayer/UEDPIE_2_Game, Game: /Game/UnlimitedMultiplayer/GameMode/GameMode_Game_Client.GameMode_Game_Client_C)
[2016.11.06-12.09.38:223][552]LogLoadingSplash: Loading begins
[2016.11.06-12.09.38:224][552]LogHMD: Freeing textureSet 0x000002174E2C20A0
[2016.11.06-12.09.38:225][552]LogHMD: Allocated a new swap texture set (size 16 x 16, mipcount = 5), 0x000002174E2C2AF0
[2016.11.06-12.09.38:225][552]LogHMD: FOculusRiftSplash::PushBlackFrame
[2016.11.06-12.09.38:225][552]LogHMD: FOculusRiftSplash::Show
[2016.11.06-12.09.38:225][552]LogLoad: LoadMap: 192.168.178.62//Game/UnlimitedMultiplayer/UEDPIE_2_Game?game=/Game/UnlimitedMultiplayer/GameMode/GameMode_Game_Client.GameMode_Game_Client_C
[2016.11.06-12.09.38:245][552]LogHMD: FOculusRiftSplash::Tick, DELTA > 0.5 secs, ie: 0.0062 1.9280
[2016.11.06-12.09.38:246][552]Cmd: MEM
[2016.11.06-12.09.38:260][552]LogMemory: Platform Memory Stats for Windows
[2016.11.06-12.09.38:260][552]LogMemory: Process Physical Memory: 1367.98 MB used, 1375.82 MB peak
[2016.11.06-12.09.38:260][552]LogMemory: Process Virtual Memory: 2325.50 MB used, 2336.69 MB peak
[2016.11.06-12.09.38:260][552]LogMemory: Physical Memory: 7734.98 MB used, 16278.30 MB total
[2016.11.06-12.09.38:260][552]LogMemory: Virtual Memory: 3120.67 MB used, 134217728.00 MB total
[2016.11.06-12.09.38:260][552]LogMemory: 
[2016.11.06-12.09.38:260][552]Allocator Stats for TBB: (not implemented)
[2016.11.06-12.09.38:263][552]LogAIModule: Creating AISystem for world Game
[2016.11.06-12.09.38:265][552]LogWorld: Bringing World /Game/UnlimitedMultiplayer/UEDPIE_3_Game.Game up for play (max tick rate 0) at 2016.11.06-13.09.38
[2016.11.06-12.09.38:265][552]LogWorld: Bringing up level for play took: 0.000961
[2016.11.06-12.09.38:265][552]LogHMD: FOculusRiftSplash::Hide
[2016.11.06-12.09.38:277][552]LogHMD: Freeing textureSet 0x000002174E2C2AF0
[2016.11.06-12.09.38:279][552]LogHMD: Allocated a new swap texture set (size 16 x 16, mipcount = 5), 0x000002174E2C36A0
[2016.11.06-12.09.38:279][552]LogHMD: FOculusRiftSplash::PushBlackFrame
[2016.11.06-12.09.38:279][552]LogLoadingSplash: Loading ends
[2016.11.06-12.09.38:279][552]LogLoad: Took 0.053842 seconds to LoadMap(/Game/UnlimitedMultiplayer/UEDPIE_2_Game)
[2016.11.06-12.09.38:296][553]LogNet: Client netspeed is 10000
[2016.11.06-12.09.38:296][553]LogNet: Join request: /Game/UnlimitedMultiplayer/EntryPoint?Name=Ark-Desktop-PC-C039C7DF448A572BC09CBF80A54344F3?SplitscreenCount=1
[2016.11.06-12.09.38:297][553]LogBlueprintUserMessages: [GameMode_Game_Client_C_0] Server: Trying to spawn game.
[2016.11.06-12.09.38:298][553]LogBlueprintUserMessages: [GameMode_Game_Client_C_0] Server: Spawing new game.
[2016.11.06-12.09.38:298][553]LogNet: Join succeeded: Ark-Desktop-PC-C039C
[2016.11.06-12.10.00:582][737]LogScriptCore:Warning: Script Msg: Attempted to access index -1 from array Path of length 0!
[2016.11.06-12.10.00:582][737]LogScriptCore:Warning: 
[2016.11.06-12.14.31:301][248]LogHMD: Destroying ovr session
[2016.11.06-12.14.31:302][248]LogHMD: Freeing textureSet 0x000002174E2C36A0
[2016.11.06-12.14.31:314][248]OCULUS: Info: [HMDState] Requested to SetForegroundWindow(506dell)
[2016.11.06-12.14.31:344][248]LogOnline:Display: NULL: FOnlineSubsystemNull::Shutdown()
[2016.11.06-12.14.31:353][248]LogWindowsTextInputMethodSystem:Display: IME system now deactivated.
[2016.11.06-12.14.31:381][248]LogOnline:Display: NULL: FOnlineSubsystemNull::Shutdown()
[2016.11.06-12.14.31:424][248]LogOnline:Display: NULL: FOnlineSubsystemNull::Shutdown()
[2016.11.06-12.14.31:425][248]LogPlayLevel:Display: Shutting down PIE online subsystems
[2016.11.06-12.14.31:449][248]LogNet: UChannel::CleanUp: ChIndex == 0. Closing connection. [UChannel] ChIndex: 0, Closing: 0 [UNetConnection] RemoteAddr: 192.168.178.62:50713, Name: IpConnection_3, Driver: GameNetDriver IpNetDriver_0, IsServer: YES, PC: PlayerController_Game_Client_C_2, Owner: PlayerController_Game_Client_C_2
[2016.11.06-12.14.31:449][248]LogNet: UNetConnection::Close: [UNetConnection] RemoteAddr: 192.168.178.62:50713, Name: IpConnection_3, Driver: GameNetDriver IpNetDriver_0, IsServer: YES, PC: PlayerController_Game_Client_C_2, Owner: PlayerController_Game_Client_C_2, Channels: 3, Time: 2016.11.06-12.14.31
[2016.11.06-12.14.31:449][248]LogNet: UChannel::Close: Sending CloseBunch. ChIndex == 0. Name: [UChannel] ChIndex: 0, Closing: 0 [UNetConnection] RemoteAddr: 192.168.178.62:50713, Name: IpConnection_3, Driver: GameNetDriver IpNetDriver_0, IsServer: YES, PC: PlayerController_Game_Client_C_2, Owner: PlayerController_Game_Client_C_2
[2016.11.06-12.14.31:449][248]LogNet: UChannel::CleanUp: ChIndex == 0. Closing connection. [UChannel] ChIndex: 0, Closing: 0 [UNetConnection] RemoteAddr: 192.168.178.62:7777, Name: IpConnection_2, Driver: GameNetDriver IpNetDriver_2, IsServer: NO, PC: PlayerController_Game_Client_C_0, Owner: PlayerController_Game_Client_C_0
[2016.11.06-12.14.31:449][248]LogNet: UNetConnection::Close: [UNetConnection] RemoteAddr: 192.168.178.62:7777, Name: IpConnection_2, Driver: GameNetDriver IpNetDriver_2, IsServer: NO, PC: PlayerController_Game_Client_C_0, Owner: PlayerController_Game_Client_C_0, Channels: 3, Time: 2016.11.06-12.14.31
[2016.11.06-12.14.31:449][248]LogNet: UChannel::Close: Sending CloseBunch. ChIndex == 0. Name: [UChannel] ChIndex: 0, Closing: 0 [UNetConnection] RemoteAddr: 192.168.178.62:7777, Name: IpConnection_2, Driver: GameNetDriver IpNetDriver_2, IsServer: NO, PC: PlayerController_Game_Client_C_0, Owner: PlayerController_Game_Client_C_0
[2016.11.06-12.14.31:449][248]LogNet: UChannel::CleanUp: ChIndex == 0. Closing connection. [UChannel] ChIndex: 0, Closing: 0 [UNetConnection] RemoteAddr: 192.168.178.62:50712, Name: IpConnection_1, Driver: GameNetDriver IpNetDriver_0, IsServer: YES, PC: PlayerController_Game_Client_C_1, Owner: PlayerController_Game_Client_C_1
[2016.11.06-12.14.31:449][248]LogNet: UNetConnection::Close: [UNetConnection] RemoteAddr: 192.168.178.62:50712, Name: IpConnection_1, Driver: GameNetDriver IpNetDriver_0, IsServer: YES, PC: PlayerController_Game_Client_C_1, Owner: PlayerController_Game_Client_C_1, Channels: 5, Time: 2016.11.06-12.14.31
[2016.11.06-12.14.31:449][248]LogNet: UChannel::Close: Sending CloseBunch. ChIndex == 0. Name: [UChannel] ChIndex: 0, Closing: 0 [UNetConnection] RemoteAddr: 192.168.178.62:50712, Name: IpConnection_1, Driver: GameNetDriver IpNetDriver_0, IsServer: YES, PC: PlayerController_Game_Client_C_1, Owner: PlayerController_Game_Client_C_1
[2016.11.06-12.14.31:449][248]LogNet: UChannel::CleanUp: ChIndex == 0. Closing connection. [UChannel] ChIndex: 0, Closing: 0 [UNetConnection] RemoteAddr: 192.168.178.62:7777, Name: IpConnection_0, Driver: GameNetDriver IpNetDriver_1, IsServer: NO, PC: PlayerController_Game_Client_C_0, Owner: PlayerController_Game_Client_C_0
[2016.11.06-12.14.31:449][248]LogNet: UNetConnection::Close: [UNetConnection] RemoteAddr: 192.168.178.62:7777, Name: IpConnection_0, Driver: GameNetDriver IpNetDriver_1, IsServer: NO, PC: PlayerController_Game_Client_C_0, Owner: PlayerController_Game_Client_C_0, Channels: 3, Time: 2016.11.06-12.14.31
[2016.11.06-12.14.31:449][248]LogNet: UChannel::Close: Sending CloseBunch. ChIndex == 0. Name: [UChannel] ChIndex: 0, Closing: 0 [UNetConnection] RemoteAddr: 192.168.178.62:7777, Name: IpConnection_0, Driver: GameNetDriver IpNetDriver_1, IsServer: NO, PC: PlayerController_Game_Client_C_0, Owner: PlayerController_Game_Client_C_0
[2016.11.06-12.14.31:459][248]LogExit: GameNetDriver None shut down
[2016.11.06-12.14.31:459][248]LogExit: GameNetDriver None shut down
[2016.11.06-12.14.31:459][248]LogExit: GameNetDriver None shut down
[2016.11.06-12.14.31:627][249]Cmd: QUIT_EDITOR
[2016.11.06-12.14.32:467][249]LogExit: Preparing to exit.
[2016.11.06-12.14.33:007][249]LogDirectoryWatcher: A directory notification for 'D:/Unreal Projects/Line/Content/' was aborted.
[2016.11.06-12.14.33:033][249]LogExit: Editor shut down
[2016.11.06-12.14.33:033][249]LogExit: Transaction tracking system shut down
[2016.11.06-12.14.33:194][249]LogObj: Freed 0b from 0 cluster array pools.
[2016.11.06-12.14.33:194][249]LogExit: Object subsystem successfully closed.
[2016.11.06-12.14.33:209][249]LogD3D11RHI: Shutdown
[2016.11.06-12.14.33:209][249]LogD3D11RHI: CleanupD3DDevice
[2016.11.06-12.14.33:307][249]LogD3D11RHI: ~FD3D11DynamicRHI
[2016.11.06-12.14.33:315][249]LogModuleManager: Shutting down and abandoning module MovieSceneCapture (240)
[2016.11.06-12.14.33:315][249]LogModuleManager: Shutting down and abandoning module SequencerWidgets (239)
[2016.11.06-12.14.33:315][249]LogModuleManager: Shutting down and abandoning module BlueprintGraph (238)
[2016.11.06-12.14.33:315][249]LogModuleManager: Shutting down and abandoning module BlueprintProfiler (237)
[2016.11.06-12.14.33:315][249]LogModuleManager: Shutting down and abandoning module HierarchicalLODOutliner (236)
[2016.11.06-12.14.33:315][249]LogModuleManager: Shutting down and abandoning module ExternalImagePicker (235)
[2016.11.06-12.14.33:315][249]LogModuleManager: Shutting down and abandoning module CrashTracker (234)
[2016.11.06-12.14.33:315][249]LogModuleManager: Shutting down and abandoning module SceneOutliner (233)
[2016.11.06-12.14.33:315][249]LogModuleManager: Shutting down and abandoning module WidgetCarousel (232)
[2016.11.06-12.14.33:315][249]LogModuleManager: Shutting down and abandoning module AddContentDialog (231)
[2016.11.06-12.14.33:315][249]LogDirectoryWatcher: A directory notification for 'D:/Unreal/Epic Games/4.13/FeaturePacks/' was aborted.
[2016.11.06-12.14.33:316][249]LogModuleManager: Shutting down and abandoning module GameplayTags (230)
[2016.11.06-12.14.33:316][249]LogModuleManager: Shutting down and abandoning module EditorWidgets (229)
[2016.11.06-12.14.33:316][249]LogModuleManager: Shutting down and abandoning module CollectionManager (228)
[2016.11.06-12.14.33:316][249]LogDirectoryWatcher: A directory notification for 'D:/Unreal Projects/Line/Content/Collections/' was aborted.
[2016.11.06-12.14.33:316][249]LogDirectoryWatcher: A directory notification for 'D:/Unreal Projects/Line/Content/Developers/ArkDesktop/Collections/' was aborted.
[2016.11.06-12.14.33:316][249]LogDirectoryWatcher: A directory notification for 'D:/Unreal Projects/Line/Saved/Collections/' was aborted.
[2016.11.06-12.14.33:316][249]LogModuleManager: Shutting down and abandoning module StatsViewer (227)
[2016.11.06-12.14.33:316][249]LogModuleManager: Shutting down and abandoning module FoliageEdit (226)
[2016.11.06-12.14.33:316][249]LogModuleManager: Shutting down and abandoning module LandscapeEditor (225)
[2016.11.06-12.14.33:316][249]LogModuleManager: Shutting down and abandoning module SceneDepthPickerMode (224)
[2016.11.06-12.14.33:316][249]LogModuleManager: Shutting down and abandoning module ActorPickerMode (223)
[2016.11.06-12.14.33:316][249]LogModuleManager: Shutting down and abandoning module GeometryMode (222)
[2016.11.06-12.14.33:316][249]LogModuleManager: Shutting down and abandoning module TextureAlignMode (221)
[2016.11.06-12.14.33:316][249]LogModuleManager: Shutting down and abandoning module BspMode (220)
[2016.11.06-12.14.33:316][249]LogModuleManager: Shutting down and abandoning module HardwareSurvey (219)
[2016.11.06-12.14.33:316][249]LogModuleManager: Shutting down and abandoning module SequenceRecorderSections (218)
[2016.11.06-12.14.33:316][249]LogModuleManager: Shutting down and abandoning module SequenceRecorder (217)
[2016.11.06-12.14.33:316][249]LogModuleManager: Shutting down and abandoning module AutomationWorker (216)
[2016.11.06-12.14.33:316][249]LogModuleManager: Shutting down and abandoning module MatineeToLevelSequence (215)
[2016.11.06-12.14.33:316][249]LogModuleManager: Shutting down and abandoning module PlacementMode (214)
[2016.11.06-12.14.33:316][249]LogModuleManager: Shutting down and abandoning module LevelSequenceEditor (213)
[2016.11.06-12.14.33:317][249]LogModuleManager: Shutting down and abandoning module WmfMediaFactory (212)
[2016.11.06-12.14.33:317][249]LogModuleManager: Shutting down and abandoning module WmfMediaEditor (211)
[2016.11.06-12.14.33:317][249]LogModuleManager: Shutting down and abandoning module AvfMediaFactory (210)
[2016.11.06-12.14.33:317][249]LogModuleManager: Shutting down and abandoning module AvfMediaEditor (209)
[2016.11.06-12.14.33:317][249]LogModuleManager: Shutting down and abandoning module Media (208)
[2016.11.06-12.14.33:317][249]LogModuleManager: Shutting down and abandoning module AndroidMediaFactory (207)
[2016.11.06-12.14.33:317][249]LogModuleManager: Shutting down and abandoning module AndroidMediaEditor (206)
[2016.11.06-12.14.33:317][249]LogModuleManager: Shutting down and abandoning module CharacterAI (205)
[2016.11.06-12.14.33:317][249]LogModuleManager: Shutting down and abandoning module SmartSnapping (204)
[2016.11.06-12.14.33:317][249]LogModuleManager: Shutting down and abandoning module SessionServices (203)
[2016.11.06-12.14.33:317][249]LogModuleManager: Shutting down and abandoning module ViewportSnapping (202)
[2016.11.06-12.14.33:317][249]LogModuleManager: Shutting down and abandoning module ViewportInteraction (201)
[2016.11.06-12.14.33:317][249]LogModuleManager: Shutting down and abandoning module LogVisualizer (200)
[2016.11.06-12.14.33:317][249]LogModuleManager: Shutting down and abandoning module GameProjectGeneration (199)
[2016.11.06-12.14.33:317][249]LogModuleManager: Shutting down and abandoning module IntroTutorials (198)
[2016.11.06-12.14.33:317][249]LogModuleManager: Shutting down and abandoning module EditorLiveStreaming (197)
[2016.11.06-12.14.33:317][249]LogModuleManager: Shutting down and abandoning module IOSPlatformEditor (196)
[2016.11.06-12.14.33:317][249]LogModuleManager: Shutting down and abandoning module HTML5PlatformEditor (195)
[2016.11.06-12.14.33:317][249]LogModuleManager: Shutting down and abandoning module AndroidDeviceDetection (194)
[2016.11.06-12.14.33:884][249]LogModuleManager: Shutting down and abandoning module AndroidPlatformEditor (193)
[2016.11.06-12.14.33:884][249]LogModuleManager: Shutting down and abandoning module IOSRuntimeSettings (192)
[2016.11.06-12.14.33:884][249]LogModuleManager: Shutting down and abandoning module AndroidRuntimeSettings (191)
[2016.11.06-12.14.33:884][249]LogModuleManager: Shutting down and abandoning module NiagaraEditor (190)
[2016.11.06-12.14.33:884][249]LogModuleManager: Shutting down and abandoning module MergeActors (189)
[2016.11.06-12.14.33:884][249]LogModuleManager: Shutting down and abandoning module SizeMap (188)
[2016.11.06-12.14.33:884][249]LogModuleManager: Shutting down and abandoning module TreeMap (187)
[2016.11.06-12.14.33:884][249]LogModuleManager: Shutting down and abandoning module ReferenceViewer (186)
[2016.11.06-12.14.33:884][249]LogModuleManager: Shutting down and abandoning module LocalizationService (185)
[2016.11.06-12.14.33:884][249]LogModuleManager: Shutting down and abandoning module LocalizationDashboard (184)
[2016.11.06-12.14.33:884][249]LogModuleManager: Shutting down and abandoning module HardwareTargeting (183)
[2016.11.06-12.14.33:884][249]LogModuleManager: Shutting down and abandoning module DeviceProfileEditor (182)
[2016.11.06-12.14.33:884][249]LogModuleManager: Shutting down and abandoning module UndoHistory (181)
[2016.11.06-12.14.33:884][249]LogModuleManager: Shutting down and abandoning module UserFeedback (180)
[2016.11.06-12.14.33:884][249]LogModuleManager: Shutting down and abandoning module XmlParser (179)
[2016.11.06-12.14.33:884][249]LogModuleManager: Shutting down and abandoning module Blutility (178)
[2016.11.06-12.14.33:884][249]LogModuleManager: Shutting down and abandoning module ProjectTargetPlatformEditor (177)
[2016.11.06-12.14.33:885][249]LogModuleManager: Shutting down and abandoning module ProjectSettingsViewer (176)
[2016.11.06-12.14.33:885][249]LogModuleManager: Shutting down and abandoning module InputBindingEditor (175)
[2016.11.06-12.14.33:885][249]LogModuleManager: Shutting down and abandoning module EditorSettingsViewer (174)
[2016.11.06-12.14.33:885][249]LogModuleManager: Shutting down and abandoning module SettingsEditor (173)
[2016.11.06-12.14.33:885][249]LogModuleManager: Shutting down and abandoning module ProjectLauncher (172)
[2016.11.06-12.14.33:885][249]LogModuleManager: Shutting down and abandoning module SessionFrontend (171)
[2016.11.06-12.14.33:885][249]LogModuleManager: Shutting down and abandoning module ProfilerClient (170)
[2016.11.06-12.14.33:885][249]LogModuleManager: Shutting down and abandoning module TargetDeviceServices (169)
[2016.11.06-12.14.33:885][249]LogModuleManager: Shutting down and abandoning module DeviceManager (168)
[2016.11.06-12.14.33:938][249]LogModuleManager: Shutting down and abandoning module AutomationController (167)
[2016.11.06-12.14.33:938][249]LogModuleManager: Shutting down and abandoning module AutomationWindow (166)
[2016.11.06-12.14.33:938][249]LogModuleManager: Shutting down and abandoning module Layers (165)
[2016.11.06-12.14.33:938][249]LogModuleManager: Shutting down and abandoning module ComponentVisualizers (164)
[2016.11.06-12.14.33:938][249]LogModuleManager: Shutting down and abandoning module DetailCustomizations (163)
[2016.11.06-12.14.33:938][249]LogModuleManager: Shutting down and abandoning module PackagesDialog (162)
[2016.11.06-12.14.33:938][249]LogModuleManager: Shutting down and abandoning module AnimGraph (161)
[2016.11.06-12.14.33:938][249]LogModuleManager: Shutting down and abandoning module Persona (160)
[2016.11.06-12.14.33:938][249]LogModuleManager: Shutting down and abandoning module Kismet (159)
[2016.11.06-12.14.33:943][249]LogModuleManager: Shutting down and abandoning module GraphEditor (158)
[2016.11.06-12.14.33:944][249]LogModuleManager: Shutting down and abandoning module ClassViewer (157)
[2016.11.06-12.14.33:944][249]LogModuleManager: Shutting down and abandoning module Toolbox (156)
[2016.11.06-12.14.33:944][249]LogModuleManager: Shutting down and abandoning module ModuleUI (155)
[2016.11.06-12.14.33:944][249]LogModuleManager: Shutting down and abandoning module MovieSceneTools (154)
[2016.11.06-12.14.33:944][249]LogModuleManager: Shutting down and abandoning module OutputLog (153)
[2016.11.06-12.14.33:944][249]LogModuleManager: Shutting down and abandoning module GammaUI (152)
[2016.11.06-12.14.33:944][249]LogModuleManager: Shutting down and abandoning module Documentation (151)
[2016.11.06-12.14.33:944][249]LogModuleManager: Shutting down and abandoning module Niagara (150)
[2016.11.06-12.14.33:944][249]LogModuleManager: Shutting down and abandoning module StreamingPauseRendering (149)
[2016.11.06-12.14.33:944][249]LogModuleManager: Shutting down and abandoning module AnalyticsET (148)
[2016.11.06-12.14.33:944][249]LogModuleManager: Shutting down and abandoning module PortalServices (147)
[2016.11.06-12.14.33:944][249]LogModuleManager: Shutting down and abandoning module PortalRpc (146)
[2016.11.06-12.14.33:944][249]LogModuleManager: Shutting down and abandoning module MessagingRpc (145)
[2016.11.06-12.14.33:944][249]LogModuleManager: Shutting down and abandoning module GameplayDebugger (144)
[2016.11.06-12.14.33:944][249]LogModuleManager: Shutting down and abandoning module AITestSuite (143)
[2016.11.06-12.14.33:944][249]LogModuleManager: Shutting down and abandoning module AIModule (142)
[2016.11.06-12.14.33:944][249]LogModuleManager: Shutting down and abandoning module ProfilerService (141)
[2016.11.06-12.14.34:106][249]LogModuleManager: Shutting down and abandoning module TaskGraph (140)
[2016.11.06-12.14.34:106][249]LogModuleManager: Shutting down and abandoning module SlateRemote (139)
[2016.11.06-12.14.34:106][249]LogModuleManager: Shutting down and abandoning module SteamVRController (138)
[2016.11.06-12.14.34:106][249]LogModuleManager: Shutting down and abandoning module SteamVR (137)
[2016.11.06-12.14.34:106][249]LogModuleManager: Shutting down and abandoning module ProceduralMeshComponentEditor (136)
[2016.11.06-12.14.34:106][249]LogModuleManager: Shutting down and abandoning module ProceduralMeshComponent (135)
[2016.11.06-12.14.34:106][249]LogModuleManager: Shutting down and abandoning module OculusLibrary (134)
[2016.11.06-12.14.34:106][249]LogModuleManager: Shutting down and abandoning module OculusInput (133)
[2016.11.06-12.14.34:106][249]LogModuleManager: Shutting down and abandoning module CustomMeshComponent (132)
[2016.11.06-12.14.34:106][249]LogModuleManager: Shutting down and abandoning module CableComponent (131)
[2016.11.06-12.14.34:106][249]LogModuleManager: Shutting down and abandoning module ArchVisCharacter (130)
[2016.11.06-12.14.34:106][249]LogModuleManager: Shutting down and abandoning module MediaPlayerEditor (129)
[2016.11.06-12.14.34:106][249]LogModuleManager: Shutting down and abandoning module HTML5Networking (128)
[2016.11.06-12.14.34:106][249]LogModuleManager: Shutting down and abandoning module GeometryCacheEd (127)
[2016.11.06-12.14.34:106][249]LogModuleManager: Shutting down and abandoning module GeometryCache (126)
[2016.11.06-12.14.34:106][249]LogModuleManager: Shutting down and abandoning module AlembicLibrary (125)
[2016.11.06-12.14.34:106][249]LogModuleManager: Shutting down and abandoning module AlembicImporter (124)
[2016.11.06-12.14.34:106][249]LogModuleManager: Shutting down and abandoning module SuperSearch (123)
[2016.11.06-12.14.34:106][249]LogModuleManager: Shutting down and abandoning module SuperSearchEditor (122)
[2016.11.06-12.14.34:106][249]LogModuleManager: Shutting down and abandoning module SpeedTreeImporter (121)
[2016.11.06-12.14.34:106][249]LogModuleManager: Shutting down and abandoning module PluginBrowser (120)
[2016.11.06-12.14.34:106][249]LogModuleManager: Shutting down and abandoning module MobileLauncherProfileWizard (119)
[2016.11.06-12.14.34:106][249]LogModuleManager: Shutting down and abandoning module EpicSurvey (118)
[2016.11.06-12.14.34:106][249]LogModuleManager: Shutting down and abandoning module DesktopPlatform (117)
[2016.11.06-12.14.34:106][249]LogModuleManager: Shutting down and abandoning module VisualStudioSourceCodeAccess (116)
[2016.11.06-12.14.34:106][249]LogModuleManager: Shutting down and abandoning module UObjectPlugin (115)
[2016.11.06-12.14.34:106][249]LogModuleManager: Shutting down and abandoning module SubversionSourceControl (114)
[2016.11.06-12.14.34:106][249]LogModuleManager: Shutting down and abandoning module PerforceSourceControl (113)
[2016.11.06-12.14.34:106][249]LogModuleManager: Shutting down and abandoning module SourceControl (112)
[2016.11.06-12.14.34:106][249]LogModuleManager: Shutting down and abandoning module GitSourceControl (111)
[2016.11.06-12.14.34:106][249]LogModuleManager: Shutting down and abandoning module LightPropagationVolumeEditor (110)
[2016.11.06-12.14.34:106][249]LogModuleManager: Shutting down and abandoning module PaperTiledImporter (109)
[2016.11.06-12.14.34:106][249]LogModuleManager: Shutting down and abandoning module PaperSpriteSheetImporter (108)
[2016.11.06-12.14.34:106][249]LogModuleManager: Shutting down and abandoning module MeshPaint (107)
[2016.11.06-12.14.34:106][249]LogModuleManager: Shutting down and abandoning module FbxAutomationBuilderModule (106)
[2016.11.06-12.14.34:106][249]LogModuleManager: Shutting down and abandoning module PixelInspectorModule (105)
[2016.11.06-12.14.34:106][249]LogModuleManager: Shutting down and abandoning module HotReload (104)
[2016.11.06-12.14.34:107][249]LogModuleManager: Shutting down and abandoning module MainFrame (103)
[2016.11.06-12.14.34:107][249]LogModuleManager: Shutting down and abandoning module LevelEditor (102)
[2016.11.06-12.14.34:107][249]LogModuleManager: Shutting down and abandoning module ContentBrowser (101)
[2016.11.06-12.14.34:108][249]LogModuleManager: Shutting down and abandoning module Paper2DEditor (100)
[2016.11.06-12.14.34:108][249]LogModuleManager: Shutting down and abandoning module UdpMessaging (99)
[2016.11.06-12.14.34:208][249]LogModuleManager: Shutting down and abandoning module TcpMessaging (98)
[2016.11.06-12.14.34:309][249]LogModuleManager: Shutting down and abandoning module LightPropagationVolumeRuntime (97)
[2016.11.06-12.14.34:309][249]LogModuleManager: Shutting down and abandoning module Paper2D (96)
[2016.11.06-12.14.34:309][249]LogModuleManager: Shutting down and abandoning module WindowsMoviePlayer (95)
[2016.11.06-12.14.34:309][249]LogModuleManager: Shutting down and abandoning module WmfMedia (94)
[2016.11.06-12.14.34:309][249]LogModuleManager: Shutting down and abandoning module MediaAssets (93)
[2016.11.06-12.14.34:309][249]LogModuleManager: Shutting down and abandoning module GameLiveStreaming (92)
[2016.11.06-12.14.34:309][249]LogModuleManager: Shutting down and abandoning module GameplayTagsEditor (91)
[2016.11.06-12.14.34:309][249]LogModuleManager: Shutting down and abandoning module VREditor (90)
[2016.11.06-12.14.34:309][249]LogModuleManager: Shutting down and abandoning module GameplayTasksEditor (89)
[2016.11.06-12.14.34:309][249]LogModuleManager: Shutting down and abandoning module PropertyEditor (88)
[2016.11.06-12.14.34:309][249]LogModuleManager: Shutting down and abandoning module BehaviorTreeEditor (87)
[2016.11.06-12.14.34:309][249]LogModuleManager: Shutting down and abandoning module FunctionalTesting (86)
[2016.11.06-12.14.34:309][249]LogModuleManager: Shutting down and abandoning module CollisionAnalyzer (85)
[2016.11.06-12.14.34:310][249]LogModuleManager: Shutting down and abandoning module Sequencer (84)
[2016.11.06-12.14.34:310][249]LogModuleManager: Shutting down and abandoning module WorkspaceMenuStructure (83)
[2016.11.06-12.14.34:310][249]LogModuleManager: Shutting down and abandoning module MessageLog (82)
[2016.11.06-12.14.34:310][249]LogModuleManager: Shutting down and abandoning module AssetTools (81)
[2016.11.06-12.14.34:310][249]LogModuleManager: Shutting down and abandoning module UMGEditor (80)
[2016.11.06-12.14.34:310][249]LogModuleManager: Shutting down and abandoning module UMG (79)
[2016.11.06-12.14.34:310][249]LogModuleManager: Shutting down and abandoning module SlateReflector (78)
[2016.11.06-12.14.34:310][249]LogModuleManager: Shutting down and abandoning module Slate (77)
[2016.11.06-12.14.34:310][249]LogModuleManager: Shutting down and abandoning module EditorStyle (76)
[2016.11.06-12.14.34:311][249]LogModuleManager: Shutting down and abandoning module SourceCodeAccess (75)
[2016.11.06-12.14.34:311][249]LogModuleManager: Shutting down and abandoning module HeadMountedDisplay (74)
[2016.11.06-12.14.34:311][249]LogModuleManager: Shutting down and abandoning module XAudio2 (73)
[2016.11.06-12.14.34:311][249]LogModuleManager: Shutting down and abandoning module Networking (72)
[2016.11.06-12.14.34:311][249]LogModuleManager: Shutting down and abandoning module Core (71)
[2016.11.06-12.14.34:311][249]LogModuleManager: Shutting down and abandoning module DirectoryWatcher (70)
[2016.11.06-12.14.34:311][249]LogDirectoryWatcher: A directory notification for '../../../Engine/Content/' was aborted.
[2016.11.06-12.14.34:312][249]LogDirectoryWatcher: A directory notification for '../../../../../../Unreal Projects/Line/Content/' was aborted.
[2016.11.06-12.14.34:312][249]LogDirectoryWatcher: A directory notification for '../../../Engine/Plugins/2D/Paper2D/Content/' was aborted.
[2016.11.06-12.14.34:313][249]LogModuleManager: Shutting down and abandoning module AssetRegistry (69)
[2016.11.06-12.14.34:565][249]LogModuleManager: Shutting down and abandoning module KismetCompiler (68)
[2016.11.06-12.14.34:565][249]LogModuleManager: Shutting down and abandoning module PhysXFormats (67)
[2016.11.06-12.14.34:565][249]LogModuleManager: Shutting down and abandoning module MeshUtilities (66)
[2016.11.06-12.14.34:565][249]LogModuleManager: Shutting down and abandoning module DerivedDataCache (65)
[2016.11.06-12.14.34:666][249]LogDerivedDataCache: Shutdown
[2016.11.06-12.14.34:666][249]LogModuleManager: Shutting down and abandoning module VulkanShaderFormat (64)
[2016.11.06-12.14.34:666][249]LogModuleManager: Shutting down and abandoning module ShaderFormatOpenGL (63)
[2016.11.06-12.14.34:666][249]LogModuleManager: Shutting down and abandoning module ShaderFormatD3D (62)
[2016.11.06-12.14.34:667][249]LogModuleManager: Shutting down and abandoning module MetalShaderFormat (61)
[2016.11.06-12.14.34:667][249]LogModuleManager: Shutting down and abandoning module TextureFormatUncompressed (60)
[2016.11.06-12.14.34:667][249]LogModuleManager: Shutting down and abandoning module TextureFormatPVR (59)
[2016.11.06-12.14.34:667][249]LogModuleManager: Shutting down and abandoning module TextureFormatDXT (58)
[2016.11.06-12.14.34:667][249]LogModuleManager: Shutting down and abandoning module TextureFormatIntelISPCTexComp (57)
[2016.11.06-12.14.34:667][249]LogModuleManager: Shutting down and abandoning module ImageWrapper (56)
[2016.11.06-12.14.34:667][249]LogModuleManager: Shutting down and abandoning module TextureFormatASTC (55)
[2016.11.06-12.14.34:667][249]LogModuleManager: Shutting down and abandoning module TextureFormatAndroid (54)
[2016.11.06-12.14.34:667][249]LogModuleManager: Shutting down and abandoning module AudioFormatOpus (53)
[2016.11.06-12.14.34:667][249]LogModuleManager: Shutting down and abandoning module AudioFormatOgg (52)
[2016.11.06-12.14.34:667][249]LogModuleManager: Shutting down and abandoning module AudioFormatADPCM (51)
[2016.11.06-12.14.34:667][249]LogModuleManager: Shutting down and abandoning module LinuxTargetPlatform (50)
[2016.11.06-12.14.34:667][249]LogModuleManager: Shutting down and abandoning module LinuxServerTargetPlatform (49)
[2016.11.06-12.14.34:667][249]LogModuleManager: Shutting down and abandoning module LinuxNoEditorTargetPlatform (48)
[2016.11.06-12.14.34:667][249]LogModuleManager: Shutting down and abandoning module LinuxClientTargetPlatform (47)
[2016.11.06-12.14.34:667][249]LogModuleManager: Shutting down and abandoning module TVOSTargetPlatform (46)
[2016.11.06-12.14.34:667][249]LogModuleManager: Shutting down and abandoning module Messaging (45)
[2016.11.06-12.14.34:667][249]LogModuleManager: Shutting down and abandoning module IOSTargetPlatform (44)
[2016.11.06-12.14.34:667][249]LogModuleManager: Shutting down and abandoning module HTML5TargetPlatform (43)
[2016.11.06-12.14.34:667][249]LogModuleManager: Shutting down and abandoning module Android_PVRTCTargetPlatform (42)
[2016.11.06-12.14.34:667][249]LogModuleManager: Shutting down and abandoning module Android_MultiTargetPlatform (41)
[2016.11.06-12.14.34:667][249]LogModuleManager: Shutting down and abandoning module Android_ETC2TargetPlatform (40)
[2016.11.06-12.14.34:667][249]LogModuleManager: Shutting down and abandoning module Android_ETC1TargetPlatform (39)
[2016.11.06-12.14.34:667][249]LogModuleManager: Shutting down and abandoning module Android_DXTTargetPlatform (38)
[2016.11.06-12.14.34:667][249]LogModuleManager: Shutting down and abandoning module Android_ATCTargetPlatform (37)
[2016.11.06-12.14.34:667][249]LogModuleManager: Shutting down and abandoning module Android_ASTCTargetPlatform (36)
[2016.11.06-12.14.34:667][249]LogModuleManager: Shutting down and abandoning module AndroidTargetPlatform (35)
[2016.11.06-12.14.34:667][249]LogModuleManager: Shutting down and abandoning module WindowsTargetPlatform (34)
[2016.11.06-12.14.34:667][249]LogModuleManager: Shutting down and abandoning module WindowsServerTargetPlatform (33)
[2016.11.06-12.14.34:667][249]LogModuleManager: Shutting down and abandoning module WindowsNoEditorTargetPlatform (32)
[2016.11.06-12.14.34:667][249]LogModuleManager: Shutting down and abandoning module WindowsClientTargetPlatform (31)
[2016.11.06-12.14.34:667][249]LogModuleManager: Shutting down and abandoning module AllDesktopTargetPlatform (30)
[2016.11.06-12.14.34:667][249]LogModuleManager: Shutting down and abandoning module TargetPlatform (29)
[2016.11.06-12.14.34:667][249]LogModuleManager: Shutting down and abandoning module InputCore (28)
[2016.11.06-12.14.34:667][249]LogModuleManager: Shutting down and abandoning module Settings (27)
[2016.11.06-12.14.34:667][249]LogModuleManager: Shutting down and abandoning module OculusRift (26)
[2016.11.06-12.14.34:668][249]LogHMD: Oculus shutdown.
[2016.11.06-12.14.34:668][249]LogModuleManager: Shutting down and abandoning module GearVR (25)
[2016.11.06-12.14.34:668][249]LogModuleManager: Shutting down and abandoning module ExampleDeviceProfileSelector (24)
[2016.11.06-12.14.34:668][249]LogModuleManager: Shutting down and abandoning module OnlineBlueprintSupport (23)
[2016.11.06-12.14.34:668][249]LogModuleManager: Shutting down and abandoning module Voice (21)
[2016.11.06-12.14.34:668][249]LogModuleManager: Shutting down and abandoning module OnlineSubsystem (17)
[2016.11.06-12.14.34:668][249]LogOnline:Display: NULL: FOnlineSubsystemNull::Shutdown()
[2016.11.06-12.14.34:668][249]LogOnline:Display: NULL: FOnlineSubsystemNull::Shutdown()
[2016.11.06-12.14.34:668][249]LogOnline:Display: NULL: FOnlineSubsystemNull::Shutdown()
[2016.11.06-12.14.34:668][249]LogOnline:Display: NULL: FOnlineSubsystemNull::Shutdown()
[2016.11.06-12.14.34:668][249]LogOnline:Display: Unloading online subsystem: NULL
[2016.11.06-12.14.34:668][249]LogModuleManager: Shutting down and abandoning module HTTP (16)
[2016.11.06-12.14.34:668][249]LogHttp:Display: Http module shutting down, but needs to wait on 1 outstanding Http requests:
[2016.11.06-12.14.34:668][249]LogHttp:Display: 	verb=[POST] url=[https://datarouter.ol.epicgames.com/datarouter/api/v1/public/data?SessionID=%7B651F030C-4403-8967-7CA9-B0ABC4679426%7D&AppID=UEEditor.Rocket.Release&AppVersion=4.13.2-3172292%2B%2B%2BUE4%2BRelease-4.13&UserID=eb15e5974af7e7946f861eab73c34dd9%7Cdbf7635107814d3faf27d05a6c4fa286%7C056ba74e-6cae-45fa-a20d-fb9af1faa7fd&AppEnvironment=datacollector-binary&UploadType=eteventstream] status=Processing
[2016.11.06-12.14.34:690][249]LogModuleManager: Shutting down and abandoning module XMPP (15)
[2016.11.06-12.14.34:690][249]LogModuleManager: Shutting down and abandoning module TextureCompressor (14)
[2016.11.06-12.14.34:690][249]LogModuleManager: Shutting down and abandoning module ShaderCore (13)
[2016.11.06-12.14.34:690][249]LogModuleManager: Shutting down and abandoning module Landscape (12)
[2016.11.06-12.14.34:690][249]LogModuleManager: Shutting down and abandoning module SlateRHIRenderer (11)
[2016.11.06-12.14.34:691][249]LogModuleManager: Shutting down and abandoning module OpenGLDrv (10)
[2016.11.06-12.14.34:691][249]LogModuleManager: Shutting down and abandoning module D3D11RHI (9)
[2016.11.06-12.14.34:691][249]LogModuleManager: Shutting down and abandoning module AnimGraphRuntime (8)
[2016.11.06-12.14.34:691][249]LogModuleManager: Shutting down and abandoning module Renderer (7)
[2016.11.06-12.14.34:691][249]LogModuleManager: Shutting down and abandoning module Engine (6)
[2016.11.06-12.14.34:691][249]LogModuleManager: Shutting down and abandoning module CoreUObject (5)
[2016.11.06-12.14.34:691][249]LogModuleManager: Shutting down and abandoning module NetworkFile (4)
[2016.11.06-12.14.34:691][249]LogModuleManager: Shutting down and abandoning module StreamingFile (3)
[2016.11.06-12.14.34:691][249]LogModuleManager: Shutting down and abandoning module SandboxFile (2)
[2016.11.06-12.14.34:691][249]LogModuleManager: Shutting down and abandoning module PakFile (1)
[2016.11.06-12.14.34:693][249]LogExit: Exiting.
[2016.11.06-12.14.34:698][249]Log file closed, 11/06/16 13:14:34
